[2024-08-11T08:29:43.384+0000] {processor.py:161} INFO - Started process (PID=2868) to work on /home/ubuntu/zilloapi/lib/python3.12/site-packages/airflow/example_dags/plugins/decreasing_priority_weight_strategy.py
[2024-08-11T08:29:43.385+0000] {processor.py:830} INFO - Processing file /home/ubuntu/zilloapi/lib/python3.12/site-packages/airflow/example_dags/plugins/decreasing_priority_weight_strategy.py for tasks to queue
[2024-08-11T08:29:43.386+0000] {logging_mixin.py:188} INFO - [2024-08-11T08:29:43.386+0000] {dagbag.py:545} INFO - Filling up the DagBag from /home/ubuntu/zilloapi/lib/python3.12/site-packages/airflow/example_dags/plugins/decreasing_priority_weight_strategy.py
[2024-08-11T08:29:43.389+0000] {processor.py:842} WARNING - No viable dags retrieved from /home/ubuntu/zilloapi/lib/python3.12/site-packages/airflow/example_dags/plugins/decreasing_priority_weight_strategy.py
[2024-08-11T08:29:43.398+0000] {processor.py:183} INFO - Processing /home/ubuntu/zilloapi/lib/python3.12/site-packages/airflow/example_dags/plugins/decreasing_priority_weight_strategy.py took 0.020 seconds
[2024-08-11T08:30:35.817+0000] {processor.py:161} INFO - Started process (PID=3020) to work on /home/ubuntu/zilloapi/lib/python3.12/site-packages/airflow/example_dags/plugins/decreasing_priority_weight_strategy.py
[2024-08-11T08:30:35.819+0000] {processor.py:830} INFO - Processing file /home/ubuntu/zilloapi/lib/python3.12/site-packages/airflow/example_dags/plugins/decreasing_priority_weight_strategy.py for tasks to queue
[2024-08-11T08:30:35.820+0000] {logging_mixin.py:188} INFO - [2024-08-11T08:30:35.820+0000] {dagbag.py:545} INFO - Filling up the DagBag from /home/ubuntu/zilloapi/lib/python3.12/site-packages/airflow/example_dags/plugins/decreasing_priority_weight_strategy.py
[2024-08-11T08:30:35.822+0000] {processor.py:842} WARNING - No viable dags retrieved from /home/ubuntu/zilloapi/lib/python3.12/site-packages/airflow/example_dags/plugins/decreasing_priority_weight_strategy.py
[2024-08-11T08:30:35.833+0000] {processor.py:183} INFO - Processing /home/ubuntu/zilloapi/lib/python3.12/site-packages/airflow/example_dags/plugins/decreasing_priority_weight_strategy.py took 0.022 seconds
[2024-08-11T08:31:19.748+0000] {processor.py:161} INFO - Started process (PID=3234) to work on /home/ubuntu/zilloapi/lib/python3.12/site-packages/airflow/example_dags/plugins/decreasing_priority_weight_strategy.py
[2024-08-11T08:31:19.750+0000] {processor.py:830} INFO - Processing file /home/ubuntu/zilloapi/lib/python3.12/site-packages/airflow/example_dags/plugins/decreasing_priority_weight_strategy.py for tasks to queue
[2024-08-11T08:31:19.751+0000] {logging_mixin.py:188} INFO - [2024-08-11T08:31:19.751+0000] {dagbag.py:545} INFO - Filling up the DagBag from /home/ubuntu/zilloapi/lib/python3.12/site-packages/airflow/example_dags/plugins/decreasing_priority_weight_strategy.py
[2024-08-11T08:31:19.753+0000] {processor.py:842} WARNING - No viable dags retrieved from /home/ubuntu/zilloapi/lib/python3.12/site-packages/airflow/example_dags/plugins/decreasing_priority_weight_strategy.py
[2024-08-11T08:31:19.761+0000] {processor.py:183} INFO - Processing /home/ubuntu/zilloapi/lib/python3.12/site-packages/airflow/example_dags/plugins/decreasing_priority_weight_strategy.py took 0.017 seconds
[2024-08-11T08:32:00.831+0000] {processor.py:161} INFO - Started process (PID=3286) to work on /home/ubuntu/zilloapi/lib/python3.12/site-packages/airflow/example_dags/plugins/decreasing_priority_weight_strategy.py
[2024-08-11T08:32:00.833+0000] {processor.py:830} INFO - Processing file /home/ubuntu/zilloapi/lib/python3.12/site-packages/airflow/example_dags/plugins/decreasing_priority_weight_strategy.py for tasks to queue
[2024-08-11T08:32:00.836+0000] {logging_mixin.py:188} INFO - [2024-08-11T08:32:00.835+0000] {dagbag.py:545} INFO - Filling up the DagBag from /home/ubuntu/zilloapi/lib/python3.12/site-packages/airflow/example_dags/plugins/decreasing_priority_weight_strategy.py
[2024-08-11T08:32:00.837+0000] {processor.py:842} WARNING - No viable dags retrieved from /home/ubuntu/zilloapi/lib/python3.12/site-packages/airflow/example_dags/plugins/decreasing_priority_weight_strategy.py
[2024-08-11T08:32:00.848+0000] {processor.py:183} INFO - Processing /home/ubuntu/zilloapi/lib/python3.12/site-packages/airflow/example_dags/plugins/decreasing_priority_weight_strategy.py took 0.022 seconds
[2024-08-11T08:32:39.819+0000] {processor.py:161} INFO - Started process (PID=3326) to work on /home/ubuntu/zilloapi/lib/python3.12/site-packages/airflow/example_dags/plugins/decreasing_priority_weight_strategy.py
[2024-08-11T08:32:39.821+0000] {processor.py:830} INFO - Processing file /home/ubuntu/zilloapi/lib/python3.12/site-packages/airflow/example_dags/plugins/decreasing_priority_weight_strategy.py for tasks to queue
[2024-08-11T08:32:39.823+0000] {logging_mixin.py:188} INFO - [2024-08-11T08:32:39.822+0000] {dagbag.py:545} INFO - Filling up the DagBag from /home/ubuntu/zilloapi/lib/python3.12/site-packages/airflow/example_dags/plugins/decreasing_priority_weight_strategy.py
[2024-08-11T08:32:39.824+0000] {processor.py:842} WARNING - No viable dags retrieved from /home/ubuntu/zilloapi/lib/python3.12/site-packages/airflow/example_dags/plugins/decreasing_priority_weight_strategy.py
[2024-08-11T08:32:39.835+0000] {processor.py:183} INFO - Processing /home/ubuntu/zilloapi/lib/python3.12/site-packages/airflow/example_dags/plugins/decreasing_priority_weight_strategy.py took 0.022 seconds
[2024-08-11T08:33:21.356+0000] {processor.py:161} INFO - Started process (PID=3370) to work on /home/ubuntu/zilloapi/lib/python3.12/site-packages/airflow/example_dags/plugins/decreasing_priority_weight_strategy.py
[2024-08-11T08:33:21.358+0000] {processor.py:830} INFO - Processing file /home/ubuntu/zilloapi/lib/python3.12/site-packages/airflow/example_dags/plugins/decreasing_priority_weight_strategy.py for tasks to queue
[2024-08-11T08:33:21.359+0000] {logging_mixin.py:188} INFO - [2024-08-11T08:33:21.359+0000] {dagbag.py:545} INFO - Filling up the DagBag from /home/ubuntu/zilloapi/lib/python3.12/site-packages/airflow/example_dags/plugins/decreasing_priority_weight_strategy.py
[2024-08-11T08:33:21.361+0000] {processor.py:842} WARNING - No viable dags retrieved from /home/ubuntu/zilloapi/lib/python3.12/site-packages/airflow/example_dags/plugins/decreasing_priority_weight_strategy.py
[2024-08-11T08:33:21.372+0000] {processor.py:183} INFO - Processing /home/ubuntu/zilloapi/lib/python3.12/site-packages/airflow/example_dags/plugins/decreasing_priority_weight_strategy.py took 0.023 seconds
[2024-08-11T08:34:09.855+0000] {processor.py:161} INFO - Started process (PID=3423) to work on /home/ubuntu/zilloapi/lib/python3.12/site-packages/airflow/example_dags/plugins/decreasing_priority_weight_strategy.py
[2024-08-11T08:34:09.857+0000] {processor.py:830} INFO - Processing file /home/ubuntu/zilloapi/lib/python3.12/site-packages/airflow/example_dags/plugins/decreasing_priority_weight_strategy.py for tasks to queue
[2024-08-11T08:34:09.858+0000] {logging_mixin.py:188} INFO - [2024-08-11T08:34:09.858+0000] {dagbag.py:545} INFO - Filling up the DagBag from /home/ubuntu/zilloapi/lib/python3.12/site-packages/airflow/example_dags/plugins/decreasing_priority_weight_strategy.py
[2024-08-11T08:34:09.861+0000] {processor.py:842} WARNING - No viable dags retrieved from /home/ubuntu/zilloapi/lib/python3.12/site-packages/airflow/example_dags/plugins/decreasing_priority_weight_strategy.py
[2024-08-11T08:34:09.872+0000] {processor.py:183} INFO - Processing /home/ubuntu/zilloapi/lib/python3.12/site-packages/airflow/example_dags/plugins/decreasing_priority_weight_strategy.py took 0.023 seconds
[2024-08-11T08:34:51.534+0000] {processor.py:161} INFO - Started process (PID=3470) to work on /home/ubuntu/zilloapi/lib/python3.12/site-packages/airflow/example_dags/plugins/decreasing_priority_weight_strategy.py
[2024-08-11T08:34:51.537+0000] {processor.py:830} INFO - Processing file /home/ubuntu/zilloapi/lib/python3.12/site-packages/airflow/example_dags/plugins/decreasing_priority_weight_strategy.py for tasks to queue
[2024-08-11T08:34:51.538+0000] {logging_mixin.py:188} INFO - [2024-08-11T08:34:51.538+0000] {dagbag.py:545} INFO - Filling up the DagBag from /home/ubuntu/zilloapi/lib/python3.12/site-packages/airflow/example_dags/plugins/decreasing_priority_weight_strategy.py
[2024-08-11T08:34:51.540+0000] {processor.py:842} WARNING - No viable dags retrieved from /home/ubuntu/zilloapi/lib/python3.12/site-packages/airflow/example_dags/plugins/decreasing_priority_weight_strategy.py
[2024-08-11T08:34:51.551+0000] {processor.py:183} INFO - Processing /home/ubuntu/zilloapi/lib/python3.12/site-packages/airflow/example_dags/plugins/decreasing_priority_weight_strategy.py took 0.022 seconds
