[2024-08-11T08:38:01.158+0000] {local_task_job_runner.py:120} INFO - ::group::Pre task execution logs
[2024-08-11T08:38:01.172+0000] {taskinstance.py:2076} INFO - Dependencies all met for dep_context=non-requeueable deps ti=<TaskInstance: Zillow_Analytics_DAG.tsk_extract_zillow_data_var scheduled__2024-08-10T00:00:00+00:00 [queued]>
[2024-08-11T08:38:01.185+0000] {taskinstance.py:2076} INFO - Dependencies all met for dep_context=requeueable deps ti=<TaskInstance: Zillow_Analytics_DAG.tsk_extract_zillow_data_var scheduled__2024-08-10T00:00:00+00:00 [queued]>
[2024-08-11T08:38:01.185+0000] {taskinstance.py:2306} INFO - Starting attempt 1 of 3
[2024-08-11T08:38:01.201+0000] {taskinstance.py:2330} INFO - Executing <Task(PythonOperator): tsk_extract_zillow_data_var> on 2024-08-10 00:00:00+00:00
[2024-08-11T08:38:01.203+0000] {standard_task_runner.py:64} INFO - Started process 3553 to run task
[2024-08-11T08:38:01.205+0000] {standard_task_runner.py:90} INFO - Running: ['airflow', 'tasks', 'run', 'Zillow_Analytics_DAG', 'tsk_extract_zillow_data_var', 'scheduled__2024-08-10T00:00:00+00:00', '--job-id', '7', '--raw', '--subdir', 'DAGS_FOLDER/zillowrapidapi.py', '--cfg-path', '/tmp/tmpi0qazw94']
[2024-08-11T08:38:01.207+0000] {standard_task_runner.py:91} INFO - Job 7: Subtask tsk_extract_zillow_data_var
[2024-08-11T08:38:01.243+0000] {task_command.py:426} INFO - Running <TaskInstance: Zillow_Analytics_DAG.tsk_extract_zillow_data_var scheduled__2024-08-10T00:00:00+00:00 [running]> on host ip-172-31-11-55.ap-south-1.compute.internal
[2024-08-11T08:38:01.308+0000] {taskinstance.py:2648} INFO - Exporting env vars: AIRFLOW_CTX_DAG_EMAIL='vkkr800@gmail.com' AIRFLOW_CTX_DAG_OWNER='airflow' AIRFLOW_CTX_DAG_ID='Zillow_Analytics_DAG' AIRFLOW_CTX_TASK_ID='tsk_extract_zillow_data_var' AIRFLOW_CTX_EXECUTION_DATE='2024-08-10T00:00:00+00:00' AIRFLOW_CTX_TRY_NUMBER='1' AIRFLOW_CTX_DAG_RUN_ID='scheduled__2024-08-10T00:00:00+00:00'
[2024-08-11T08:38:01.308+0000] {taskinstance.py:430} INFO - ::endgroup::
[2024-08-11T08:38:02.723+0000] {python.py:237} INFO - Done. Returned value was: ['/home/ubuntu/response_data_11082024083801.json', 'response_data_11082024083801.csv']
[2024-08-11T08:38:02.724+0000] {taskinstance.py:441} INFO - ::group::Post task execution logs
[2024-08-11T08:38:02.741+0000] {taskinstance.py:1206} INFO - Marking task as SUCCESS. dag_id=Zillow_Analytics_DAG, task_id=tsk_extract_zillow_data_var, run_id=scheduled__2024-08-10T00:00:00+00:00, execution_date=20240810T000000, start_date=20240811T083801, end_date=20240811T083802
[2024-08-11T08:38:02.784+0000] {local_task_job_runner.py:243} INFO - Task exited with return code 0
[2024-08-11T08:38:02.796+0000] {taskinstance.py:3503} INFO - 1 downstream tasks scheduled from follow-on schedule check
[2024-08-11T08:38:02.806+0000] {local_task_job_runner.py:222} INFO - ::endgroup::
[2024-08-11T13:32:42.905+0000] {local_task_job_runner.py:120} INFO - ::group::Pre task execution logs
[2024-08-11T13:32:42.916+0000] {taskinstance.py:2076} INFO - Dependencies all met for dep_context=non-requeueable deps ti=<TaskInstance: Zillow_Analytics_DAG.tsk_extract_zillow_data_var scheduled__2024-08-10T00:00:00+00:00 [queued]>
[2024-08-11T13:32:42.921+0000] {taskinstance.py:2076} INFO - Dependencies all met for dep_context=requeueable deps ti=<TaskInstance: Zillow_Analytics_DAG.tsk_extract_zillow_data_var scheduled__2024-08-10T00:00:00+00:00 [queued]>
[2024-08-11T13:32:42.921+0000] {taskinstance.py:2306} INFO - Starting attempt 1 of 3
[2024-08-11T13:32:42.938+0000] {taskinstance.py:2330} INFO - Executing <Task(PythonOperator): tsk_extract_zillow_data_var> on 2024-08-10 00:00:00+00:00
[2024-08-11T13:32:42.941+0000] {standard_task_runner.py:64} INFO - Started process 6935 to run task
[2024-08-11T13:32:42.943+0000] {standard_task_runner.py:90} INFO - Running: ['airflow', 'tasks', 'run', 'Zillow_Analytics_DAG', 'tsk_extract_zillow_data_var', 'scheduled__2024-08-10T00:00:00+00:00', '--job-id', '74', '--raw', '--subdir', 'DAGS_FOLDER/zillowrapidapi.py', '--cfg-path', '/tmp/tmpv1ybg3nj']
[2024-08-11T13:32:42.944+0000] {standard_task_runner.py:91} INFO - Job 74: Subtask tsk_extract_zillow_data_var
[2024-08-11T13:32:42.984+0000] {task_command.py:426} INFO - Running <TaskInstance: Zillow_Analytics_DAG.tsk_extract_zillow_data_var scheduled__2024-08-10T00:00:00+00:00 [running]> on host ip-172-31-11-55.ap-south-1.compute.internal
[2024-08-11T13:32:43.052+0000] {taskinstance.py:2648} INFO - Exporting env vars: AIRFLOW_CTX_DAG_EMAIL='vkkr800@gmail.com' AIRFLOW_CTX_DAG_OWNER='airflow' AIRFLOW_CTX_DAG_ID='Zillow_Analytics_DAG' AIRFLOW_CTX_TASK_ID='tsk_extract_zillow_data_var' AIRFLOW_CTX_EXECUTION_DATE='2024-08-10T00:00:00+00:00' AIRFLOW_CTX_TRY_NUMBER='1' AIRFLOW_CTX_DAG_RUN_ID='scheduled__2024-08-10T00:00:00+00:00'
[2024-08-11T13:32:43.052+0000] {taskinstance.py:430} INFO - ::endgroup::
[2024-08-11T13:32:44.717+0000] {python.py:237} INFO - Done. Returned value was: ['/home/ubuntu/response_data_11082024133242.json', 'response_data_11082024133242.csv']
[2024-08-11T13:32:44.717+0000] {taskinstance.py:441} INFO - ::group::Post task execution logs
[2024-08-11T13:32:44.737+0000] {taskinstance.py:1206} INFO - Marking task as SUCCESS. dag_id=Zillow_Analytics_DAG, task_id=tsk_extract_zillow_data_var, run_id=scheduled__2024-08-10T00:00:00+00:00, execution_date=20240810T000000, start_date=20240811T133242, end_date=20240811T133244
[2024-08-11T13:32:44.766+0000] {local_task_job_runner.py:243} INFO - Task exited with return code 0
[2024-08-11T13:32:44.784+0000] {taskinstance.py:3503} INFO - 1 downstream tasks scheduled from follow-on schedule check
[2024-08-11T13:32:44.794+0000] {local_task_job_runner.py:222} INFO - ::endgroup::
[2024-08-11T13:35:01.528+0000] {local_task_job_runner.py:120} INFO - ::group::Pre task execution logs
[2024-08-11T13:35:01.539+0000] {taskinstance.py:2076} INFO - Dependencies all met for dep_context=non-requeueable deps ti=<TaskInstance: Zillow_Analytics_DAG.tsk_extract_zillow_data_var scheduled__2024-08-10T00:00:00+00:00 [queued]>
[2024-08-11T13:35:01.544+0000] {taskinstance.py:2076} INFO - Dependencies all met for dep_context=requeueable deps ti=<TaskInstance: Zillow_Analytics_DAG.tsk_extract_zillow_data_var scheduled__2024-08-10T00:00:00+00:00 [queued]>
[2024-08-11T13:35:01.545+0000] {taskinstance.py:2306} INFO - Starting attempt 1 of 3
[2024-08-11T13:35:01.561+0000] {taskinstance.py:2330} INFO - Executing <Task(PythonOperator): tsk_extract_zillow_data_var> on 2024-08-10 00:00:00+00:00
[2024-08-11T13:35:01.564+0000] {standard_task_runner.py:64} INFO - Started process 6968 to run task
[2024-08-11T13:35:01.567+0000] {standard_task_runner.py:90} INFO - Running: ['airflow', 'tasks', 'run', 'Zillow_Analytics_DAG', 'tsk_extract_zillow_data_var', 'scheduled__2024-08-10T00:00:00+00:00', '--job-id', '80', '--raw', '--subdir', 'DAGS_FOLDER/zillowrapidapi.py', '--cfg-path', '/tmp/tmpdwzttynh']
[2024-08-11T13:35:01.568+0000] {standard_task_runner.py:91} INFO - Job 80: Subtask tsk_extract_zillow_data_var
[2024-08-11T13:35:01.608+0000] {task_command.py:426} INFO - Running <TaskInstance: Zillow_Analytics_DAG.tsk_extract_zillow_data_var scheduled__2024-08-10T00:00:00+00:00 [running]> on host ip-172-31-11-55.ap-south-1.compute.internal
[2024-08-11T13:35:01.676+0000] {taskinstance.py:2648} INFO - Exporting env vars: AIRFLOW_CTX_DAG_EMAIL='vkkr800@gmail.com' AIRFLOW_CTX_DAG_OWNER='airflow' AIRFLOW_CTX_DAG_ID='Zillow_Analytics_DAG' AIRFLOW_CTX_TASK_ID='tsk_extract_zillow_data_var' AIRFLOW_CTX_EXECUTION_DATE='2024-08-10T00:00:00+00:00' AIRFLOW_CTX_TRY_NUMBER='1' AIRFLOW_CTX_DAG_RUN_ID='scheduled__2024-08-10T00:00:00+00:00'
[2024-08-11T13:35:01.677+0000] {taskinstance.py:430} INFO - ::endgroup::
[2024-08-11T13:35:03.118+0000] {python.py:237} INFO - Done. Returned value was: ['/home/ubuntu/response_data_11082024133501.json', 'response_data_11082024133501.csv']
[2024-08-11T13:35:03.119+0000] {taskinstance.py:441} INFO - ::group::Post task execution logs
[2024-08-11T13:35:03.136+0000] {taskinstance.py:1206} INFO - Marking task as SUCCESS. dag_id=Zillow_Analytics_DAG, task_id=tsk_extract_zillow_data_var, run_id=scheduled__2024-08-10T00:00:00+00:00, execution_date=20240810T000000, start_date=20240811T133501, end_date=20240811T133503
[2024-08-11T13:35:03.189+0000] {local_task_job_runner.py:243} INFO - Task exited with return code 0
[2024-08-11T13:35:03.206+0000] {taskinstance.py:3503} INFO - 1 downstream tasks scheduled from follow-on schedule check
[2024-08-11T13:35:03.216+0000] {local_task_job_runner.py:222} INFO - ::endgroup::
