[2024-08-11T08:29:58.088+0000] {processor.py:161} INFO - Started process (PID=2976) to work on /home/ubuntu/zilloapi/lib/python3.12/site-packages/airflow/example_dags/example_setup_teardown_taskflow.py
[2024-08-11T08:29:58.088+0000] {processor.py:830} INFO - Processing file /home/ubuntu/zilloapi/lib/python3.12/site-packages/airflow/example_dags/example_setup_teardown_taskflow.py for tasks to queue
[2024-08-11T08:29:58.090+0000] {logging_mixin.py:188} INFO - [2024-08-11T08:29:58.089+0000] {dagbag.py:545} INFO - Filling up the DagBag from /home/ubuntu/zilloapi/lib/python3.12/site-packages/airflow/example_dags/example_setup_teardown_taskflow.py
[2024-08-11T08:29:58.097+0000] {processor.py:840} INFO - DAG(s) 'example_setup_teardown_taskflow' retrieved from /home/ubuntu/zilloapi/lib/python3.12/site-packages/airflow/example_dags/example_setup_teardown_taskflow.py
[2024-08-11T08:29:58.184+0000] {logging_mixin.py:188} INFO - [2024-08-11T08:29:58.183+0000] {override.py:1858} INFO - Created Permission View: can delete on DAG:example_setup_teardown_taskflow
[2024-08-11T08:29:58.197+0000] {logging_mixin.py:188} INFO - [2024-08-11T08:29:58.196+0000] {override.py:1858} INFO - Created Permission View: can read on DAG:example_setup_teardown_taskflow
[2024-08-11T08:29:58.208+0000] {logging_mixin.py:188} INFO - [2024-08-11T08:29:58.208+0000] {override.py:1858} INFO - Created Permission View: can edit on DAG:example_setup_teardown_taskflow
[2024-08-11T08:29:58.208+0000] {logging_mixin.py:188} INFO - [2024-08-11T08:29:58.208+0000] {dag.py:3089} INFO - Sync 1 DAGs
[2024-08-11T08:29:58.215+0000] {logging_mixin.py:188} INFO - [2024-08-11T08:29:58.215+0000] {dag.py:3111} INFO - Creating ORM DAG for example_setup_teardown_taskflow
[2024-08-11T08:29:58.221+0000] {logging_mixin.py:188} INFO - [2024-08-11T08:29:58.220+0000] {dag.py:3947} INFO - Setting next_dagrun for example_setup_teardown_taskflow to 2024-08-10 00:00:00+00:00, run_after=2024-08-11 00:00:00+00:00
[2024-08-11T08:29:58.241+0000] {processor.py:183} INFO - Processing /home/ubuntu/zilloapi/lib/python3.12/site-packages/airflow/example_dags/example_setup_teardown_taskflow.py took 0.158 seconds
[2024-08-11T08:30:50.062+0000] {processor.py:161} INFO - Started process (PID=3182) to work on /home/ubuntu/zilloapi/lib/python3.12/site-packages/airflow/example_dags/example_setup_teardown_taskflow.py
[2024-08-11T08:30:50.063+0000] {processor.py:830} INFO - Processing file /home/ubuntu/zilloapi/lib/python3.12/site-packages/airflow/example_dags/example_setup_teardown_taskflow.py for tasks to queue
[2024-08-11T08:30:50.065+0000] {logging_mixin.py:188} INFO - [2024-08-11T08:30:50.064+0000] {dagbag.py:545} INFO - Filling up the DagBag from /home/ubuntu/zilloapi/lib/python3.12/site-packages/airflow/example_dags/example_setup_teardown_taskflow.py
[2024-08-11T08:30:50.074+0000] {processor.py:840} INFO - DAG(s) 'example_setup_teardown_taskflow' retrieved from /home/ubuntu/zilloapi/lib/python3.12/site-packages/airflow/example_dags/example_setup_teardown_taskflow.py
[2024-08-11T08:30:50.090+0000] {logging_mixin.py:188} INFO - [2024-08-11T08:30:50.090+0000] {dag.py:3089} INFO - Sync 1 DAGs
[2024-08-11T08:30:50.108+0000] {logging_mixin.py:188} INFO - [2024-08-11T08:30:50.108+0000] {dag.py:3947} INFO - Setting next_dagrun for example_setup_teardown_taskflow to 2024-08-10 00:00:00+00:00, run_after=2024-08-11 00:00:00+00:00
[2024-08-11T08:30:50.129+0000] {processor.py:183} INFO - Processing /home/ubuntu/zilloapi/lib/python3.12/site-packages/airflow/example_dags/example_setup_teardown_taskflow.py took 0.074 seconds
[2024-08-11T08:31:39.122+0000] {processor.py:161} INFO - Started process (PID=3262) to work on /home/ubuntu/zilloapi/lib/python3.12/site-packages/airflow/example_dags/example_setup_teardown_taskflow.py
[2024-08-11T08:31:39.124+0000] {processor.py:830} INFO - Processing file /home/ubuntu/zilloapi/lib/python3.12/site-packages/airflow/example_dags/example_setup_teardown_taskflow.py for tasks to queue
[2024-08-11T08:31:39.126+0000] {logging_mixin.py:188} INFO - [2024-08-11T08:31:39.126+0000] {dagbag.py:545} INFO - Filling up the DagBag from /home/ubuntu/zilloapi/lib/python3.12/site-packages/airflow/example_dags/example_setup_teardown_taskflow.py
[2024-08-11T08:31:39.135+0000] {processor.py:840} INFO - DAG(s) 'example_setup_teardown_taskflow' retrieved from /home/ubuntu/zilloapi/lib/python3.12/site-packages/airflow/example_dags/example_setup_teardown_taskflow.py
[2024-08-11T08:31:39.152+0000] {logging_mixin.py:188} INFO - [2024-08-11T08:31:39.151+0000] {dag.py:3089} INFO - Sync 1 DAGs
[2024-08-11T08:31:39.168+0000] {logging_mixin.py:188} INFO - [2024-08-11T08:31:39.168+0000] {dag.py:3947} INFO - Setting next_dagrun for example_setup_teardown_taskflow to 2024-08-10 00:00:00+00:00, run_after=2024-08-11 00:00:00+00:00
[2024-08-11T08:31:39.194+0000] {processor.py:183} INFO - Processing /home/ubuntu/zilloapi/lib/python3.12/site-packages/airflow/example_dags/example_setup_teardown_taskflow.py took 0.077 seconds
[2024-08-11T08:32:22.243+0000] {processor.py:161} INFO - Started process (PID=3308) to work on /home/ubuntu/zilloapi/lib/python3.12/site-packages/airflow/example_dags/example_setup_teardown_taskflow.py
[2024-08-11T08:32:22.244+0000] {processor.py:830} INFO - Processing file /home/ubuntu/zilloapi/lib/python3.12/site-packages/airflow/example_dags/example_setup_teardown_taskflow.py for tasks to queue
[2024-08-11T08:32:22.246+0000] {logging_mixin.py:188} INFO - [2024-08-11T08:32:22.245+0000] {dagbag.py:545} INFO - Filling up the DagBag from /home/ubuntu/zilloapi/lib/python3.12/site-packages/airflow/example_dags/example_setup_teardown_taskflow.py
[2024-08-11T08:32:22.255+0000] {processor.py:840} INFO - DAG(s) 'example_setup_teardown_taskflow' retrieved from /home/ubuntu/zilloapi/lib/python3.12/site-packages/airflow/example_dags/example_setup_teardown_taskflow.py
[2024-08-11T08:32:22.271+0000] {logging_mixin.py:188} INFO - [2024-08-11T08:32:22.271+0000] {dag.py:3089} INFO - Sync 1 DAGs
[2024-08-11T08:32:22.287+0000] {logging_mixin.py:188} INFO - [2024-08-11T08:32:22.287+0000] {dag.py:3947} INFO - Setting next_dagrun for example_setup_teardown_taskflow to 2024-08-10 00:00:00+00:00, run_after=2024-08-11 00:00:00+00:00
[2024-08-11T08:32:22.309+0000] {processor.py:183} INFO - Processing /home/ubuntu/zilloapi/lib/python3.12/site-packages/airflow/example_dags/example_setup_teardown_taskflow.py took 0.072 seconds
[2024-08-11T08:33:04.788+0000] {processor.py:161} INFO - Started process (PID=3352) to work on /home/ubuntu/zilloapi/lib/python3.12/site-packages/airflow/example_dags/example_setup_teardown_taskflow.py
[2024-08-11T08:33:04.789+0000] {processor.py:830} INFO - Processing file /home/ubuntu/zilloapi/lib/python3.12/site-packages/airflow/example_dags/example_setup_teardown_taskflow.py for tasks to queue
[2024-08-11T08:33:04.791+0000] {logging_mixin.py:188} INFO - [2024-08-11T08:33:04.791+0000] {dagbag.py:545} INFO - Filling up the DagBag from /home/ubuntu/zilloapi/lib/python3.12/site-packages/airflow/example_dags/example_setup_teardown_taskflow.py
[2024-08-11T08:33:04.800+0000] {processor.py:840} INFO - DAG(s) 'example_setup_teardown_taskflow' retrieved from /home/ubuntu/zilloapi/lib/python3.12/site-packages/airflow/example_dags/example_setup_teardown_taskflow.py
[2024-08-11T08:33:04.816+0000] {logging_mixin.py:188} INFO - [2024-08-11T08:33:04.816+0000] {dag.py:3089} INFO - Sync 1 DAGs
[2024-08-11T08:33:04.836+0000] {logging_mixin.py:188} INFO - [2024-08-11T08:33:04.835+0000] {dag.py:3947} INFO - Setting next_dagrun for example_setup_teardown_taskflow to 2024-08-10 00:00:00+00:00, run_after=2024-08-11 00:00:00+00:00
[2024-08-11T08:33:04.859+0000] {processor.py:183} INFO - Processing /home/ubuntu/zilloapi/lib/python3.12/site-packages/airflow/example_dags/example_setup_teardown_taskflow.py took 0.078 seconds
[2024-08-11T08:33:59.723+0000] {processor.py:161} INFO - Started process (PID=3412) to work on /home/ubuntu/zilloapi/lib/python3.12/site-packages/airflow/example_dags/example_setup_teardown_taskflow.py
[2024-08-11T08:33:59.725+0000] {processor.py:830} INFO - Processing file /home/ubuntu/zilloapi/lib/python3.12/site-packages/airflow/example_dags/example_setup_teardown_taskflow.py for tasks to queue
[2024-08-11T08:33:59.728+0000] {logging_mixin.py:188} INFO - [2024-08-11T08:33:59.727+0000] {dagbag.py:545} INFO - Filling up the DagBag from /home/ubuntu/zilloapi/lib/python3.12/site-packages/airflow/example_dags/example_setup_teardown_taskflow.py
[2024-08-11T08:33:59.736+0000] {processor.py:840} INFO - DAG(s) 'example_setup_teardown_taskflow' retrieved from /home/ubuntu/zilloapi/lib/python3.12/site-packages/airflow/example_dags/example_setup_teardown_taskflow.py
[2024-08-11T08:33:59.752+0000] {logging_mixin.py:188} INFO - [2024-08-11T08:33:59.752+0000] {dag.py:3089} INFO - Sync 1 DAGs
[2024-08-11T08:33:59.770+0000] {logging_mixin.py:188} INFO - [2024-08-11T08:33:59.770+0000] {dag.py:3947} INFO - Setting next_dagrun for example_setup_teardown_taskflow to 2024-08-10 00:00:00+00:00, run_after=2024-08-11 00:00:00+00:00
[2024-08-11T08:33:59.793+0000] {processor.py:183} INFO - Processing /home/ubuntu/zilloapi/lib/python3.12/site-packages/airflow/example_dags/example_setup_teardown_taskflow.py took 0.076 seconds
[2024-08-11T08:34:39.121+0000] {processor.py:161} INFO - Started process (PID=3458) to work on /home/ubuntu/zilloapi/lib/python3.12/site-packages/airflow/example_dags/example_setup_teardown_taskflow.py
[2024-08-11T08:34:39.124+0000] {processor.py:830} INFO - Processing file /home/ubuntu/zilloapi/lib/python3.12/site-packages/airflow/example_dags/example_setup_teardown_taskflow.py for tasks to queue
[2024-08-11T08:34:39.125+0000] {logging_mixin.py:188} INFO - [2024-08-11T08:34:39.125+0000] {dagbag.py:545} INFO - Filling up the DagBag from /home/ubuntu/zilloapi/lib/python3.12/site-packages/airflow/example_dags/example_setup_teardown_taskflow.py
[2024-08-11T08:34:39.134+0000] {processor.py:840} INFO - DAG(s) 'example_setup_teardown_taskflow' retrieved from /home/ubuntu/zilloapi/lib/python3.12/site-packages/airflow/example_dags/example_setup_teardown_taskflow.py
[2024-08-11T08:34:39.151+0000] {logging_mixin.py:188} INFO - [2024-08-11T08:34:39.150+0000] {dag.py:3089} INFO - Sync 1 DAGs
[2024-08-11T08:34:39.168+0000] {logging_mixin.py:188} INFO - [2024-08-11T08:34:39.168+0000] {dag.py:3947} INFO - Setting next_dagrun for example_setup_teardown_taskflow to 2024-08-10 00:00:00+00:00, run_after=2024-08-11 00:00:00+00:00
[2024-08-11T08:34:39.192+0000] {processor.py:183} INFO - Processing /home/ubuntu/zilloapi/lib/python3.12/site-packages/airflow/example_dags/example_setup_teardown_taskflow.py took 0.076 seconds
