[2024-08-11T08:30:21.280+0000] {processor.py:161} INFO - Started process (PID=3002) to work on /home/ubuntu/zilloapi/lib/python3.12/site-packages/airflow/example_dags/example_branch_labels.py
[2024-08-11T08:30:21.280+0000] {processor.py:830} INFO - Processing file /home/ubuntu/zilloapi/lib/python3.12/site-packages/airflow/example_dags/example_branch_labels.py for tasks to queue
[2024-08-11T08:30:21.282+0000] {logging_mixin.py:188} INFO - [2024-08-11T08:30:21.281+0000] {dagbag.py:545} INFO - Filling up the DagBag from /home/ubuntu/zilloapi/lib/python3.12/site-packages/airflow/example_dags/example_branch_labels.py
[2024-08-11T08:30:21.290+0000] {processor.py:840} INFO - DAG(s) 'example_branch_labels' retrieved from /home/ubuntu/zilloapi/lib/python3.12/site-packages/airflow/example_dags/example_branch_labels.py
[2024-08-11T08:30:21.391+0000] {logging_mixin.py:188} INFO - [2024-08-11T08:30:21.390+0000] {override.py:1858} INFO - Created Permission View: can delete on DAG:example_branch_labels
[2024-08-11T08:30:21.402+0000] {logging_mixin.py:188} INFO - [2024-08-11T08:30:21.402+0000] {override.py:1858} INFO - Created Permission View: can read on DAG:example_branch_labels
[2024-08-11T08:30:21.413+0000] {logging_mixin.py:188} INFO - [2024-08-11T08:30:21.412+0000] {override.py:1858} INFO - Created Permission View: can edit on DAG:example_branch_labels
[2024-08-11T08:30:21.413+0000] {logging_mixin.py:188} INFO - [2024-08-11T08:30:21.413+0000] {dag.py:3089} INFO - Sync 1 DAGs
[2024-08-11T08:30:21.421+0000] {logging_mixin.py:188} INFO - [2024-08-11T08:30:21.421+0000] {dag.py:3111} INFO - Creating ORM DAG for example_branch_labels
[2024-08-11T08:30:21.432+0000] {logging_mixin.py:188} INFO - [2024-08-11T08:30:21.431+0000] {dag.py:3947} INFO - Setting next_dagrun for example_branch_labels to 2024-08-10 00:00:00+00:00, run_after=2024-08-11 00:00:00+00:00
[2024-08-11T08:30:21.450+0000] {processor.py:183} INFO - Processing /home/ubuntu/zilloapi/lib/python3.12/site-packages/airflow/example_dags/example_branch_labels.py took 0.176 seconds
[2024-08-11T08:31:11.753+0000] {processor.py:161} INFO - Started process (PID=3226) to work on /home/ubuntu/zilloapi/lib/python3.12/site-packages/airflow/example_dags/example_branch_labels.py
[2024-08-11T08:31:11.755+0000] {processor.py:830} INFO - Processing file /home/ubuntu/zilloapi/lib/python3.12/site-packages/airflow/example_dags/example_branch_labels.py for tasks to queue
[2024-08-11T08:31:11.757+0000] {logging_mixin.py:188} INFO - [2024-08-11T08:31:11.756+0000] {dagbag.py:545} INFO - Filling up the DagBag from /home/ubuntu/zilloapi/lib/python3.12/site-packages/airflow/example_dags/example_branch_labels.py
[2024-08-11T08:31:11.764+0000] {processor.py:840} INFO - DAG(s) 'example_branch_labels' retrieved from /home/ubuntu/zilloapi/lib/python3.12/site-packages/airflow/example_dags/example_branch_labels.py
[2024-08-11T08:31:11.780+0000] {logging_mixin.py:188} INFO - [2024-08-11T08:31:11.780+0000] {dag.py:3089} INFO - Sync 1 DAGs
[2024-08-11T08:31:11.797+0000] {logging_mixin.py:188} INFO - [2024-08-11T08:31:11.797+0000] {dag.py:3947} INFO - Setting next_dagrun for example_branch_labels to 2024-08-10 00:00:00+00:00, run_after=2024-08-11 00:00:00+00:00
[2024-08-11T08:31:11.817+0000] {processor.py:183} INFO - Processing /home/ubuntu/zilloapi/lib/python3.12/site-packages/airflow/example_dags/example_branch_labels.py took 0.068 seconds
[2024-08-11T08:32:12.247+0000] {processor.py:161} INFO - Started process (PID=3297) to work on /home/ubuntu/zilloapi/lib/python3.12/site-packages/airflow/example_dags/example_branch_labels.py
[2024-08-11T08:32:12.248+0000] {processor.py:830} INFO - Processing file /home/ubuntu/zilloapi/lib/python3.12/site-packages/airflow/example_dags/example_branch_labels.py for tasks to queue
[2024-08-11T08:32:12.249+0000] {logging_mixin.py:188} INFO - [2024-08-11T08:32:12.249+0000] {dagbag.py:545} INFO - Filling up the DagBag from /home/ubuntu/zilloapi/lib/python3.12/site-packages/airflow/example_dags/example_branch_labels.py
[2024-08-11T08:32:12.257+0000] {processor.py:840} INFO - DAG(s) 'example_branch_labels' retrieved from /home/ubuntu/zilloapi/lib/python3.12/site-packages/airflow/example_dags/example_branch_labels.py
[2024-08-11T08:32:12.273+0000] {logging_mixin.py:188} INFO - [2024-08-11T08:32:12.273+0000] {dag.py:3089} INFO - Sync 1 DAGs
[2024-08-11T08:32:12.291+0000] {logging_mixin.py:188} INFO - [2024-08-11T08:32:12.291+0000] {dag.py:3947} INFO - Setting next_dagrun for example_branch_labels to 2024-08-10 00:00:00+00:00, run_after=2024-08-11 00:00:00+00:00
[2024-08-11T08:32:12.312+0000] {processor.py:183} INFO - Processing /home/ubuntu/zilloapi/lib/python3.12/site-packages/airflow/example_dags/example_branch_labels.py took 0.071 seconds
[2024-08-11T08:33:12.813+0000] {processor.py:161} INFO - Started process (PID=3361) to work on /home/ubuntu/zilloapi/lib/python3.12/site-packages/airflow/example_dags/example_branch_labels.py
[2024-08-11T08:33:12.815+0000] {processor.py:830} INFO - Processing file /home/ubuntu/zilloapi/lib/python3.12/site-packages/airflow/example_dags/example_branch_labels.py for tasks to queue
[2024-08-11T08:33:12.817+0000] {logging_mixin.py:188} INFO - [2024-08-11T08:33:12.816+0000] {dagbag.py:545} INFO - Filling up the DagBag from /home/ubuntu/zilloapi/lib/python3.12/site-packages/airflow/example_dags/example_branch_labels.py
[2024-08-11T08:33:12.825+0000] {processor.py:840} INFO - DAG(s) 'example_branch_labels' retrieved from /home/ubuntu/zilloapi/lib/python3.12/site-packages/airflow/example_dags/example_branch_labels.py
[2024-08-11T08:33:12.840+0000] {logging_mixin.py:188} INFO - [2024-08-11T08:33:12.840+0000] {dag.py:3089} INFO - Sync 1 DAGs
[2024-08-11T08:33:12.858+0000] {logging_mixin.py:188} INFO - [2024-08-11T08:33:12.858+0000] {dag.py:3947} INFO - Setting next_dagrun for example_branch_labels to 2024-08-10 00:00:00+00:00, run_after=2024-08-11 00:00:00+00:00
[2024-08-11T08:33:12.882+0000] {processor.py:183} INFO - Processing /home/ubuntu/zilloapi/lib/python3.12/site-packages/airflow/example_dags/example_branch_labels.py took 0.074 seconds
[2024-08-11T08:34:08.722+0000] {processor.py:161} INFO - Started process (PID=3422) to work on /home/ubuntu/zilloapi/lib/python3.12/site-packages/airflow/example_dags/example_branch_labels.py
[2024-08-11T08:34:08.725+0000] {processor.py:830} INFO - Processing file /home/ubuntu/zilloapi/lib/python3.12/site-packages/airflow/example_dags/example_branch_labels.py for tasks to queue
[2024-08-11T08:34:08.726+0000] {logging_mixin.py:188} INFO - [2024-08-11T08:34:08.726+0000] {dagbag.py:545} INFO - Filling up the DagBag from /home/ubuntu/zilloapi/lib/python3.12/site-packages/airflow/example_dags/example_branch_labels.py
[2024-08-11T08:34:08.733+0000] {processor.py:840} INFO - DAG(s) 'example_branch_labels' retrieved from /home/ubuntu/zilloapi/lib/python3.12/site-packages/airflow/example_dags/example_branch_labels.py
[2024-08-11T08:34:08.750+0000] {logging_mixin.py:188} INFO - [2024-08-11T08:34:08.749+0000] {dag.py:3089} INFO - Sync 1 DAGs
[2024-08-11T08:34:08.769+0000] {logging_mixin.py:188} INFO - [2024-08-11T08:34:08.768+0000] {dag.py:3947} INFO - Setting next_dagrun for example_branch_labels to 2024-08-10 00:00:00+00:00, run_after=2024-08-11 00:00:00+00:00
[2024-08-11T08:34:08.793+0000] {processor.py:183} INFO - Processing /home/ubuntu/zilloapi/lib/python3.12/site-packages/airflow/example_dags/example_branch_labels.py took 0.076 seconds
