[2024-08-11T08:30:04.814+0000] {processor.py:161} INFO - Started process (PID=2983) to work on /home/ubuntu/zilloapi/lib/python3.12/site-packages/airflow/example_dags/example_python_decorator.py
[2024-08-11T08:30:04.815+0000] {processor.py:830} INFO - Processing file /home/ubuntu/zilloapi/lib/python3.12/site-packages/airflow/example_dags/example_python_decorator.py for tasks to queue
[2024-08-11T08:30:04.816+0000] {logging_mixin.py:188} INFO - [2024-08-11T08:30:04.816+0000] {dagbag.py:545} INFO - Filling up the DagBag from /home/ubuntu/zilloapi/lib/python3.12/site-packages/airflow/example_dags/example_python_decorator.py
[2024-08-11T08:30:04.827+0000] {logging_mixin.py:188} INFO - [2024-08-11T08:30:04.827+0000] {example_python_decorator.py:80} WARNING - The virtalenv_python example task requires virtualenv, please install it.
[2024-08-11T08:30:04.828+0000] {processor.py:840} INFO - DAG(s) 'example_python_decorator' retrieved from /home/ubuntu/zilloapi/lib/python3.12/site-packages/airflow/example_dags/example_python_decorator.py
[2024-08-11T08:30:04.934+0000] {logging_mixin.py:188} INFO - [2024-08-11T08:30:04.934+0000] {override.py:1858} INFO - Created Permission View: can delete on DAG:example_python_decorator
[2024-08-11T08:30:04.947+0000] {logging_mixin.py:188} INFO - [2024-08-11T08:30:04.947+0000] {override.py:1858} INFO - Created Permission View: can read on DAG:example_python_decorator
[2024-08-11T08:30:04.959+0000] {logging_mixin.py:188} INFO - [2024-08-11T08:30:04.959+0000] {override.py:1858} INFO - Created Permission View: can edit on DAG:example_python_decorator
[2024-08-11T08:30:04.959+0000] {logging_mixin.py:188} INFO - [2024-08-11T08:30:04.959+0000] {dag.py:3089} INFO - Sync 1 DAGs
[2024-08-11T08:30:04.968+0000] {logging_mixin.py:188} INFO - [2024-08-11T08:30:04.967+0000] {dag.py:3111} INFO - Creating ORM DAG for example_python_decorator
[2024-08-11T08:30:04.968+0000] {logging_mixin.py:188} INFO - [2024-08-11T08:30:04.968+0000] {dag.py:3947} INFO - Setting next_dagrun for example_python_decorator to None, run_after=None
[2024-08-11T08:30:04.993+0000] {processor.py:183} INFO - Processing /home/ubuntu/zilloapi/lib/python3.12/site-packages/airflow/example_dags/example_python_decorator.py took 0.184 seconds
[2024-08-11T08:30:56.082+0000] {processor.py:161} INFO - Started process (PID=3210) to work on /home/ubuntu/zilloapi/lib/python3.12/site-packages/airflow/example_dags/example_python_decorator.py
[2024-08-11T08:30:56.084+0000] {processor.py:830} INFO - Processing file /home/ubuntu/zilloapi/lib/python3.12/site-packages/airflow/example_dags/example_python_decorator.py for tasks to queue
[2024-08-11T08:30:56.085+0000] {logging_mixin.py:188} INFO - [2024-08-11T08:30:56.085+0000] {dagbag.py:545} INFO - Filling up the DagBag from /home/ubuntu/zilloapi/lib/python3.12/site-packages/airflow/example_dags/example_python_decorator.py
[2024-08-11T08:30:56.093+0000] {logging_mixin.py:188} INFO - [2024-08-11T08:30:56.093+0000] {example_python_decorator.py:80} WARNING - The virtalenv_python example task requires virtualenv, please install it.
[2024-08-11T08:30:56.094+0000] {processor.py:840} INFO - DAG(s) 'example_python_decorator' retrieved from /home/ubuntu/zilloapi/lib/python3.12/site-packages/airflow/example_dags/example_python_decorator.py
[2024-08-11T08:30:56.110+0000] {logging_mixin.py:188} INFO - [2024-08-11T08:30:56.110+0000] {dag.py:3089} INFO - Sync 1 DAGs
[2024-08-11T08:30:56.121+0000] {logging_mixin.py:188} INFO - [2024-08-11T08:30:56.121+0000] {dag.py:3947} INFO - Setting next_dagrun for example_python_decorator to None, run_after=None
[2024-08-11T08:30:56.141+0000] {processor.py:183} INFO - Processing /home/ubuntu/zilloapi/lib/python3.12/site-packages/airflow/example_dags/example_python_decorator.py took 0.065 seconds
[2024-08-11T08:31:46.537+0000] {processor.py:161} INFO - Started process (PID=3270) to work on /home/ubuntu/zilloapi/lib/python3.12/site-packages/airflow/example_dags/example_python_decorator.py
[2024-08-11T08:31:46.539+0000] {processor.py:830} INFO - Processing file /home/ubuntu/zilloapi/lib/python3.12/site-packages/airflow/example_dags/example_python_decorator.py for tasks to queue
[2024-08-11T08:31:46.541+0000] {logging_mixin.py:188} INFO - [2024-08-11T08:31:46.540+0000] {dagbag.py:545} INFO - Filling up the DagBag from /home/ubuntu/zilloapi/lib/python3.12/site-packages/airflow/example_dags/example_python_decorator.py
[2024-08-11T08:31:46.549+0000] {logging_mixin.py:188} INFO - [2024-08-11T08:31:46.549+0000] {example_python_decorator.py:80} WARNING - The virtalenv_python example task requires virtualenv, please install it.
[2024-08-11T08:31:46.549+0000] {processor.py:840} INFO - DAG(s) 'example_python_decorator' retrieved from /home/ubuntu/zilloapi/lib/python3.12/site-packages/airflow/example_dags/example_python_decorator.py
[2024-08-11T08:31:46.565+0000] {logging_mixin.py:188} INFO - [2024-08-11T08:31:46.565+0000] {dag.py:3089} INFO - Sync 1 DAGs
[2024-08-11T08:31:46.576+0000] {logging_mixin.py:188} INFO - [2024-08-11T08:31:46.576+0000] {dag.py:3947} INFO - Setting next_dagrun for example_python_decorator to None, run_after=None
[2024-08-11T08:31:46.596+0000] {processor.py:183} INFO - Processing /home/ubuntu/zilloapi/lib/python3.12/site-packages/airflow/example_dags/example_python_decorator.py took 0.064 seconds
[2024-08-11T08:32:45.976+0000] {processor.py:161} INFO - Started process (PID=3332) to work on /home/ubuntu/zilloapi/lib/python3.12/site-packages/airflow/example_dags/example_python_decorator.py
[2024-08-11T08:32:45.979+0000] {processor.py:830} INFO - Processing file /home/ubuntu/zilloapi/lib/python3.12/site-packages/airflow/example_dags/example_python_decorator.py for tasks to queue
[2024-08-11T08:32:45.980+0000] {logging_mixin.py:188} INFO - [2024-08-11T08:32:45.980+0000] {dagbag.py:545} INFO - Filling up the DagBag from /home/ubuntu/zilloapi/lib/python3.12/site-packages/airflow/example_dags/example_python_decorator.py
[2024-08-11T08:32:45.989+0000] {logging_mixin.py:188} INFO - [2024-08-11T08:32:45.989+0000] {example_python_decorator.py:80} WARNING - The virtalenv_python example task requires virtualenv, please install it.
[2024-08-11T08:32:45.989+0000] {processor.py:840} INFO - DAG(s) 'example_python_decorator' retrieved from /home/ubuntu/zilloapi/lib/python3.12/site-packages/airflow/example_dags/example_python_decorator.py
[2024-08-11T08:32:46.005+0000] {logging_mixin.py:188} INFO - [2024-08-11T08:32:46.005+0000] {dag.py:3089} INFO - Sync 1 DAGs
[2024-08-11T08:32:46.016+0000] {logging_mixin.py:188} INFO - [2024-08-11T08:32:46.015+0000] {dag.py:3947} INFO - Setting next_dagrun for example_python_decorator to None, run_after=None
[2024-08-11T08:32:46.039+0000] {processor.py:183} INFO - Processing /home/ubuntu/zilloapi/lib/python3.12/site-packages/airflow/example_dags/example_python_decorator.py took 0.068 seconds
[2024-08-11T08:33:41.721+0000] {processor.py:161} INFO - Started process (PID=3393) to work on /home/ubuntu/zilloapi/lib/python3.12/site-packages/airflow/example_dags/example_python_decorator.py
[2024-08-11T08:33:41.724+0000] {processor.py:830} INFO - Processing file /home/ubuntu/zilloapi/lib/python3.12/site-packages/airflow/example_dags/example_python_decorator.py for tasks to queue
[2024-08-11T08:33:41.725+0000] {logging_mixin.py:188} INFO - [2024-08-11T08:33:41.725+0000] {dagbag.py:545} INFO - Filling up the DagBag from /home/ubuntu/zilloapi/lib/python3.12/site-packages/airflow/example_dags/example_python_decorator.py
[2024-08-11T08:33:41.733+0000] {logging_mixin.py:188} INFO - [2024-08-11T08:33:41.733+0000] {example_python_decorator.py:80} WARNING - The virtalenv_python example task requires virtualenv, please install it.
[2024-08-11T08:33:41.733+0000] {processor.py:840} INFO - DAG(s) 'example_python_decorator' retrieved from /home/ubuntu/zilloapi/lib/python3.12/site-packages/airflow/example_dags/example_python_decorator.py
[2024-08-11T08:33:41.750+0000] {logging_mixin.py:188} INFO - [2024-08-11T08:33:41.750+0000] {dag.py:3089} INFO - Sync 1 DAGs
[2024-08-11T08:33:41.760+0000] {logging_mixin.py:188} INFO - [2024-08-11T08:33:41.760+0000] {dag.py:3947} INFO - Setting next_dagrun for example_python_decorator to None, run_after=None
[2024-08-11T08:33:41.782+0000] {processor.py:183} INFO - Processing /home/ubuntu/zilloapi/lib/python3.12/site-packages/airflow/example_dags/example_python_decorator.py took 0.067 seconds
[2024-08-11T08:34:42.521+0000] {processor.py:161} INFO - Started process (PID=3461) to work on /home/ubuntu/zilloapi/lib/python3.12/site-packages/airflow/example_dags/example_python_decorator.py
[2024-08-11T08:34:42.523+0000] {processor.py:830} INFO - Processing file /home/ubuntu/zilloapi/lib/python3.12/site-packages/airflow/example_dags/example_python_decorator.py for tasks to queue
[2024-08-11T08:34:42.523+0000] {logging_mixin.py:188} INFO - [2024-08-11T08:34:42.523+0000] {dagbag.py:545} INFO - Filling up the DagBag from /home/ubuntu/zilloapi/lib/python3.12/site-packages/airflow/example_dags/example_python_decorator.py
[2024-08-11T08:34:42.531+0000] {logging_mixin.py:188} INFO - [2024-08-11T08:34:42.531+0000] {example_python_decorator.py:80} WARNING - The virtalenv_python example task requires virtualenv, please install it.
[2024-08-11T08:34:42.531+0000] {processor.py:840} INFO - DAG(s) 'example_python_decorator' retrieved from /home/ubuntu/zilloapi/lib/python3.12/site-packages/airflow/example_dags/example_python_decorator.py
[2024-08-11T08:34:42.548+0000] {logging_mixin.py:188} INFO - [2024-08-11T08:34:42.548+0000] {dag.py:3089} INFO - Sync 1 DAGs
[2024-08-11T08:34:42.557+0000] {logging_mixin.py:188} INFO - [2024-08-11T08:34:42.557+0000] {dag.py:3947} INFO - Setting next_dagrun for example_python_decorator to None, run_after=None
[2024-08-11T08:34:42.580+0000] {processor.py:183} INFO - Processing /home/ubuntu/zilloapi/lib/python3.12/site-packages/airflow/example_dags/example_python_decorator.py took 0.064 seconds
