[2024-08-11T08:30:21.881+0000] {processor.py:161} INFO - Started process (PID=3003) to work on /home/ubuntu/zilloapi/lib/python3.12/site-packages/airflow/example_dags/example_bash_operator.py
[2024-08-11T08:30:21.882+0000] {processor.py:830} INFO - Processing file /home/ubuntu/zilloapi/lib/python3.12/site-packages/airflow/example_dags/example_bash_operator.py for tasks to queue
[2024-08-11T08:30:21.884+0000] {logging_mixin.py:188} INFO - [2024-08-11T08:30:21.884+0000] {dagbag.py:545} INFO - Filling up the DagBag from /home/ubuntu/zilloapi/lib/python3.12/site-packages/airflow/example_dags/example_bash_operator.py
[2024-08-11T08:30:21.896+0000] {processor.py:840} INFO - DAG(s) 'example_bash_operator' retrieved from /home/ubuntu/zilloapi/lib/python3.12/site-packages/airflow/example_dags/example_bash_operator.py
[2024-08-11T08:30:22.004+0000] {logging_mixin.py:188} INFO - [2024-08-11T08:30:22.003+0000] {override.py:1858} INFO - Created Permission View: can delete on DAG:example_bash_operator
[2024-08-11T08:30:22.016+0000] {logging_mixin.py:188} INFO - [2024-08-11T08:30:22.016+0000] {override.py:1858} INFO - Created Permission View: can read on DAG:example_bash_operator
[2024-08-11T08:30:22.026+0000] {logging_mixin.py:188} INFO - [2024-08-11T08:30:22.026+0000] {override.py:1858} INFO - Created Permission View: can edit on DAG:example_bash_operator
[2024-08-11T08:30:22.027+0000] {logging_mixin.py:188} INFO - [2024-08-11T08:30:22.027+0000] {dag.py:3089} INFO - Sync 1 DAGs
[2024-08-11T08:30:22.036+0000] {logging_mixin.py:188} INFO - [2024-08-11T08:30:22.036+0000] {dag.py:3111} INFO - Creating ORM DAG for example_bash_operator
[2024-08-11T08:30:22.044+0000] {logging_mixin.py:188} INFO - [2024-08-11T08:30:22.044+0000] {dag.py:3947} INFO - Setting next_dagrun for example_bash_operator to 2024-08-10 00:00:00+00:00, run_after=2024-08-11 00:00:00+00:00
[2024-08-11T08:30:22.069+0000] {processor.py:183} INFO - Processing /home/ubuntu/zilloapi/lib/python3.12/site-packages/airflow/example_dags/example_bash_operator.py took 0.192 seconds
[2024-08-11T08:31:27.609+0000] {processor.py:161} INFO - Started process (PID=3249) to work on /home/ubuntu/zilloapi/lib/python3.12/site-packages/airflow/example_dags/example_bash_operator.py
[2024-08-11T08:31:27.612+0000] {processor.py:830} INFO - Processing file /home/ubuntu/zilloapi/lib/python3.12/site-packages/airflow/example_dags/example_bash_operator.py for tasks to queue
[2024-08-11T08:31:27.613+0000] {logging_mixin.py:188} INFO - [2024-08-11T08:31:27.613+0000] {dagbag.py:545} INFO - Filling up the DagBag from /home/ubuntu/zilloapi/lib/python3.12/site-packages/airflow/example_dags/example_bash_operator.py
[2024-08-11T08:31:27.624+0000] {processor.py:840} INFO - DAG(s) 'example_bash_operator' retrieved from /home/ubuntu/zilloapi/lib/python3.12/site-packages/airflow/example_dags/example_bash_operator.py
[2024-08-11T08:31:27.645+0000] {logging_mixin.py:188} INFO - [2024-08-11T08:31:27.645+0000] {dag.py:3089} INFO - Sync 1 DAGs
[2024-08-11T08:31:27.665+0000] {logging_mixin.py:188} INFO - [2024-08-11T08:31:27.665+0000] {dag.py:3947} INFO - Setting next_dagrun for example_bash_operator to 2024-08-10 00:00:00+00:00, run_after=2024-08-11 00:00:00+00:00
[2024-08-11T08:31:27.685+0000] {processor.py:183} INFO - Processing /home/ubuntu/zilloapi/lib/python3.12/site-packages/airflow/example_dags/example_bash_operator.py took 0.081 seconds
[2024-08-11T08:32:26.541+0000] {processor.py:161} INFO - Started process (PID=3312) to work on /home/ubuntu/zilloapi/lib/python3.12/site-packages/airflow/example_dags/example_bash_operator.py
[2024-08-11T08:32:26.543+0000] {processor.py:830} INFO - Processing file /home/ubuntu/zilloapi/lib/python3.12/site-packages/airflow/example_dags/example_bash_operator.py for tasks to queue
[2024-08-11T08:32:26.544+0000] {logging_mixin.py:188} INFO - [2024-08-11T08:32:26.544+0000] {dagbag.py:545} INFO - Filling up the DagBag from /home/ubuntu/zilloapi/lib/python3.12/site-packages/airflow/example_dags/example_bash_operator.py
[2024-08-11T08:32:26.556+0000] {processor.py:840} INFO - DAG(s) 'example_bash_operator' retrieved from /home/ubuntu/zilloapi/lib/python3.12/site-packages/airflow/example_dags/example_bash_operator.py
[2024-08-11T08:32:26.577+0000] {logging_mixin.py:188} INFO - [2024-08-11T08:32:26.577+0000] {dag.py:3089} INFO - Sync 1 DAGs
[2024-08-11T08:32:26.596+0000] {logging_mixin.py:188} INFO - [2024-08-11T08:32:26.596+0000] {dag.py:3947} INFO - Setting next_dagrun for example_bash_operator to 2024-08-10 00:00:00+00:00, run_after=2024-08-11 00:00:00+00:00
[2024-08-11T08:32:26.620+0000] {processor.py:183} INFO - Processing /home/ubuntu/zilloapi/lib/python3.12/site-packages/airflow/example_dags/example_bash_operator.py took 0.084 seconds
[2024-08-11T08:33:25.365+0000] {processor.py:161} INFO - Started process (PID=3375) to work on /home/ubuntu/zilloapi/lib/python3.12/site-packages/airflow/example_dags/example_bash_operator.py
[2024-08-11T08:33:25.367+0000] {processor.py:830} INFO - Processing file /home/ubuntu/zilloapi/lib/python3.12/site-packages/airflow/example_dags/example_bash_operator.py for tasks to queue
[2024-08-11T08:33:25.368+0000] {logging_mixin.py:188} INFO - [2024-08-11T08:33:25.368+0000] {dagbag.py:545} INFO - Filling up the DagBag from /home/ubuntu/zilloapi/lib/python3.12/site-packages/airflow/example_dags/example_bash_operator.py
[2024-08-11T08:33:25.380+0000] {processor.py:840} INFO - DAG(s) 'example_bash_operator' retrieved from /home/ubuntu/zilloapi/lib/python3.12/site-packages/airflow/example_dags/example_bash_operator.py
[2024-08-11T08:33:25.400+0000] {logging_mixin.py:188} INFO - [2024-08-11T08:33:25.400+0000] {dag.py:3089} INFO - Sync 1 DAGs
[2024-08-11T08:33:25.417+0000] {logging_mixin.py:188} INFO - [2024-08-11T08:33:25.417+0000] {dag.py:3947} INFO - Setting next_dagrun for example_bash_operator to 2024-08-10 00:00:00+00:00, run_after=2024-08-11 00:00:00+00:00
[2024-08-11T08:33:25.439+0000] {processor.py:183} INFO - Processing /home/ubuntu/zilloapi/lib/python3.12/site-packages/airflow/example_dags/example_bash_operator.py took 0.080 seconds
[2024-08-11T08:34:24.687+0000] {processor.py:161} INFO - Started process (PID=3440) to work on /home/ubuntu/zilloapi/lib/python3.12/site-packages/airflow/example_dags/example_bash_operator.py
[2024-08-11T08:34:24.689+0000] {processor.py:830} INFO - Processing file /home/ubuntu/zilloapi/lib/python3.12/site-packages/airflow/example_dags/example_bash_operator.py for tasks to queue
[2024-08-11T08:34:24.691+0000] {logging_mixin.py:188} INFO - [2024-08-11T08:34:24.691+0000] {dagbag.py:545} INFO - Filling up the DagBag from /home/ubuntu/zilloapi/lib/python3.12/site-packages/airflow/example_dags/example_bash_operator.py
[2024-08-11T08:34:24.701+0000] {processor.py:840} INFO - DAG(s) 'example_bash_operator' retrieved from /home/ubuntu/zilloapi/lib/python3.12/site-packages/airflow/example_dags/example_bash_operator.py
[2024-08-11T08:34:24.723+0000] {logging_mixin.py:188} INFO - [2024-08-11T08:34:24.723+0000] {dag.py:3089} INFO - Sync 1 DAGs
[2024-08-11T08:34:24.741+0000] {logging_mixin.py:188} INFO - [2024-08-11T08:34:24.741+0000] {dag.py:3947} INFO - Setting next_dagrun for example_bash_operator to 2024-08-10 00:00:00+00:00, run_after=2024-08-11 00:00:00+00:00
[2024-08-11T08:34:24.764+0000] {processor.py:183} INFO - Processing /home/ubuntu/zilloapi/lib/python3.12/site-packages/airflow/example_dags/example_bash_operator.py took 0.084 seconds
