[2024-08-11T08:29:46.362+0000] {processor.py:161} INFO - Started process (PID=2871) to work on /home/ubuntu/zilloapi/lib/python3.12/site-packages/airflow/example_dags/example_trigger_target_dag.py
[2024-08-11T08:29:46.363+0000] {processor.py:830} INFO - Processing file /home/ubuntu/zilloapi/lib/python3.12/site-packages/airflow/example_dags/example_trigger_target_dag.py for tasks to queue
[2024-08-11T08:29:46.364+0000] {logging_mixin.py:188} INFO - [2024-08-11T08:29:46.364+0000] {dagbag.py:545} INFO - Filling up the DagBag from /home/ubuntu/zilloapi/lib/python3.12/site-packages/airflow/example_dags/example_trigger_target_dag.py
[2024-08-11T08:29:46.373+0000] {processor.py:840} INFO - DAG(s) 'example_trigger_target_dag' retrieved from /home/ubuntu/zilloapi/lib/python3.12/site-packages/airflow/example_dags/example_trigger_target_dag.py
[2024-08-11T08:29:46.477+0000] {logging_mixin.py:188} INFO - [2024-08-11T08:29:46.477+0000] {override.py:1858} INFO - Created Permission View: can delete on DAG:example_trigger_target_dag
[2024-08-11T08:29:46.490+0000] {logging_mixin.py:188} INFO - [2024-08-11T08:29:46.490+0000] {override.py:1858} INFO - Created Permission View: can read on DAG:example_trigger_target_dag
[2024-08-11T08:29:46.501+0000] {logging_mixin.py:188} INFO - [2024-08-11T08:29:46.501+0000] {override.py:1858} INFO - Created Permission View: can edit on DAG:example_trigger_target_dag
[2024-08-11T08:29:46.501+0000] {logging_mixin.py:188} INFO - [2024-08-11T08:29:46.501+0000] {dag.py:3089} INFO - Sync 1 DAGs
[2024-08-11T08:29:46.509+0000] {logging_mixin.py:188} INFO - [2024-08-11T08:29:46.509+0000] {dag.py:3111} INFO - Creating ORM DAG for example_trigger_target_dag
[2024-08-11T08:29:46.509+0000] {logging_mixin.py:188} INFO - [2024-08-11T08:29:46.509+0000] {dag.py:3947} INFO - Setting next_dagrun for example_trigger_target_dag to None, run_after=None
[2024-08-11T08:29:46.526+0000] {processor.py:183} INFO - Processing /home/ubuntu/zilloapi/lib/python3.12/site-packages/airflow/example_dags/example_trigger_target_dag.py took 0.169 seconds
[2024-08-11T08:30:38.648+0000] {processor.py:161} INFO - Started process (PID=3023) to work on /home/ubuntu/zilloapi/lib/python3.12/site-packages/airflow/example_dags/example_trigger_target_dag.py
[2024-08-11T08:30:38.651+0000] {processor.py:830} INFO - Processing file /home/ubuntu/zilloapi/lib/python3.12/site-packages/airflow/example_dags/example_trigger_target_dag.py for tasks to queue
[2024-08-11T08:30:38.653+0000] {logging_mixin.py:188} INFO - [2024-08-11T08:30:38.652+0000] {dagbag.py:545} INFO - Filling up the DagBag from /home/ubuntu/zilloapi/lib/python3.12/site-packages/airflow/example_dags/example_trigger_target_dag.py
[2024-08-11T08:30:38.659+0000] {processor.py:840} INFO - DAG(s) 'example_trigger_target_dag' retrieved from /home/ubuntu/zilloapi/lib/python3.12/site-packages/airflow/example_dags/example_trigger_target_dag.py
[2024-08-11T08:30:38.673+0000] {logging_mixin.py:188} INFO - [2024-08-11T08:30:38.673+0000] {dag.py:3089} INFO - Sync 1 DAGs
[2024-08-11T08:30:38.684+0000] {logging_mixin.py:188} INFO - [2024-08-11T08:30:38.684+0000] {dag.py:3947} INFO - Setting next_dagrun for example_trigger_target_dag to None, run_after=None
[2024-08-11T08:30:38.704+0000] {processor.py:183} INFO - Processing /home/ubuntu/zilloapi/lib/python3.12/site-packages/airflow/example_dags/example_trigger_target_dag.py took 0.062 seconds
[2024-08-11T08:31:22.889+0000] {processor.py:161} INFO - Started process (PID=3237) to work on /home/ubuntu/zilloapi/lib/python3.12/site-packages/airflow/example_dags/example_trigger_target_dag.py
[2024-08-11T08:31:22.890+0000] {processor.py:830} INFO - Processing file /home/ubuntu/zilloapi/lib/python3.12/site-packages/airflow/example_dags/example_trigger_target_dag.py for tasks to queue
[2024-08-11T08:31:22.891+0000] {logging_mixin.py:188} INFO - [2024-08-11T08:31:22.891+0000] {dagbag.py:545} INFO - Filling up the DagBag from /home/ubuntu/zilloapi/lib/python3.12/site-packages/airflow/example_dags/example_trigger_target_dag.py
[2024-08-11T08:31:22.897+0000] {processor.py:840} INFO - DAG(s) 'example_trigger_target_dag' retrieved from /home/ubuntu/zilloapi/lib/python3.12/site-packages/airflow/example_dags/example_trigger_target_dag.py
[2024-08-11T08:31:22.908+0000] {logging_mixin.py:188} INFO - [2024-08-11T08:31:22.908+0000] {dag.py:3089} INFO - Sync 1 DAGs
[2024-08-11T08:31:22.917+0000] {logging_mixin.py:188} INFO - [2024-08-11T08:31:22.917+0000] {dag.py:3947} INFO - Setting next_dagrun for example_trigger_target_dag to None, run_after=None
[2024-08-11T08:31:22.935+0000] {processor.py:183} INFO - Processing /home/ubuntu/zilloapi/lib/python3.12/site-packages/airflow/example_dags/example_trigger_target_dag.py took 0.051 seconds
[2024-08-11T08:32:04.227+0000] {processor.py:161} INFO - Started process (PID=3289) to work on /home/ubuntu/zilloapi/lib/python3.12/site-packages/airflow/example_dags/example_trigger_target_dag.py
[2024-08-11T08:32:04.229+0000] {processor.py:830} INFO - Processing file /home/ubuntu/zilloapi/lib/python3.12/site-packages/airflow/example_dags/example_trigger_target_dag.py for tasks to queue
[2024-08-11T08:32:04.231+0000] {logging_mixin.py:188} INFO - [2024-08-11T08:32:04.230+0000] {dagbag.py:545} INFO - Filling up the DagBag from /home/ubuntu/zilloapi/lib/python3.12/site-packages/airflow/example_dags/example_trigger_target_dag.py
[2024-08-11T08:32:04.238+0000] {processor.py:840} INFO - DAG(s) 'example_trigger_target_dag' retrieved from /home/ubuntu/zilloapi/lib/python3.12/site-packages/airflow/example_dags/example_trigger_target_dag.py
[2024-08-11T08:32:04.251+0000] {logging_mixin.py:188} INFO - [2024-08-11T08:32:04.251+0000] {dag.py:3089} INFO - Sync 1 DAGs
[2024-08-11T08:32:04.261+0000] {logging_mixin.py:188} INFO - [2024-08-11T08:32:04.261+0000] {dag.py:3947} INFO - Setting next_dagrun for example_trigger_target_dag to None, run_after=None
[2024-08-11T08:32:04.283+0000] {processor.py:183} INFO - Processing /home/ubuntu/zilloapi/lib/python3.12/site-packages/airflow/example_dags/example_trigger_target_dag.py took 0.062 seconds
[2024-08-11T08:32:54.778+0000] {processor.py:161} INFO - Started process (PID=3341) to work on /home/ubuntu/zilloapi/lib/python3.12/site-packages/airflow/example_dags/example_trigger_target_dag.py
[2024-08-11T08:32:54.780+0000] {processor.py:830} INFO - Processing file /home/ubuntu/zilloapi/lib/python3.12/site-packages/airflow/example_dags/example_trigger_target_dag.py for tasks to queue
[2024-08-11T08:32:54.781+0000] {logging_mixin.py:188} INFO - [2024-08-11T08:32:54.781+0000] {dagbag.py:545} INFO - Filling up the DagBag from /home/ubuntu/zilloapi/lib/python3.12/site-packages/airflow/example_dags/example_trigger_target_dag.py
[2024-08-11T08:32:54.788+0000] {processor.py:840} INFO - DAG(s) 'example_trigger_target_dag' retrieved from /home/ubuntu/zilloapi/lib/python3.12/site-packages/airflow/example_dags/example_trigger_target_dag.py
[2024-08-11T08:32:54.803+0000] {logging_mixin.py:188} INFO - [2024-08-11T08:32:54.803+0000] {dag.py:3089} INFO - Sync 1 DAGs
[2024-08-11T08:32:54.813+0000] {logging_mixin.py:188} INFO - [2024-08-11T08:32:54.813+0000] {dag.py:3947} INFO - Setting next_dagrun for example_trigger_target_dag to None, run_after=None
[2024-08-11T08:32:54.838+0000] {processor.py:183} INFO - Processing /home/ubuntu/zilloapi/lib/python3.12/site-packages/airflow/example_dags/example_trigger_target_dag.py took 0.065 seconds
[2024-08-11T08:33:32.249+0000] {processor.py:161} INFO - Started process (PID=3382) to work on /home/ubuntu/zilloapi/lib/python3.12/site-packages/airflow/example_dags/example_trigger_target_dag.py
[2024-08-11T08:33:32.251+0000] {processor.py:830} INFO - Processing file /home/ubuntu/zilloapi/lib/python3.12/site-packages/airflow/example_dags/example_trigger_target_dag.py for tasks to queue
[2024-08-11T08:33:32.252+0000] {logging_mixin.py:188} INFO - [2024-08-11T08:33:32.252+0000] {dagbag.py:545} INFO - Filling up the DagBag from /home/ubuntu/zilloapi/lib/python3.12/site-packages/airflow/example_dags/example_trigger_target_dag.py
[2024-08-11T08:33:32.258+0000] {processor.py:840} INFO - DAG(s) 'example_trigger_target_dag' retrieved from /home/ubuntu/zilloapi/lib/python3.12/site-packages/airflow/example_dags/example_trigger_target_dag.py
[2024-08-11T08:33:32.272+0000] {logging_mixin.py:188} INFO - [2024-08-11T08:33:32.272+0000] {dag.py:3089} INFO - Sync 1 DAGs
[2024-08-11T08:33:32.283+0000] {logging_mixin.py:188} INFO - [2024-08-11T08:33:32.283+0000] {dag.py:3947} INFO - Setting next_dagrun for example_trigger_target_dag to None, run_after=None
[2024-08-11T08:33:32.305+0000] {processor.py:183} INFO - Processing /home/ubuntu/zilloapi/lib/python3.12/site-packages/airflow/example_dags/example_trigger_target_dag.py took 0.061 seconds
[2024-08-11T08:34:13.253+0000] {processor.py:161} INFO - Started process (PID=3427) to work on /home/ubuntu/zilloapi/lib/python3.12/site-packages/airflow/example_dags/example_trigger_target_dag.py
[2024-08-11T08:34:13.255+0000] {processor.py:830} INFO - Processing file /home/ubuntu/zilloapi/lib/python3.12/site-packages/airflow/example_dags/example_trigger_target_dag.py for tasks to queue
[2024-08-11T08:34:13.257+0000] {logging_mixin.py:188} INFO - [2024-08-11T08:34:13.256+0000] {dagbag.py:545} INFO - Filling up the DagBag from /home/ubuntu/zilloapi/lib/python3.12/site-packages/airflow/example_dags/example_trigger_target_dag.py
[2024-08-11T08:34:13.264+0000] {processor.py:840} INFO - DAG(s) 'example_trigger_target_dag' retrieved from /home/ubuntu/zilloapi/lib/python3.12/site-packages/airflow/example_dags/example_trigger_target_dag.py
[2024-08-11T08:34:13.278+0000] {logging_mixin.py:188} INFO - [2024-08-11T08:34:13.278+0000] {dag.py:3089} INFO - Sync 1 DAGs
[2024-08-11T08:34:13.289+0000] {logging_mixin.py:188} INFO - [2024-08-11T08:34:13.289+0000] {dag.py:3947} INFO - Setting next_dagrun for example_trigger_target_dag to None, run_after=None
[2024-08-11T08:34:13.313+0000] {processor.py:183} INFO - Processing /home/ubuntu/zilloapi/lib/python3.12/site-packages/airflow/example_dags/example_trigger_target_dag.py took 0.065 seconds
