[2024-08-11T08:29:54.168+0000] {processor.py:161} INFO - Started process (PID=2878) to work on /home/ubuntu/zilloapi/lib/python3.12/site-packages/airflow/example_dags/example_task_group_decorator.py
[2024-08-11T08:29:54.168+0000] {processor.py:830} INFO - Processing file /home/ubuntu/zilloapi/lib/python3.12/site-packages/airflow/example_dags/example_task_group_decorator.py for tasks to queue
[2024-08-11T08:29:54.170+0000] {logging_mixin.py:188} INFO - [2024-08-11T08:29:54.169+0000] {dagbag.py:545} INFO - Filling up the DagBag from /home/ubuntu/zilloapi/lib/python3.12/site-packages/airflow/example_dags/example_task_group_decorator.py
[2024-08-11T08:29:54.180+0000] {processor.py:840} INFO - DAG(s) 'example_task_group_decorator' retrieved from /home/ubuntu/zilloapi/lib/python3.12/site-packages/airflow/example_dags/example_task_group_decorator.py
[2024-08-11T08:29:54.275+0000] {logging_mixin.py:188} INFO - [2024-08-11T08:29:54.275+0000] {override.py:1858} INFO - Created Permission View: can delete on DAG:example_task_group_decorator
[2024-08-11T08:29:54.291+0000] {logging_mixin.py:188} INFO - [2024-08-11T08:29:54.290+0000] {override.py:1858} INFO - Created Permission View: can read on DAG:example_task_group_decorator
[2024-08-11T08:29:54.305+0000] {logging_mixin.py:188} INFO - [2024-08-11T08:29:54.305+0000] {override.py:1858} INFO - Created Permission View: can edit on DAG:example_task_group_decorator
[2024-08-11T08:29:54.305+0000] {logging_mixin.py:188} INFO - [2024-08-11T08:29:54.305+0000] {dag.py:3089} INFO - Sync 1 DAGs
[2024-08-11T08:29:54.312+0000] {logging_mixin.py:188} INFO - [2024-08-11T08:29:54.312+0000] {dag.py:3111} INFO - Creating ORM DAG for example_task_group_decorator
[2024-08-11T08:29:54.318+0000] {logging_mixin.py:188} INFO - [2024-08-11T08:29:54.318+0000] {dag.py:3947} INFO - Setting next_dagrun for example_task_group_decorator to 2024-08-10 00:00:00+00:00, run_after=2024-08-11 00:00:00+00:00
[2024-08-11T08:29:54.342+0000] {processor.py:183} INFO - Processing /home/ubuntu/zilloapi/lib/python3.12/site-packages/airflow/example_dags/example_task_group_decorator.py took 0.179 seconds
[2024-08-11T08:30:45.948+0000] {processor.py:161} INFO - Started process (PID=3030) to work on /home/ubuntu/zilloapi/lib/python3.12/site-packages/airflow/example_dags/example_task_group_decorator.py
[2024-08-11T08:30:45.951+0000] {processor.py:830} INFO - Processing file /home/ubuntu/zilloapi/lib/python3.12/site-packages/airflow/example_dags/example_task_group_decorator.py for tasks to queue
[2024-08-11T08:30:45.952+0000] {logging_mixin.py:188} INFO - [2024-08-11T08:30:45.952+0000] {dagbag.py:545} INFO - Filling up the DagBag from /home/ubuntu/zilloapi/lib/python3.12/site-packages/airflow/example_dags/example_task_group_decorator.py
[2024-08-11T08:30:45.965+0000] {processor.py:840} INFO - DAG(s) 'example_task_group_decorator' retrieved from /home/ubuntu/zilloapi/lib/python3.12/site-packages/airflow/example_dags/example_task_group_decorator.py
[2024-08-11T08:30:45.984+0000] {logging_mixin.py:188} INFO - [2024-08-11T08:30:45.984+0000] {dag.py:3089} INFO - Sync 1 DAGs
[2024-08-11T08:30:46.001+0000] {logging_mixin.py:188} INFO - [2024-08-11T08:30:46.000+0000] {dag.py:3947} INFO - Setting next_dagrun for example_task_group_decorator to 2024-08-10 00:00:00+00:00, run_after=2024-08-11 00:00:00+00:00
[2024-08-11T08:30:46.018+0000] {processor.py:183} INFO - Processing /home/ubuntu/zilloapi/lib/python3.12/site-packages/airflow/example_dags/example_task_group_decorator.py took 0.074 seconds
[2024-08-11T08:31:35.757+0000] {processor.py:161} INFO - Started process (PID=3258) to work on /home/ubuntu/zilloapi/lib/python3.12/site-packages/airflow/example_dags/example_task_group_decorator.py
[2024-08-11T08:31:35.760+0000] {processor.py:830} INFO - Processing file /home/ubuntu/zilloapi/lib/python3.12/site-packages/airflow/example_dags/example_task_group_decorator.py for tasks to queue
[2024-08-11T08:31:35.761+0000] {logging_mixin.py:188} INFO - [2024-08-11T08:31:35.761+0000] {dagbag.py:545} INFO - Filling up the DagBag from /home/ubuntu/zilloapi/lib/python3.12/site-packages/airflow/example_dags/example_task_group_decorator.py
[2024-08-11T08:31:35.774+0000] {processor.py:840} INFO - DAG(s) 'example_task_group_decorator' retrieved from /home/ubuntu/zilloapi/lib/python3.12/site-packages/airflow/example_dags/example_task_group_decorator.py
[2024-08-11T08:31:35.793+0000] {logging_mixin.py:188} INFO - [2024-08-11T08:31:35.792+0000] {dag.py:3089} INFO - Sync 1 DAGs
[2024-08-11T08:31:35.809+0000] {logging_mixin.py:188} INFO - [2024-08-11T08:31:35.809+0000] {dag.py:3947} INFO - Setting next_dagrun for example_task_group_decorator to 2024-08-10 00:00:00+00:00, run_after=2024-08-11 00:00:00+00:00
[2024-08-11T08:31:35.831+0000] {processor.py:183} INFO - Processing /home/ubuntu/zilloapi/lib/python3.12/site-packages/airflow/example_dags/example_task_group_decorator.py took 0.079 seconds
[2024-08-11T08:32:18.217+0000] {processor.py:161} INFO - Started process (PID=3304) to work on /home/ubuntu/zilloapi/lib/python3.12/site-packages/airflow/example_dags/example_task_group_decorator.py
[2024-08-11T08:32:18.220+0000] {processor.py:830} INFO - Processing file /home/ubuntu/zilloapi/lib/python3.12/site-packages/airflow/example_dags/example_task_group_decorator.py for tasks to queue
[2024-08-11T08:32:18.221+0000] {logging_mixin.py:188} INFO - [2024-08-11T08:32:18.221+0000] {dagbag.py:545} INFO - Filling up the DagBag from /home/ubuntu/zilloapi/lib/python3.12/site-packages/airflow/example_dags/example_task_group_decorator.py
[2024-08-11T08:32:18.236+0000] {processor.py:840} INFO - DAG(s) 'example_task_group_decorator' retrieved from /home/ubuntu/zilloapi/lib/python3.12/site-packages/airflow/example_dags/example_task_group_decorator.py
[2024-08-11T08:32:18.253+0000] {logging_mixin.py:188} INFO - [2024-08-11T08:32:18.253+0000] {dag.py:3089} INFO - Sync 1 DAGs
[2024-08-11T08:32:18.271+0000] {logging_mixin.py:188} INFO - [2024-08-11T08:32:18.271+0000] {dag.py:3947} INFO - Setting next_dagrun for example_task_group_decorator to 2024-08-10 00:00:00+00:00, run_after=2024-08-11 00:00:00+00:00
[2024-08-11T08:32:18.290+0000] {processor.py:183} INFO - Processing /home/ubuntu/zilloapi/lib/python3.12/site-packages/airflow/example_dags/example_task_group_decorator.py took 0.078 seconds
[2024-08-11T08:33:01.218+0000] {processor.py:161} INFO - Started process (PID=3348) to work on /home/ubuntu/zilloapi/lib/python3.12/site-packages/airflow/example_dags/example_task_group_decorator.py
[2024-08-11T08:33:01.220+0000] {processor.py:830} INFO - Processing file /home/ubuntu/zilloapi/lib/python3.12/site-packages/airflow/example_dags/example_task_group_decorator.py for tasks to queue
[2024-08-11T08:33:01.222+0000] {logging_mixin.py:188} INFO - [2024-08-11T08:33:01.221+0000] {dagbag.py:545} INFO - Filling up the DagBag from /home/ubuntu/zilloapi/lib/python3.12/site-packages/airflow/example_dags/example_task_group_decorator.py
[2024-08-11T08:33:01.236+0000] {processor.py:840} INFO - DAG(s) 'example_task_group_decorator' retrieved from /home/ubuntu/zilloapi/lib/python3.12/site-packages/airflow/example_dags/example_task_group_decorator.py
[2024-08-11T08:33:01.253+0000] {logging_mixin.py:188} INFO - [2024-08-11T08:33:01.253+0000] {dag.py:3089} INFO - Sync 1 DAGs
[2024-08-11T08:33:01.270+0000] {logging_mixin.py:188} INFO - [2024-08-11T08:33:01.270+0000] {dag.py:3947} INFO - Setting next_dagrun for example_task_group_decorator to 2024-08-10 00:00:00+00:00, run_after=2024-08-11 00:00:00+00:00
[2024-08-11T08:33:01.293+0000] {processor.py:183} INFO - Processing /home/ubuntu/zilloapi/lib/python3.12/site-packages/airflow/example_dags/example_task_group_decorator.py took 0.081 seconds
[2024-08-11T08:33:37.392+0000] {processor.py:161} INFO - Started process (PID=3389) to work on /home/ubuntu/zilloapi/lib/python3.12/site-packages/airflow/example_dags/example_task_group_decorator.py
[2024-08-11T08:33:37.395+0000] {processor.py:830} INFO - Processing file /home/ubuntu/zilloapi/lib/python3.12/site-packages/airflow/example_dags/example_task_group_decorator.py for tasks to queue
[2024-08-11T08:33:37.397+0000] {logging_mixin.py:188} INFO - [2024-08-11T08:33:37.396+0000] {dagbag.py:545} INFO - Filling up the DagBag from /home/ubuntu/zilloapi/lib/python3.12/site-packages/airflow/example_dags/example_task_group_decorator.py
[2024-08-11T08:33:37.410+0000] {processor.py:840} INFO - DAG(s) 'example_task_group_decorator' retrieved from /home/ubuntu/zilloapi/lib/python3.12/site-packages/airflow/example_dags/example_task_group_decorator.py
[2024-08-11T08:33:37.429+0000] {logging_mixin.py:188} INFO - [2024-08-11T08:33:37.429+0000] {dag.py:3089} INFO - Sync 1 DAGs
[2024-08-11T08:33:37.445+0000] {logging_mixin.py:188} INFO - [2024-08-11T08:33:37.445+0000] {dag.py:3947} INFO - Setting next_dagrun for example_task_group_decorator to 2024-08-10 00:00:00+00:00, run_after=2024-08-11 00:00:00+00:00
[2024-08-11T08:33:37.470+0000] {processor.py:183} INFO - Processing /home/ubuntu/zilloapi/lib/python3.12/site-packages/airflow/example_dags/example_task_group_decorator.py took 0.083 seconds
[2024-08-11T08:34:19.990+0000] {processor.py:161} INFO - Started process (PID=3435) to work on /home/ubuntu/zilloapi/lib/python3.12/site-packages/airflow/example_dags/example_task_group_decorator.py
[2024-08-11T08:34:19.993+0000] {processor.py:830} INFO - Processing file /home/ubuntu/zilloapi/lib/python3.12/site-packages/airflow/example_dags/example_task_group_decorator.py for tasks to queue
[2024-08-11T08:34:19.994+0000] {logging_mixin.py:188} INFO - [2024-08-11T08:34:19.994+0000] {dagbag.py:545} INFO - Filling up the DagBag from /home/ubuntu/zilloapi/lib/python3.12/site-packages/airflow/example_dags/example_task_group_decorator.py
[2024-08-11T08:34:20.008+0000] {processor.py:840} INFO - DAG(s) 'example_task_group_decorator' retrieved from /home/ubuntu/zilloapi/lib/python3.12/site-packages/airflow/example_dags/example_task_group_decorator.py
[2024-08-11T08:34:20.026+0000] {logging_mixin.py:188} INFO - [2024-08-11T08:34:20.026+0000] {dag.py:3089} INFO - Sync 1 DAGs
[2024-08-11T08:34:20.042+0000] {logging_mixin.py:188} INFO - [2024-08-11T08:34:20.042+0000] {dag.py:3947} INFO - Setting next_dagrun for example_task_group_decorator to 2024-08-10 00:00:00+00:00, run_after=2024-08-11 00:00:00+00:00
[2024-08-11T08:34:20.064+0000] {processor.py:183} INFO - Processing /home/ubuntu/zilloapi/lib/python3.12/site-packages/airflow/example_dags/example_task_group_decorator.py took 0.079 seconds
