[2024-08-11T08:30:07.292+0000] {processor.py:161} INFO - Started process (PID=2985) to work on /home/ubuntu/zilloapi/lib/python3.12/site-packages/airflow/example_dags/example_nested_branch_dag.py
[2024-08-11T08:30:07.293+0000] {processor.py:830} INFO - Processing file /home/ubuntu/zilloapi/lib/python3.12/site-packages/airflow/example_dags/example_nested_branch_dag.py for tasks to queue
[2024-08-11T08:30:07.295+0000] {logging_mixin.py:188} INFO - [2024-08-11T08:30:07.295+0000] {dagbag.py:545} INFO - Filling up the DagBag from /home/ubuntu/zilloapi/lib/python3.12/site-packages/airflow/example_dags/example_nested_branch_dag.py
[2024-08-11T08:30:07.307+0000] {processor.py:840} INFO - DAG(s) 'example_nested_branch_dag' retrieved from /home/ubuntu/zilloapi/lib/python3.12/site-packages/airflow/example_dags/example_nested_branch_dag.py
[2024-08-11T08:30:07.411+0000] {logging_mixin.py:188} INFO - [2024-08-11T08:30:07.411+0000] {override.py:1858} INFO - Created Permission View: can delete on DAG:example_nested_branch_dag
[2024-08-11T08:30:07.424+0000] {logging_mixin.py:188} INFO - [2024-08-11T08:30:07.424+0000] {override.py:1858} INFO - Created Permission View: can read on DAG:example_nested_branch_dag
[2024-08-11T08:30:07.436+0000] {logging_mixin.py:188} INFO - [2024-08-11T08:30:07.435+0000] {override.py:1858} INFO - Created Permission View: can edit on DAG:example_nested_branch_dag
[2024-08-11T08:30:07.436+0000] {logging_mixin.py:188} INFO - [2024-08-11T08:30:07.436+0000] {dag.py:3089} INFO - Sync 1 DAGs
[2024-08-11T08:30:07.443+0000] {logging_mixin.py:188} INFO - [2024-08-11T08:30:07.442+0000] {dag.py:3111} INFO - Creating ORM DAG for example_nested_branch_dag
[2024-08-11T08:30:07.449+0000] {logging_mixin.py:188} INFO - [2024-08-11T08:30:07.449+0000] {dag.py:3947} INFO - Setting next_dagrun for example_nested_branch_dag to 2024-08-10 00:00:00+00:00, run_after=2024-08-11 00:00:00+00:00
[2024-08-11T08:30:07.466+0000] {processor.py:183} INFO - Processing /home/ubuntu/zilloapi/lib/python3.12/site-packages/airflow/example_dags/example_nested_branch_dag.py took 0.179 seconds
[2024-08-11T08:30:58.073+0000] {processor.py:161} INFO - Started process (PID=3213) to work on /home/ubuntu/zilloapi/lib/python3.12/site-packages/airflow/example_dags/example_nested_branch_dag.py
[2024-08-11T08:30:58.075+0000] {processor.py:830} INFO - Processing file /home/ubuntu/zilloapi/lib/python3.12/site-packages/airflow/example_dags/example_nested_branch_dag.py for tasks to queue
[2024-08-11T08:30:58.076+0000] {logging_mixin.py:188} INFO - [2024-08-11T08:30:58.076+0000] {dagbag.py:545} INFO - Filling up the DagBag from /home/ubuntu/zilloapi/lib/python3.12/site-packages/airflow/example_dags/example_nested_branch_dag.py
[2024-08-11T08:30:58.086+0000] {processor.py:840} INFO - DAG(s) 'example_nested_branch_dag' retrieved from /home/ubuntu/zilloapi/lib/python3.12/site-packages/airflow/example_dags/example_nested_branch_dag.py
[2024-08-11T08:30:58.102+0000] {logging_mixin.py:188} INFO - [2024-08-11T08:30:58.102+0000] {dag.py:3089} INFO - Sync 1 DAGs
[2024-08-11T08:30:58.120+0000] {logging_mixin.py:188} INFO - [2024-08-11T08:30:58.120+0000] {dag.py:3947} INFO - Setting next_dagrun for example_nested_branch_dag to 2024-08-10 00:00:00+00:00, run_after=2024-08-11 00:00:00+00:00
[2024-08-11T08:30:58.142+0000] {processor.py:183} INFO - Processing /home/ubuntu/zilloapi/lib/python3.12/site-packages/airflow/example_dags/example_nested_branch_dag.py took 0.075 seconds
[2024-08-11T08:31:47.877+0000] {processor.py:161} INFO - Started process (PID=3272) to work on /home/ubuntu/zilloapi/lib/python3.12/site-packages/airflow/example_dags/example_nested_branch_dag.py
[2024-08-11T08:31:47.879+0000] {processor.py:830} INFO - Processing file /home/ubuntu/zilloapi/lib/python3.12/site-packages/airflow/example_dags/example_nested_branch_dag.py for tasks to queue
[2024-08-11T08:31:47.881+0000] {logging_mixin.py:188} INFO - [2024-08-11T08:31:47.880+0000] {dagbag.py:545} INFO - Filling up the DagBag from /home/ubuntu/zilloapi/lib/python3.12/site-packages/airflow/example_dags/example_nested_branch_dag.py
[2024-08-11T08:31:47.891+0000] {processor.py:840} INFO - DAG(s) 'example_nested_branch_dag' retrieved from /home/ubuntu/zilloapi/lib/python3.12/site-packages/airflow/example_dags/example_nested_branch_dag.py
[2024-08-11T08:31:47.907+0000] {logging_mixin.py:188} INFO - [2024-08-11T08:31:47.907+0000] {dag.py:3089} INFO - Sync 1 DAGs
[2024-08-11T08:31:47.924+0000] {logging_mixin.py:188} INFO - [2024-08-11T08:31:47.924+0000] {dag.py:3947} INFO - Setting next_dagrun for example_nested_branch_dag to 2024-08-10 00:00:00+00:00, run_after=2024-08-11 00:00:00+00:00
[2024-08-11T08:31:47.946+0000] {processor.py:183} INFO - Processing /home/ubuntu/zilloapi/lib/python3.12/site-packages/airflow/example_dags/example_nested_branch_dag.py took 0.074 seconds
[2024-08-11T08:32:47.687+0000] {processor.py:161} INFO - Started process (PID=3334) to work on /home/ubuntu/zilloapi/lib/python3.12/site-packages/airflow/example_dags/example_nested_branch_dag.py
[2024-08-11T08:32:47.689+0000] {processor.py:830} INFO - Processing file /home/ubuntu/zilloapi/lib/python3.12/site-packages/airflow/example_dags/example_nested_branch_dag.py for tasks to queue
[2024-08-11T08:32:47.691+0000] {logging_mixin.py:188} INFO - [2024-08-11T08:32:47.690+0000] {dagbag.py:545} INFO - Filling up the DagBag from /home/ubuntu/zilloapi/lib/python3.12/site-packages/airflow/example_dags/example_nested_branch_dag.py
[2024-08-11T08:32:47.700+0000] {processor.py:840} INFO - DAG(s) 'example_nested_branch_dag' retrieved from /home/ubuntu/zilloapi/lib/python3.12/site-packages/airflow/example_dags/example_nested_branch_dag.py
[2024-08-11T08:32:47.716+0000] {logging_mixin.py:188} INFO - [2024-08-11T08:32:47.716+0000] {dag.py:3089} INFO - Sync 1 DAGs
[2024-08-11T08:32:47.733+0000] {logging_mixin.py:188} INFO - [2024-08-11T08:32:47.733+0000] {dag.py:3947} INFO - Setting next_dagrun for example_nested_branch_dag to 2024-08-10 00:00:00+00:00, run_after=2024-08-11 00:00:00+00:00
[2024-08-11T08:32:47.757+0000] {processor.py:183} INFO - Processing /home/ubuntu/zilloapi/lib/python3.12/site-packages/airflow/example_dags/example_nested_branch_dag.py took 0.076 seconds
[2024-08-11T08:33:43.681+0000] {processor.py:161} INFO - Started process (PID=3395) to work on /home/ubuntu/zilloapi/lib/python3.12/site-packages/airflow/example_dags/example_nested_branch_dag.py
[2024-08-11T08:33:43.684+0000] {processor.py:830} INFO - Processing file /home/ubuntu/zilloapi/lib/python3.12/site-packages/airflow/example_dags/example_nested_branch_dag.py for tasks to queue
[2024-08-11T08:33:43.685+0000] {logging_mixin.py:188} INFO - [2024-08-11T08:33:43.685+0000] {dagbag.py:545} INFO - Filling up the DagBag from /home/ubuntu/zilloapi/lib/python3.12/site-packages/airflow/example_dags/example_nested_branch_dag.py
[2024-08-11T08:33:43.694+0000] {processor.py:840} INFO - DAG(s) 'example_nested_branch_dag' retrieved from /home/ubuntu/zilloapi/lib/python3.12/site-packages/airflow/example_dags/example_nested_branch_dag.py
[2024-08-11T08:33:43.710+0000] {logging_mixin.py:188} INFO - [2024-08-11T08:33:43.710+0000] {dag.py:3089} INFO - Sync 1 DAGs
[2024-08-11T08:33:43.728+0000] {logging_mixin.py:188} INFO - [2024-08-11T08:33:43.728+0000] {dag.py:3947} INFO - Setting next_dagrun for example_nested_branch_dag to 2024-08-10 00:00:00+00:00, run_after=2024-08-11 00:00:00+00:00
[2024-08-11T08:33:43.749+0000] {processor.py:183} INFO - Processing /home/ubuntu/zilloapi/lib/python3.12/site-packages/airflow/example_dags/example_nested_branch_dag.py took 0.074 seconds
[2024-08-11T08:34:44.120+0000] {processor.py:161} INFO - Started process (PID=3463) to work on /home/ubuntu/zilloapi/lib/python3.12/site-packages/airflow/example_dags/example_nested_branch_dag.py
[2024-08-11T08:34:44.123+0000] {processor.py:830} INFO - Processing file /home/ubuntu/zilloapi/lib/python3.12/site-packages/airflow/example_dags/example_nested_branch_dag.py for tasks to queue
[2024-08-11T08:34:44.123+0000] {logging_mixin.py:188} INFO - [2024-08-11T08:34:44.123+0000] {dagbag.py:545} INFO - Filling up the DagBag from /home/ubuntu/zilloapi/lib/python3.12/site-packages/airflow/example_dags/example_nested_branch_dag.py
[2024-08-11T08:34:44.133+0000] {processor.py:840} INFO - DAG(s) 'example_nested_branch_dag' retrieved from /home/ubuntu/zilloapi/lib/python3.12/site-packages/airflow/example_dags/example_nested_branch_dag.py
[2024-08-11T08:34:44.150+0000] {logging_mixin.py:188} INFO - [2024-08-11T08:34:44.149+0000] {dag.py:3089} INFO - Sync 1 DAGs
[2024-08-11T08:34:44.168+0000] {logging_mixin.py:188} INFO - [2024-08-11T08:34:44.168+0000] {dag.py:3947} INFO - Setting next_dagrun for example_nested_branch_dag to 2024-08-10 00:00:00+00:00, run_after=2024-08-11 00:00:00+00:00
[2024-08-11T08:34:44.193+0000] {processor.py:183} INFO - Processing /home/ubuntu/zilloapi/lib/python3.12/site-packages/airflow/example_dags/example_nested_branch_dag.py took 0.078 seconds
