[2024-08-11T08:29:56.857+0000] {processor.py:161} INFO - Started process (PID=2958) to work on /home/ubuntu/zilloapi/lib/python3.12/site-packages/airflow/example_dags/example_skip_dag.py
[2024-08-11T08:29:56.857+0000] {processor.py:830} INFO - Processing file /home/ubuntu/zilloapi/lib/python3.12/site-packages/airflow/example_dags/example_skip_dag.py for tasks to queue
[2024-08-11T08:29:56.859+0000] {logging_mixin.py:188} INFO - [2024-08-11T08:29:56.858+0000] {dagbag.py:545} INFO - Filling up the DagBag from /home/ubuntu/zilloapi/lib/python3.12/site-packages/airflow/example_dags/example_skip_dag.py
[2024-08-11T08:29:56.865+0000] {processor.py:840} INFO - DAG(s) 'example_skip_dag' retrieved from /home/ubuntu/zilloapi/lib/python3.12/site-packages/airflow/example_dags/example_skip_dag.py
[2024-08-11T08:29:56.952+0000] {logging_mixin.py:188} INFO - [2024-08-11T08:29:56.952+0000] {override.py:1858} INFO - Created Permission View: can delete on DAG:example_skip_dag
[2024-08-11T08:29:56.965+0000] {logging_mixin.py:188} INFO - [2024-08-11T08:29:56.965+0000] {override.py:1858} INFO - Created Permission View: can read on DAG:example_skip_dag
[2024-08-11T08:29:56.976+0000] {logging_mixin.py:188} INFO - [2024-08-11T08:29:56.975+0000] {override.py:1858} INFO - Created Permission View: can edit on DAG:example_skip_dag
[2024-08-11T08:29:56.976+0000] {logging_mixin.py:188} INFO - [2024-08-11T08:29:56.976+0000] {dag.py:3089} INFO - Sync 1 DAGs
[2024-08-11T08:29:56.985+0000] {logging_mixin.py:188} INFO - [2024-08-11T08:29:56.984+0000] {dag.py:3111} INFO - Creating ORM DAG for example_skip_dag
[2024-08-11T08:29:56.992+0000] {logging_mixin.py:188} INFO - [2024-08-11T08:29:56.991+0000] {dag.py:3947} INFO - Setting next_dagrun for example_skip_dag to 2024-08-10 00:00:00+00:00, run_after=2024-08-11 00:00:00+00:00
[2024-08-11T08:29:57.013+0000] {processor.py:183} INFO - Processing /home/ubuntu/zilloapi/lib/python3.12/site-packages/airflow/example_dags/example_skip_dag.py took 0.161 seconds
[2024-08-11T08:30:48.931+0000] {processor.py:161} INFO - Started process (PID=3134) to work on /home/ubuntu/zilloapi/lib/python3.12/site-packages/airflow/example_dags/example_skip_dag.py
[2024-08-11T08:30:48.933+0000] {processor.py:830} INFO - Processing file /home/ubuntu/zilloapi/lib/python3.12/site-packages/airflow/example_dags/example_skip_dag.py for tasks to queue
[2024-08-11T08:30:48.935+0000] {logging_mixin.py:188} INFO - [2024-08-11T08:30:48.934+0000] {dagbag.py:545} INFO - Filling up the DagBag from /home/ubuntu/zilloapi/lib/python3.12/site-packages/airflow/example_dags/example_skip_dag.py
[2024-08-11T08:30:48.940+0000] {processor.py:840} INFO - DAG(s) 'example_skip_dag' retrieved from /home/ubuntu/zilloapi/lib/python3.12/site-packages/airflow/example_dags/example_skip_dag.py
[2024-08-11T08:30:48.956+0000] {logging_mixin.py:188} INFO - [2024-08-11T08:30:48.956+0000] {dag.py:3089} INFO - Sync 1 DAGs
[2024-08-11T08:30:48.973+0000] {logging_mixin.py:188} INFO - [2024-08-11T08:30:48.973+0000] {dag.py:3947} INFO - Setting next_dagrun for example_skip_dag to 2024-08-10 00:00:00+00:00, run_after=2024-08-11 00:00:00+00:00
[2024-08-11T08:30:48.993+0000] {processor.py:183} INFO - Processing /home/ubuntu/zilloapi/lib/python3.12/site-packages/airflow/example_dags/example_skip_dag.py took 0.068 seconds
[2024-08-11T08:31:38.876+0000] {processor.py:161} INFO - Started process (PID=3261) to work on /home/ubuntu/zilloapi/lib/python3.12/site-packages/airflow/example_dags/example_skip_dag.py
[2024-08-11T08:31:38.878+0000] {processor.py:830} INFO - Processing file /home/ubuntu/zilloapi/lib/python3.12/site-packages/airflow/example_dags/example_skip_dag.py for tasks to queue
[2024-08-11T08:31:38.880+0000] {logging_mixin.py:188} INFO - [2024-08-11T08:31:38.880+0000] {dagbag.py:545} INFO - Filling up the DagBag from /home/ubuntu/zilloapi/lib/python3.12/site-packages/airflow/example_dags/example_skip_dag.py
[2024-08-11T08:31:38.887+0000] {processor.py:840} INFO - DAG(s) 'example_skip_dag' retrieved from /home/ubuntu/zilloapi/lib/python3.12/site-packages/airflow/example_dags/example_skip_dag.py
[2024-08-11T08:31:38.903+0000] {logging_mixin.py:188} INFO - [2024-08-11T08:31:38.903+0000] {dag.py:3089} INFO - Sync 1 DAGs
[2024-08-11T08:31:38.919+0000] {logging_mixin.py:188} INFO - [2024-08-11T08:31:38.919+0000] {dag.py:3947} INFO - Setting next_dagrun for example_skip_dag to 2024-08-10 00:00:00+00:00, run_after=2024-08-11 00:00:00+00:00
[2024-08-11T08:31:38.941+0000] {processor.py:183} INFO - Processing /home/ubuntu/zilloapi/lib/python3.12/site-packages/airflow/example_dags/example_skip_dag.py took 0.069 seconds
[2024-08-11T08:32:21.109+0000] {processor.py:161} INFO - Started process (PID=3307) to work on /home/ubuntu/zilloapi/lib/python3.12/site-packages/airflow/example_dags/example_skip_dag.py
[2024-08-11T08:32:21.110+0000] {processor.py:830} INFO - Processing file /home/ubuntu/zilloapi/lib/python3.12/site-packages/airflow/example_dags/example_skip_dag.py for tasks to queue
[2024-08-11T08:32:21.112+0000] {logging_mixin.py:188} INFO - [2024-08-11T08:32:21.111+0000] {dagbag.py:545} INFO - Filling up the DagBag from /home/ubuntu/zilloapi/lib/python3.12/site-packages/airflow/example_dags/example_skip_dag.py
[2024-08-11T08:32:21.119+0000] {processor.py:840} INFO - DAG(s) 'example_skip_dag' retrieved from /home/ubuntu/zilloapi/lib/python3.12/site-packages/airflow/example_dags/example_skip_dag.py
[2024-08-11T08:32:21.136+0000] {logging_mixin.py:188} INFO - [2024-08-11T08:32:21.136+0000] {dag.py:3089} INFO - Sync 1 DAGs
[2024-08-11T08:32:21.152+0000] {logging_mixin.py:188} INFO - [2024-08-11T08:32:21.152+0000] {dag.py:3947} INFO - Setting next_dagrun for example_skip_dag to 2024-08-10 00:00:00+00:00, run_after=2024-08-11 00:00:00+00:00
[2024-08-11T08:32:21.173+0000] {processor.py:183} INFO - Processing /home/ubuntu/zilloapi/lib/python3.12/site-packages/airflow/example_dags/example_skip_dag.py took 0.069 seconds
[2024-08-11T08:33:03.655+0000] {processor.py:161} INFO - Started process (PID=3351) to work on /home/ubuntu/zilloapi/lib/python3.12/site-packages/airflow/example_dags/example_skip_dag.py
[2024-08-11T08:33:03.657+0000] {processor.py:830} INFO - Processing file /home/ubuntu/zilloapi/lib/python3.12/site-packages/airflow/example_dags/example_skip_dag.py for tasks to queue
[2024-08-11T08:33:03.659+0000] {logging_mixin.py:188} INFO - [2024-08-11T08:33:03.659+0000] {dagbag.py:545} INFO - Filling up the DagBag from /home/ubuntu/zilloapi/lib/python3.12/site-packages/airflow/example_dags/example_skip_dag.py
[2024-08-11T08:33:03.665+0000] {processor.py:840} INFO - DAG(s) 'example_skip_dag' retrieved from /home/ubuntu/zilloapi/lib/python3.12/site-packages/airflow/example_dags/example_skip_dag.py
[2024-08-11T08:33:03.681+0000] {logging_mixin.py:188} INFO - [2024-08-11T08:33:03.681+0000] {dag.py:3089} INFO - Sync 1 DAGs
[2024-08-11T08:33:03.697+0000] {logging_mixin.py:188} INFO - [2024-08-11T08:33:03.697+0000] {dag.py:3947} INFO - Setting next_dagrun for example_skip_dag to 2024-08-10 00:00:00+00:00, run_after=2024-08-11 00:00:00+00:00
[2024-08-11T08:33:03.721+0000] {processor.py:183} INFO - Processing /home/ubuntu/zilloapi/lib/python3.12/site-packages/airflow/example_dags/example_skip_dag.py took 0.072 seconds
[2024-08-11T08:33:58.589+0000] {processor.py:161} INFO - Started process (PID=3411) to work on /home/ubuntu/zilloapi/lib/python3.12/site-packages/airflow/example_dags/example_skip_dag.py
[2024-08-11T08:33:58.591+0000] {processor.py:830} INFO - Processing file /home/ubuntu/zilloapi/lib/python3.12/site-packages/airflow/example_dags/example_skip_dag.py for tasks to queue
[2024-08-11T08:33:58.593+0000] {logging_mixin.py:188} INFO - [2024-08-11T08:33:58.592+0000] {dagbag.py:545} INFO - Filling up the DagBag from /home/ubuntu/zilloapi/lib/python3.12/site-packages/airflow/example_dags/example_skip_dag.py
[2024-08-11T08:33:58.600+0000] {processor.py:840} INFO - DAG(s) 'example_skip_dag' retrieved from /home/ubuntu/zilloapi/lib/python3.12/site-packages/airflow/example_dags/example_skip_dag.py
[2024-08-11T08:33:58.614+0000] {logging_mixin.py:188} INFO - [2024-08-11T08:33:58.614+0000] {dag.py:3089} INFO - Sync 1 DAGs
[2024-08-11T08:33:58.632+0000] {logging_mixin.py:188} INFO - [2024-08-11T08:33:58.632+0000] {dag.py:3947} INFO - Setting next_dagrun for example_skip_dag to 2024-08-10 00:00:00+00:00, run_after=2024-08-11 00:00:00+00:00
[2024-08-11T08:33:58.654+0000] {processor.py:183} INFO - Processing /home/ubuntu/zilloapi/lib/python3.12/site-packages/airflow/example_dags/example_skip_dag.py took 0.070 seconds
[2024-08-11T08:34:38.975+0000] {processor.py:161} INFO - Started process (PID=3457) to work on /home/ubuntu/zilloapi/lib/python3.12/site-packages/airflow/example_dags/example_skip_dag.py
[2024-08-11T08:34:38.978+0000] {processor.py:830} INFO - Processing file /home/ubuntu/zilloapi/lib/python3.12/site-packages/airflow/example_dags/example_skip_dag.py for tasks to queue
[2024-08-11T08:34:38.979+0000] {logging_mixin.py:188} INFO - [2024-08-11T08:34:38.978+0000] {dagbag.py:545} INFO - Filling up the DagBag from /home/ubuntu/zilloapi/lib/python3.12/site-packages/airflow/example_dags/example_skip_dag.py
[2024-08-11T08:34:38.985+0000] {processor.py:840} INFO - DAG(s) 'example_skip_dag' retrieved from /home/ubuntu/zilloapi/lib/python3.12/site-packages/airflow/example_dags/example_skip_dag.py
[2024-08-11T08:34:39.001+0000] {logging_mixin.py:188} INFO - [2024-08-11T08:34:39.001+0000] {dag.py:3089} INFO - Sync 1 DAGs
[2024-08-11T08:34:39.019+0000] {logging_mixin.py:188} INFO - [2024-08-11T08:34:39.019+0000] {dag.py:3947} INFO - Setting next_dagrun for example_skip_dag to 2024-08-10 00:00:00+00:00, run_after=2024-08-11 00:00:00+00:00
[2024-08-11T08:34:39.041+0000] {processor.py:183} INFO - Processing /home/ubuntu/zilloapi/lib/python3.12/site-packages/airflow/example_dags/example_skip_dag.py took 0.072 seconds
