[2024-08-11T08:30:19.118+0000] {processor.py:161} INFO - Started process (PID=3000) to work on /home/ubuntu/zilloapi/lib/python3.12/site-packages/airflow/example_dags/example_branch_datetime_operator.py
[2024-08-11T08:30:19.119+0000] {processor.py:830} INFO - Processing file /home/ubuntu/zilloapi/lib/python3.12/site-packages/airflow/example_dags/example_branch_datetime_operator.py for tasks to queue
[2024-08-11T08:30:19.120+0000] {logging_mixin.py:188} INFO - [2024-08-11T08:30:19.120+0000] {dagbag.py:545} INFO - Filling up the DagBag from /home/ubuntu/zilloapi/lib/python3.12/site-packages/airflow/example_dags/example_branch_datetime_operator.py
[2024-08-11T08:30:19.130+0000] {processor.py:840} INFO - DAG(s) 'example_branch_datetime_operator_2', 'example_branch_datetime_operator', 'example_branch_datetime_operator_3' retrieved from /home/ubuntu/zilloapi/lib/python3.12/site-packages/airflow/example_dags/example_branch_datetime_operator.py
[2024-08-11T08:30:19.233+0000] {logging_mixin.py:188} INFO - [2024-08-11T08:30:19.233+0000] {override.py:1858} INFO - Created Permission View: can delete on DAG:example_branch_datetime_operator_2
[2024-08-11T08:30:19.246+0000] {logging_mixin.py:188} INFO - [2024-08-11T08:30:19.246+0000] {override.py:1858} INFO - Created Permission View: can read on DAG:example_branch_datetime_operator_2
[2024-08-11T08:30:19.254+0000] {logging_mixin.py:188} INFO - [2024-08-11T08:30:19.254+0000] {override.py:1858} INFO - Created Permission View: can edit on DAG:example_branch_datetime_operator_2
[2024-08-11T08:30:19.276+0000] {logging_mixin.py:188} INFO - [2024-08-11T08:30:19.276+0000] {override.py:1858} INFO - Created Permission View: can delete on DAG:example_branch_datetime_operator
[2024-08-11T08:30:19.286+0000] {logging_mixin.py:188} INFO - [2024-08-11T08:30:19.286+0000] {override.py:1858} INFO - Created Permission View: can read on DAG:example_branch_datetime_operator
[2024-08-11T08:30:19.295+0000] {logging_mixin.py:188} INFO - [2024-08-11T08:30:19.295+0000] {override.py:1858} INFO - Created Permission View: can edit on DAG:example_branch_datetime_operator
[2024-08-11T08:30:19.315+0000] {logging_mixin.py:188} INFO - [2024-08-11T08:30:19.315+0000] {override.py:1858} INFO - Created Permission View: can delete on DAG:example_branch_datetime_operator_3
[2024-08-11T08:30:19.323+0000] {logging_mixin.py:188} INFO - [2024-08-11T08:30:19.323+0000] {override.py:1858} INFO - Created Permission View: can read on DAG:example_branch_datetime_operator_3
[2024-08-11T08:30:19.331+0000] {logging_mixin.py:188} INFO - [2024-08-11T08:30:19.331+0000] {override.py:1858} INFO - Created Permission View: can edit on DAG:example_branch_datetime_operator_3
[2024-08-11T08:30:19.331+0000] {logging_mixin.py:188} INFO - [2024-08-11T08:30:19.331+0000] {dag.py:3089} INFO - Sync 3 DAGs
[2024-08-11T08:30:19.340+0000] {logging_mixin.py:188} INFO - [2024-08-11T08:30:19.340+0000] {dag.py:3111} INFO - Creating ORM DAG for example_branch_datetime_operator_2
[2024-08-11T08:30:19.340+0000] {logging_mixin.py:188} INFO - [2024-08-11T08:30:19.340+0000] {dag.py:3111} INFO - Creating ORM DAG for example_branch_datetime_operator
[2024-08-11T08:30:19.341+0000] {logging_mixin.py:188} INFO - [2024-08-11T08:30:19.341+0000] {dag.py:3111} INFO - Creating ORM DAG for example_branch_datetime_operator_3
[2024-08-11T08:30:19.349+0000] {logging_mixin.py:188} INFO - [2024-08-11T08:30:19.349+0000] {dag.py:3947} INFO - Setting next_dagrun for example_branch_datetime_operator to 2024-08-10 00:00:00+00:00, run_after=2024-08-11 00:00:00+00:00
[2024-08-11T08:30:19.351+0000] {logging_mixin.py:188} INFO - [2024-08-11T08:30:19.351+0000] {dag.py:3947} INFO - Setting next_dagrun for example_branch_datetime_operator_2 to 2024-08-10 00:00:00+00:00, run_after=2024-08-11 00:00:00+00:00
[2024-08-11T08:30:19.352+0000] {logging_mixin.py:188} INFO - [2024-08-11T08:30:19.352+0000] {dag.py:3947} INFO - Setting next_dagrun for example_branch_datetime_operator_3 to 2024-08-10 00:00:00+00:00, run_after=2024-08-11 00:00:00+00:00
[2024-08-11T08:30:19.372+0000] {processor.py:183} INFO - Processing /home/ubuntu/zilloapi/lib/python3.12/site-packages/airflow/example_dags/example_branch_datetime_operator.py took 0.260 seconds
[2024-08-11T08:31:09.494+0000] {processor.py:161} INFO - Started process (PID=3224) to work on /home/ubuntu/zilloapi/lib/python3.12/site-packages/airflow/example_dags/example_branch_datetime_operator.py
[2024-08-11T08:31:09.496+0000] {processor.py:830} INFO - Processing file /home/ubuntu/zilloapi/lib/python3.12/site-packages/airflow/example_dags/example_branch_datetime_operator.py for tasks to queue
[2024-08-11T08:31:09.497+0000] {logging_mixin.py:188} INFO - [2024-08-11T08:31:09.497+0000] {dagbag.py:545} INFO - Filling up the DagBag from /home/ubuntu/zilloapi/lib/python3.12/site-packages/airflow/example_dags/example_branch_datetime_operator.py
[2024-08-11T08:31:09.506+0000] {processor.py:840} INFO - DAG(s) 'example_branch_datetime_operator', 'example_branch_datetime_operator_2', 'example_branch_datetime_operator_3' retrieved from /home/ubuntu/zilloapi/lib/python3.12/site-packages/airflow/example_dags/example_branch_datetime_operator.py
[2024-08-11T08:31:09.526+0000] {logging_mixin.py:188} INFO - [2024-08-11T08:31:09.526+0000] {dag.py:3089} INFO - Sync 3 DAGs
[2024-08-11T08:31:09.545+0000] {logging_mixin.py:188} INFO - [2024-08-11T08:31:09.545+0000] {dag.py:3947} INFO - Setting next_dagrun for example_branch_datetime_operator to 2024-08-10 00:00:00+00:00, run_after=2024-08-11 00:00:00+00:00
[2024-08-11T08:31:09.549+0000] {logging_mixin.py:188} INFO - [2024-08-11T08:31:09.549+0000] {dag.py:3947} INFO - Setting next_dagrun for example_branch_datetime_operator_2 to 2024-08-10 00:00:00+00:00, run_after=2024-08-11 00:00:00+00:00
[2024-08-11T08:31:09.550+0000] {logging_mixin.py:188} INFO - [2024-08-11T08:31:09.550+0000] {dag.py:3947} INFO - Setting next_dagrun for example_branch_datetime_operator_3 to 2024-08-10 00:00:00+00:00, run_after=2024-08-11 00:00:00+00:00
[2024-08-11T08:31:09.568+0000] {processor.py:183} INFO - Processing /home/ubuntu/zilloapi/lib/python3.12/site-packages/airflow/example_dags/example_branch_datetime_operator.py took 0.081 seconds
[2024-08-11T08:32:09.973+0000] {processor.py:161} INFO - Started process (PID=3295) to work on /home/ubuntu/zilloapi/lib/python3.12/site-packages/airflow/example_dags/example_branch_datetime_operator.py
[2024-08-11T08:32:09.976+0000] {processor.py:830} INFO - Processing file /home/ubuntu/zilloapi/lib/python3.12/site-packages/airflow/example_dags/example_branch_datetime_operator.py for tasks to queue
[2024-08-11T08:32:09.977+0000] {logging_mixin.py:188} INFO - [2024-08-11T08:32:09.977+0000] {dagbag.py:545} INFO - Filling up the DagBag from /home/ubuntu/zilloapi/lib/python3.12/site-packages/airflow/example_dags/example_branch_datetime_operator.py
[2024-08-11T08:32:09.986+0000] {processor.py:840} INFO - DAG(s) 'example_branch_datetime_operator_2', 'example_branch_datetime_operator', 'example_branch_datetime_operator_3' retrieved from /home/ubuntu/zilloapi/lib/python3.12/site-packages/airflow/example_dags/example_branch_datetime_operator.py
[2024-08-11T08:32:10.006+0000] {logging_mixin.py:188} INFO - [2024-08-11T08:32:10.006+0000] {dag.py:3089} INFO - Sync 3 DAGs
[2024-08-11T08:32:10.025+0000] {logging_mixin.py:188} INFO - [2024-08-11T08:32:10.025+0000] {dag.py:3947} INFO - Setting next_dagrun for example_branch_datetime_operator to 2024-08-10 00:00:00+00:00, run_after=2024-08-11 00:00:00+00:00
[2024-08-11T08:32:10.028+0000] {logging_mixin.py:188} INFO - [2024-08-11T08:32:10.028+0000] {dag.py:3947} INFO - Setting next_dagrun for example_branch_datetime_operator_2 to 2024-08-10 00:00:00+00:00, run_after=2024-08-11 00:00:00+00:00
[2024-08-11T08:32:10.030+0000] {logging_mixin.py:188} INFO - [2024-08-11T08:32:10.029+0000] {dag.py:3947} INFO - Setting next_dagrun for example_branch_datetime_operator_3 to 2024-08-10 00:00:00+00:00, run_after=2024-08-11 00:00:00+00:00
[2024-08-11T08:32:10.049+0000] {processor.py:183} INFO - Processing /home/ubuntu/zilloapi/lib/python3.12/site-packages/airflow/example_dags/example_branch_datetime_operator.py took 0.081 seconds
[2024-08-11T08:33:11.353+0000] {processor.py:161} INFO - Started process (PID=3359) to work on /home/ubuntu/zilloapi/lib/python3.12/site-packages/airflow/example_dags/example_branch_datetime_operator.py
[2024-08-11T08:33:11.355+0000] {processor.py:830} INFO - Processing file /home/ubuntu/zilloapi/lib/python3.12/site-packages/airflow/example_dags/example_branch_datetime_operator.py for tasks to queue
[2024-08-11T08:33:11.356+0000] {logging_mixin.py:188} INFO - [2024-08-11T08:33:11.356+0000] {dagbag.py:545} INFO - Filling up the DagBag from /home/ubuntu/zilloapi/lib/python3.12/site-packages/airflow/example_dags/example_branch_datetime_operator.py
[2024-08-11T08:33:11.366+0000] {processor.py:840} INFO - DAG(s) 'example_branch_datetime_operator', 'example_branch_datetime_operator_3', 'example_branch_datetime_operator_2' retrieved from /home/ubuntu/zilloapi/lib/python3.12/site-packages/airflow/example_dags/example_branch_datetime_operator.py
[2024-08-11T08:33:11.387+0000] {logging_mixin.py:188} INFO - [2024-08-11T08:33:11.386+0000] {dag.py:3089} INFO - Sync 3 DAGs
[2024-08-11T08:33:11.404+0000] {logging_mixin.py:188} INFO - [2024-08-11T08:33:11.404+0000] {dag.py:3947} INFO - Setting next_dagrun for example_branch_datetime_operator to 2024-08-10 00:00:00+00:00, run_after=2024-08-11 00:00:00+00:00
[2024-08-11T08:33:11.408+0000] {logging_mixin.py:188} INFO - [2024-08-11T08:33:11.408+0000] {dag.py:3947} INFO - Setting next_dagrun for example_branch_datetime_operator_2 to 2024-08-10 00:00:00+00:00, run_after=2024-08-11 00:00:00+00:00
[2024-08-11T08:33:11.409+0000] {logging_mixin.py:188} INFO - [2024-08-11T08:33:11.409+0000] {dag.py:3947} INFO - Setting next_dagrun for example_branch_datetime_operator_3 to 2024-08-10 00:00:00+00:00, run_after=2024-08-11 00:00:00+00:00
[2024-08-11T08:33:11.432+0000] {processor.py:183} INFO - Processing /home/ubuntu/zilloapi/lib/python3.12/site-packages/airflow/example_dags/example_branch_datetime_operator.py took 0.084 seconds
[2024-08-11T08:34:06.990+0000] {processor.py:161} INFO - Started process (PID=3420) to work on /home/ubuntu/zilloapi/lib/python3.12/site-packages/airflow/example_dags/example_branch_datetime_operator.py
[2024-08-11T08:34:06.991+0000] {processor.py:830} INFO - Processing file /home/ubuntu/zilloapi/lib/python3.12/site-packages/airflow/example_dags/example_branch_datetime_operator.py for tasks to queue
[2024-08-11T08:34:06.993+0000] {logging_mixin.py:188} INFO - [2024-08-11T08:34:06.992+0000] {dagbag.py:545} INFO - Filling up the DagBag from /home/ubuntu/zilloapi/lib/python3.12/site-packages/airflow/example_dags/example_branch_datetime_operator.py
[2024-08-11T08:34:07.001+0000] {processor.py:840} INFO - DAG(s) 'example_branch_datetime_operator', 'example_branch_datetime_operator_2', 'example_branch_datetime_operator_3' retrieved from /home/ubuntu/zilloapi/lib/python3.12/site-packages/airflow/example_dags/example_branch_datetime_operator.py
[2024-08-11T08:34:07.021+0000] {logging_mixin.py:188} INFO - [2024-08-11T08:34:07.021+0000] {dag.py:3089} INFO - Sync 3 DAGs
[2024-08-11T08:34:07.040+0000] {logging_mixin.py:188} INFO - [2024-08-11T08:34:07.040+0000] {dag.py:3947} INFO - Setting next_dagrun for example_branch_datetime_operator to 2024-08-10 00:00:00+00:00, run_after=2024-08-11 00:00:00+00:00
[2024-08-11T08:34:07.044+0000] {logging_mixin.py:188} INFO - [2024-08-11T08:34:07.044+0000] {dag.py:3947} INFO - Setting next_dagrun for example_branch_datetime_operator_2 to 2024-08-10 00:00:00+00:00, run_after=2024-08-11 00:00:00+00:00
[2024-08-11T08:34:07.045+0000] {logging_mixin.py:188} INFO - [2024-08-11T08:34:07.045+0000] {dag.py:3947} INFO - Setting next_dagrun for example_branch_datetime_operator_3 to 2024-08-10 00:00:00+00:00, run_after=2024-08-11 00:00:00+00:00
[2024-08-11T08:34:07.067+0000] {processor.py:183} INFO - Processing /home/ubuntu/zilloapi/lib/python3.12/site-packages/airflow/example_dags/example_branch_datetime_operator.py took 0.082 seconds
