[2024-08-11T08:30:28.368+0000] {processor.py:161} INFO - Started process (PID=3011) to work on /home/ubuntu/zilloapi/lib/python3.12/site-packages/airflow/example_dags/example_bash_decorator.py
[2024-08-11T08:30:28.369+0000] {processor.py:830} INFO - Processing file /home/ubuntu/zilloapi/lib/python3.12/site-packages/airflow/example_dags/example_bash_decorator.py for tasks to queue
[2024-08-11T08:30:28.370+0000] {logging_mixin.py:188} INFO - [2024-08-11T08:30:28.370+0000] {dagbag.py:545} INFO - Filling up the DagBag from /home/ubuntu/zilloapi/lib/python3.12/site-packages/airflow/example_dags/example_bash_decorator.py
[2024-08-11T08:30:28.384+0000] {processor.py:840} INFO - DAG(s) 'example_bash_decorator' retrieved from /home/ubuntu/zilloapi/lib/python3.12/site-packages/airflow/example_dags/example_bash_decorator.py
[2024-08-11T08:30:28.489+0000] {logging_mixin.py:188} INFO - [2024-08-11T08:30:28.489+0000] {override.py:1858} INFO - Created Permission View: can delete on DAG:example_bash_decorator
[2024-08-11T08:30:28.499+0000] {logging_mixin.py:188} INFO - [2024-08-11T08:30:28.499+0000] {override.py:1858} INFO - Created Permission View: can read on DAG:example_bash_decorator
[2024-08-11T08:30:28.508+0000] {logging_mixin.py:188} INFO - [2024-08-11T08:30:28.508+0000] {override.py:1858} INFO - Created Permission View: can edit on DAG:example_bash_decorator
[2024-08-11T08:30:28.508+0000] {logging_mixin.py:188} INFO - [2024-08-11T08:30:28.508+0000] {dag.py:3089} INFO - Sync 1 DAGs
[2024-08-11T08:30:28.517+0000] {logging_mixin.py:188} INFO - [2024-08-11T08:30:28.516+0000] {dag.py:3111} INFO - Creating ORM DAG for example_bash_decorator
[2024-08-11T08:30:28.517+0000] {logging_mixin.py:188} INFO - [2024-08-11T08:30:28.517+0000] {dag.py:3947} INFO - Setting next_dagrun for example_bash_decorator to None, run_after=None
[2024-08-11T08:30:28.532+0000] {processor.py:183} INFO - Processing /home/ubuntu/zilloapi/lib/python3.12/site-packages/airflow/example_dags/example_bash_decorator.py took 0.170 seconds
[2024-08-11T08:31:33.980+0000] {processor.py:161} INFO - Started process (PID=3255) to work on /home/ubuntu/zilloapi/lib/python3.12/site-packages/airflow/example_dags/example_bash_decorator.py
[2024-08-11T08:31:33.982+0000] {processor.py:830} INFO - Processing file /home/ubuntu/zilloapi/lib/python3.12/site-packages/airflow/example_dags/example_bash_decorator.py for tasks to queue
[2024-08-11T08:31:33.983+0000] {logging_mixin.py:188} INFO - [2024-08-11T08:31:33.983+0000] {dagbag.py:545} INFO - Filling up the DagBag from /home/ubuntu/zilloapi/lib/python3.12/site-packages/airflow/example_dags/example_bash_decorator.py
[2024-08-11T08:31:33.994+0000] {processor.py:840} INFO - DAG(s) 'example_bash_decorator' retrieved from /home/ubuntu/zilloapi/lib/python3.12/site-packages/airflow/example_dags/example_bash_decorator.py
[2024-08-11T08:31:34.008+0000] {logging_mixin.py:188} INFO - [2024-08-11T08:31:34.007+0000] {dag.py:3089} INFO - Sync 1 DAGs
[2024-08-11T08:31:34.017+0000] {logging_mixin.py:188} INFO - [2024-08-11T08:31:34.017+0000] {dag.py:3947} INFO - Setting next_dagrun for example_bash_decorator to None, run_after=None
[2024-08-11T08:31:34.038+0000] {processor.py:183} INFO - Processing /home/ubuntu/zilloapi/lib/python3.12/site-packages/airflow/example_dags/example_bash_decorator.py took 0.063 seconds
[2024-08-11T08:32:32.820+0000] {processor.py:161} INFO - Started process (PID=3318) to work on /home/ubuntu/zilloapi/lib/python3.12/site-packages/airflow/example_dags/example_bash_decorator.py
[2024-08-11T08:32:32.822+0000] {processor.py:830} INFO - Processing file /home/ubuntu/zilloapi/lib/python3.12/site-packages/airflow/example_dags/example_bash_decorator.py for tasks to queue
[2024-08-11T08:32:32.823+0000] {logging_mixin.py:188} INFO - [2024-08-11T08:32:32.823+0000] {dagbag.py:545} INFO - Filling up the DagBag from /home/ubuntu/zilloapi/lib/python3.12/site-packages/airflow/example_dags/example_bash_decorator.py
[2024-08-11T08:32:32.836+0000] {processor.py:840} INFO - DAG(s) 'example_bash_decorator' retrieved from /home/ubuntu/zilloapi/lib/python3.12/site-packages/airflow/example_dags/example_bash_decorator.py
[2024-08-11T08:32:32.853+0000] {logging_mixin.py:188} INFO - [2024-08-11T08:32:32.853+0000] {dag.py:3089} INFO - Sync 1 DAGs
[2024-08-11T08:32:32.864+0000] {logging_mixin.py:188} INFO - [2024-08-11T08:32:32.863+0000] {dag.py:3947} INFO - Setting next_dagrun for example_bash_decorator to None, run_after=None
[2024-08-11T08:32:32.885+0000] {processor.py:183} INFO - Processing /home/ubuntu/zilloapi/lib/python3.12/site-packages/airflow/example_dags/example_bash_decorator.py took 0.072 seconds
[2024-08-11T08:33:31.586+0000] {processor.py:161} INFO - Started process (PID=3381) to work on /home/ubuntu/zilloapi/lib/python3.12/site-packages/airflow/example_dags/example_bash_decorator.py
[2024-08-11T08:33:31.588+0000] {processor.py:830} INFO - Processing file /home/ubuntu/zilloapi/lib/python3.12/site-packages/airflow/example_dags/example_bash_decorator.py for tasks to queue
[2024-08-11T08:33:31.590+0000] {logging_mixin.py:188} INFO - [2024-08-11T08:33:31.589+0000] {dagbag.py:545} INFO - Filling up the DagBag from /home/ubuntu/zilloapi/lib/python3.12/site-packages/airflow/example_dags/example_bash_decorator.py
[2024-08-11T08:33:31.602+0000] {processor.py:840} INFO - DAG(s) 'example_bash_decorator' retrieved from /home/ubuntu/zilloapi/lib/python3.12/site-packages/airflow/example_dags/example_bash_decorator.py
[2024-08-11T08:33:31.620+0000] {logging_mixin.py:188} INFO - [2024-08-11T08:33:31.620+0000] {dag.py:3089} INFO - Sync 1 DAGs
[2024-08-11T08:33:31.631+0000] {logging_mixin.py:188} INFO - [2024-08-11T08:33:31.630+0000] {dag.py:3947} INFO - Setting next_dagrun for example_bash_decorator to None, run_after=None
[2024-08-11T08:33:31.654+0000] {processor.py:183} INFO - Processing /home/ubuntu/zilloapi/lib/python3.12/site-packages/airflow/example_dags/example_bash_decorator.py took 0.073 seconds
[2024-08-11T08:34:30.124+0000] {processor.py:161} INFO - Started process (PID=3446) to work on /home/ubuntu/zilloapi/lib/python3.12/site-packages/airflow/example_dags/example_bash_decorator.py
[2024-08-11T08:34:30.125+0000] {processor.py:830} INFO - Processing file /home/ubuntu/zilloapi/lib/python3.12/site-packages/airflow/example_dags/example_bash_decorator.py for tasks to queue
[2024-08-11T08:34:30.127+0000] {logging_mixin.py:188} INFO - [2024-08-11T08:34:30.127+0000] {dagbag.py:545} INFO - Filling up the DagBag from /home/ubuntu/zilloapi/lib/python3.12/site-packages/airflow/example_dags/example_bash_decorator.py
[2024-08-11T08:34:30.140+0000] {processor.py:840} INFO - DAG(s) 'example_bash_decorator' retrieved from /home/ubuntu/zilloapi/lib/python3.12/site-packages/airflow/example_dags/example_bash_decorator.py
[2024-08-11T08:34:30.158+0000] {logging_mixin.py:188} INFO - [2024-08-11T08:34:30.158+0000] {dag.py:3089} INFO - Sync 1 DAGs
[2024-08-11T08:34:30.169+0000] {logging_mixin.py:188} INFO - [2024-08-11T08:34:30.168+0000] {dag.py:3947} INFO - Setting next_dagrun for example_bash_decorator to None, run_after=None
[2024-08-11T08:34:30.192+0000] {processor.py:183} INFO - Processing /home/ubuntu/zilloapi/lib/python3.12/site-packages/airflow/example_dags/example_bash_decorator.py took 0.074 seconds
