[2024-08-11T08:30:25.185+0000] {processor.py:161} INFO - Started process (PID=3008) to work on /home/ubuntu/zilloapi/lib/python3.12/site-packages/airflow/example_dags/example_datasets.py
[2024-08-11T08:30:25.186+0000] {processor.py:830} INFO - Processing file /home/ubuntu/zilloapi/lib/python3.12/site-packages/airflow/example_dags/example_datasets.py for tasks to queue
[2024-08-11T08:30:25.188+0000] {logging_mixin.py:188} INFO - [2024-08-11T08:30:25.187+0000] {dagbag.py:545} INFO - Filling up the DagBag from /home/ubuntu/zilloapi/lib/python3.12/site-packages/airflow/example_dags/example_datasets.py
[2024-08-11T08:30:25.200+0000] {processor.py:840} INFO - DAG(s) 'consume_1_or_2_with_dataset_expressions', 'dataset_consumes_1_and_2', 'consume_1_or_both_2_and_3_with_dataset_expressions', 'dataset_consumes_unknown_never_scheduled', 'consume_1_and_2_with_dataset_expressions', 'conditional_dataset_and_time_based_timetable', 'dataset_consumes_1_never_scheduled', 'dataset_produces_2', 'dataset_produces_1', 'dataset_consumes_1' retrieved from /home/ubuntu/zilloapi/lib/python3.12/site-packages/airflow/example_dags/example_datasets.py
[2024-08-11T08:30:25.298+0000] {logging_mixin.py:188} INFO - [2024-08-11T08:30:25.297+0000] {override.py:1858} INFO - Created Permission View: can delete on DAG:consume_1_or_2_with_dataset_expressions
[2024-08-11T08:30:25.308+0000] {logging_mixin.py:188} INFO - [2024-08-11T08:30:25.308+0000] {override.py:1858} INFO - Created Permission View: can read on DAG:consume_1_or_2_with_dataset_expressions
[2024-08-11T08:30:25.318+0000] {logging_mixin.py:188} INFO - [2024-08-11T08:30:25.318+0000] {override.py:1858} INFO - Created Permission View: can edit on DAG:consume_1_or_2_with_dataset_expressions
[2024-08-11T08:30:25.342+0000] {logging_mixin.py:188} INFO - [2024-08-11T08:30:25.342+0000] {override.py:1858} INFO - Created Permission View: can delete on DAG:dataset_consumes_1_and_2
[2024-08-11T08:30:25.352+0000] {logging_mixin.py:188} INFO - [2024-08-11T08:30:25.352+0000] {override.py:1858} INFO - Created Permission View: can read on DAG:dataset_consumes_1_and_2
[2024-08-11T08:30:25.363+0000] {logging_mixin.py:188} INFO - [2024-08-11T08:30:25.363+0000] {override.py:1858} INFO - Created Permission View: can edit on DAG:dataset_consumes_1_and_2
[2024-08-11T08:30:25.387+0000] {logging_mixin.py:188} INFO - [2024-08-11T08:30:25.387+0000] {override.py:1858} INFO - Created Permission View: can delete on DAG:consume_1_or_both_2_and_3_with_dataset_expressions
[2024-08-11T08:30:25.398+0000] {logging_mixin.py:188} INFO - [2024-08-11T08:30:25.398+0000] {override.py:1858} INFO - Created Permission View: can read on DAG:consume_1_or_both_2_and_3_with_dataset_expressions
[2024-08-11T08:30:25.408+0000] {logging_mixin.py:188} INFO - [2024-08-11T08:30:25.408+0000] {override.py:1858} INFO - Created Permission View: can edit on DAG:consume_1_or_both_2_and_3_with_dataset_expressions
[2024-08-11T08:30:25.427+0000] {logging_mixin.py:188} INFO - [2024-08-11T08:30:25.427+0000] {override.py:1858} INFO - Created Permission View: can delete on DAG:dataset_consumes_unknown_never_scheduled
[2024-08-11T08:30:25.438+0000] {logging_mixin.py:188} INFO - [2024-08-11T08:30:25.437+0000] {override.py:1858} INFO - Created Permission View: can read on DAG:dataset_consumes_unknown_never_scheduled
[2024-08-11T08:30:25.446+0000] {logging_mixin.py:188} INFO - [2024-08-11T08:30:25.445+0000] {override.py:1858} INFO - Created Permission View: can edit on DAG:dataset_consumes_unknown_never_scheduled
[2024-08-11T08:30:25.466+0000] {logging_mixin.py:188} INFO - [2024-08-11T08:30:25.466+0000] {override.py:1858} INFO - Created Permission View: can delete on DAG:consume_1_and_2_with_dataset_expressions
[2024-08-11T08:30:25.476+0000] {logging_mixin.py:188} INFO - [2024-08-11T08:30:25.476+0000] {override.py:1858} INFO - Created Permission View: can read on DAG:consume_1_and_2_with_dataset_expressions
[2024-08-11T08:30:25.485+0000] {logging_mixin.py:188} INFO - [2024-08-11T08:30:25.485+0000] {override.py:1858} INFO - Created Permission View: can edit on DAG:consume_1_and_2_with_dataset_expressions
[2024-08-11T08:30:25.504+0000] {logging_mixin.py:188} INFO - [2024-08-11T08:30:25.504+0000] {override.py:1858} INFO - Created Permission View: can delete on DAG:conditional_dataset_and_time_based_timetable
[2024-08-11T08:30:25.514+0000] {logging_mixin.py:188} INFO - [2024-08-11T08:30:25.514+0000] {override.py:1858} INFO - Created Permission View: can read on DAG:conditional_dataset_and_time_based_timetable
[2024-08-11T08:30:25.522+0000] {logging_mixin.py:188} INFO - [2024-08-11T08:30:25.522+0000] {override.py:1858} INFO - Created Permission View: can edit on DAG:conditional_dataset_and_time_based_timetable
[2024-08-11T08:30:25.544+0000] {logging_mixin.py:188} INFO - [2024-08-11T08:30:25.544+0000] {override.py:1858} INFO - Created Permission View: can delete on DAG:dataset_consumes_1_never_scheduled
[2024-08-11T08:30:25.553+0000] {logging_mixin.py:188} INFO - [2024-08-11T08:30:25.553+0000] {override.py:1858} INFO - Created Permission View: can read on DAG:dataset_consumes_1_never_scheduled
[2024-08-11T08:30:25.562+0000] {logging_mixin.py:188} INFO - [2024-08-11T08:30:25.562+0000] {override.py:1858} INFO - Created Permission View: can edit on DAG:dataset_consumes_1_never_scheduled
[2024-08-11T08:30:25.581+0000] {logging_mixin.py:188} INFO - [2024-08-11T08:30:25.581+0000] {override.py:1858} INFO - Created Permission View: can delete on DAG:dataset_produces_2
[2024-08-11T08:30:25.589+0000] {logging_mixin.py:188} INFO - [2024-08-11T08:30:25.589+0000] {override.py:1858} INFO - Created Permission View: can read on DAG:dataset_produces_2
[2024-08-11T08:30:25.598+0000] {logging_mixin.py:188} INFO - [2024-08-11T08:30:25.598+0000] {override.py:1858} INFO - Created Permission View: can edit on DAG:dataset_produces_2
[2024-08-11T08:30:25.614+0000] {logging_mixin.py:188} INFO - [2024-08-11T08:30:25.614+0000] {override.py:1858} INFO - Created Permission View: can delete on DAG:dataset_produces_1
[2024-08-11T08:30:25.622+0000] {logging_mixin.py:188} INFO - [2024-08-11T08:30:25.622+0000] {override.py:1858} INFO - Created Permission View: can read on DAG:dataset_produces_1
[2024-08-11T08:30:25.631+0000] {logging_mixin.py:188} INFO - [2024-08-11T08:30:25.630+0000] {override.py:1858} INFO - Created Permission View: can edit on DAG:dataset_produces_1
[2024-08-11T08:30:25.652+0000] {logging_mixin.py:188} INFO - [2024-08-11T08:30:25.651+0000] {override.py:1858} INFO - Created Permission View: can delete on DAG:dataset_consumes_1
[2024-08-11T08:30:25.662+0000] {logging_mixin.py:188} INFO - [2024-08-11T08:30:25.662+0000] {override.py:1858} INFO - Created Permission View: can read on DAG:dataset_consumes_1
[2024-08-11T08:30:25.671+0000] {logging_mixin.py:188} INFO - [2024-08-11T08:30:25.671+0000] {override.py:1858} INFO - Created Permission View: can edit on DAG:dataset_consumes_1
[2024-08-11T08:30:25.671+0000] {logging_mixin.py:188} INFO - [2024-08-11T08:30:25.671+0000] {dag.py:3089} INFO - Sync 10 DAGs
[2024-08-11T08:30:25.680+0000] {logging_mixin.py:188} INFO - [2024-08-11T08:30:25.680+0000] {dag.py:3111} INFO - Creating ORM DAG for dataset_produces_1
[2024-08-11T08:30:25.680+0000] {logging_mixin.py:188} INFO - [2024-08-11T08:30:25.680+0000] {dag.py:3111} INFO - Creating ORM DAG for dataset_consumes_1_and_2
[2024-08-11T08:30:25.681+0000] {logging_mixin.py:188} INFO - [2024-08-11T08:30:25.681+0000] {dag.py:3111} INFO - Creating ORM DAG for consume_1_and_2_with_dataset_expressions
[2024-08-11T08:30:25.681+0000] {logging_mixin.py:188} INFO - [2024-08-11T08:30:25.681+0000] {dag.py:3111} INFO - Creating ORM DAG for consume_1_or_both_2_and_3_with_dataset_expressions
[2024-08-11T08:30:25.681+0000] {logging_mixin.py:188} INFO - [2024-08-11T08:30:25.681+0000] {dag.py:3111} INFO - Creating ORM DAG for consume_1_or_2_with_dataset_expressions
[2024-08-11T08:30:25.681+0000] {logging_mixin.py:188} INFO - [2024-08-11T08:30:25.681+0000] {dag.py:3111} INFO - Creating ORM DAG for dataset_consumes_unknown_never_scheduled
[2024-08-11T08:30:25.682+0000] {logging_mixin.py:188} INFO - [2024-08-11T08:30:25.682+0000] {dag.py:3111} INFO - Creating ORM DAG for dataset_produces_2
[2024-08-11T08:30:25.682+0000] {logging_mixin.py:188} INFO - [2024-08-11T08:30:25.682+0000] {dag.py:3111} INFO - Creating ORM DAG for dataset_consumes_1_never_scheduled
[2024-08-11T08:30:25.682+0000] {logging_mixin.py:188} INFO - [2024-08-11T08:30:25.682+0000] {dag.py:3111} INFO - Creating ORM DAG for conditional_dataset_and_time_based_timetable
[2024-08-11T08:30:25.684+0000] {logging_mixin.py:188} INFO - [2024-08-11T08:30:25.683+0000] {dag.py:3111} INFO - Creating ORM DAG for dataset_consumes_1
[2024-08-11T08:30:25.700+0000] {logging_mixin.py:188} INFO - [2024-08-11T08:30:25.700+0000] {dag.py:3947} INFO - Setting next_dagrun for conditional_dataset_and_time_based_timetable to 2024-08-07 01:00:00+00:00, run_after=2024-08-07 01:00:00+00:00
[2024-08-11T08:30:25.701+0000] {logging_mixin.py:188} INFO - [2024-08-11T08:30:25.701+0000] {dag.py:3947} INFO - Setting next_dagrun for consume_1_and_2_with_dataset_expressions to None, run_after=None
[2024-08-11T08:30:25.701+0000] {logging_mixin.py:188} INFO - [2024-08-11T08:30:25.701+0000] {dag.py:3947} INFO - Setting next_dagrun for consume_1_or_2_with_dataset_expressions to None, run_after=None
[2024-08-11T08:30:25.701+0000] {logging_mixin.py:188} INFO - [2024-08-11T08:30:25.701+0000] {dag.py:3947} INFO - Setting next_dagrun for consume_1_or_both_2_and_3_with_dataset_expressions to None, run_after=None
[2024-08-11T08:30:25.701+0000] {logging_mixin.py:188} INFO - [2024-08-11T08:30:25.701+0000] {dag.py:3947} INFO - Setting next_dagrun for dataset_consumes_1 to None, run_after=None
[2024-08-11T08:30:25.702+0000] {logging_mixin.py:188} INFO - [2024-08-11T08:30:25.701+0000] {dag.py:3947} INFO - Setting next_dagrun for dataset_consumes_1_and_2 to None, run_after=None
[2024-08-11T08:30:25.702+0000] {logging_mixin.py:188} INFO - [2024-08-11T08:30:25.702+0000] {dag.py:3947} INFO - Setting next_dagrun for dataset_consumes_1_never_scheduled to None, run_after=None
[2024-08-11T08:30:25.702+0000] {logging_mixin.py:188} INFO - [2024-08-11T08:30:25.702+0000] {dag.py:3947} INFO - Setting next_dagrun for dataset_consumes_unknown_never_scheduled to None, run_after=None
[2024-08-11T08:30:25.704+0000] {logging_mixin.py:188} INFO - [2024-08-11T08:30:25.704+0000] {dag.py:3947} INFO - Setting next_dagrun for dataset_produces_1 to 2024-08-10 00:00:00+00:00, run_after=2024-08-11 00:00:00+00:00
[2024-08-11T08:30:25.705+0000] {logging_mixin.py:188} INFO - [2024-08-11T08:30:25.705+0000] {dag.py:3947} INFO - Setting next_dagrun for dataset_produces_2 to None, run_after=None
[2024-08-11T08:30:25.738+0000] {processor.py:183} INFO - Processing /home/ubuntu/zilloapi/lib/python3.12/site-packages/airflow/example_dags/example_datasets.py took 0.560 seconds
[2024-08-11T08:31:31.115+0000] {processor.py:161} INFO - Started process (PID=3252) to work on /home/ubuntu/zilloapi/lib/python3.12/site-packages/airflow/example_dags/example_datasets.py
[2024-08-11T08:31:31.117+0000] {processor.py:830} INFO - Processing file /home/ubuntu/zilloapi/lib/python3.12/site-packages/airflow/example_dags/example_datasets.py for tasks to queue
[2024-08-11T08:31:31.120+0000] {logging_mixin.py:188} INFO - [2024-08-11T08:31:31.120+0000] {dagbag.py:545} INFO - Filling up the DagBag from /home/ubuntu/zilloapi/lib/python3.12/site-packages/airflow/example_dags/example_datasets.py
[2024-08-11T08:31:31.133+0000] {processor.py:840} INFO - DAG(s) 'dataset_consumes_1', 'consume_1_and_2_with_dataset_expressions', 'consume_1_or_2_with_dataset_expressions', 'consume_1_or_both_2_and_3_with_dataset_expressions', 'dataset_produces_1', 'conditional_dataset_and_time_based_timetable', 'dataset_consumes_unknown_never_scheduled', 'dataset_consumes_1_and_2', 'dataset_consumes_1_never_scheduled', 'dataset_produces_2' retrieved from /home/ubuntu/zilloapi/lib/python3.12/site-packages/airflow/example_dags/example_datasets.py
[2024-08-11T08:31:31.168+0000] {logging_mixin.py:188} INFO - [2024-08-11T08:31:31.167+0000] {dag.py:3089} INFO - Sync 10 DAGs
[2024-08-11T08:31:31.189+0000] {logging_mixin.py:188} INFO - [2024-08-11T08:31:31.188+0000] {dag.py:3947} INFO - Setting next_dagrun for conditional_dataset_and_time_based_timetable to 2024-08-07 01:00:00+00:00, run_after=2024-08-07 01:00:00+00:00
[2024-08-11T08:31:31.192+0000] {logging_mixin.py:188} INFO - [2024-08-11T08:31:31.192+0000] {dag.py:3947} INFO - Setting next_dagrun for consume_1_and_2_with_dataset_expressions to None, run_after=None
[2024-08-11T08:31:31.192+0000] {logging_mixin.py:188} INFO - [2024-08-11T08:31:31.192+0000] {dag.py:3947} INFO - Setting next_dagrun for consume_1_or_2_with_dataset_expressions to None, run_after=None
[2024-08-11T08:31:31.193+0000] {logging_mixin.py:188} INFO - [2024-08-11T08:31:31.193+0000] {dag.py:3947} INFO - Setting next_dagrun for consume_1_or_both_2_and_3_with_dataset_expressions to None, run_after=None
[2024-08-11T08:31:31.194+0000] {logging_mixin.py:188} INFO - [2024-08-11T08:31:31.193+0000] {dag.py:3947} INFO - Setting next_dagrun for dataset_consumes_1 to None, run_after=None
[2024-08-11T08:31:31.195+0000] {logging_mixin.py:188} INFO - [2024-08-11T08:31:31.195+0000] {dag.py:3947} INFO - Setting next_dagrun for dataset_consumes_1_and_2 to None, run_after=None
[2024-08-11T08:31:31.196+0000] {logging_mixin.py:188} INFO - [2024-08-11T08:31:31.195+0000] {dag.py:3947} INFO - Setting next_dagrun for dataset_consumes_1_never_scheduled to None, run_after=None
[2024-08-11T08:31:31.196+0000] {logging_mixin.py:188} INFO - [2024-08-11T08:31:31.196+0000] {dag.py:3947} INFO - Setting next_dagrun for dataset_consumes_unknown_never_scheduled to None, run_after=None
[2024-08-11T08:31:31.199+0000] {logging_mixin.py:188} INFO - [2024-08-11T08:31:31.199+0000] {dag.py:3947} INFO - Setting next_dagrun for dataset_produces_1 to 2024-08-10 00:00:00+00:00, run_after=2024-08-11 00:00:00+00:00
[2024-08-11T08:31:31.200+0000] {logging_mixin.py:188} INFO - [2024-08-11T08:31:31.200+0000] {dag.py:3947} INFO - Setting next_dagrun for dataset_produces_2 to None, run_after=None
[2024-08-11T08:31:31.229+0000] {processor.py:183} INFO - Processing /home/ubuntu/zilloapi/lib/python3.12/site-packages/airflow/example_dags/example_datasets.py took 0.119 seconds
[2024-08-11T08:32:29.704+0000] {processor.py:161} INFO - Started process (PID=3315) to work on /home/ubuntu/zilloapi/lib/python3.12/site-packages/airflow/example_dags/example_datasets.py
[2024-08-11T08:32:29.706+0000] {processor.py:830} INFO - Processing file /home/ubuntu/zilloapi/lib/python3.12/site-packages/airflow/example_dags/example_datasets.py for tasks to queue
[2024-08-11T08:32:29.708+0000] {logging_mixin.py:188} INFO - [2024-08-11T08:32:29.708+0000] {dagbag.py:545} INFO - Filling up the DagBag from /home/ubuntu/zilloapi/lib/python3.12/site-packages/airflow/example_dags/example_datasets.py
[2024-08-11T08:32:29.720+0000] {processor.py:840} INFO - DAG(s) 'consume_1_and_2_with_dataset_expressions', 'dataset_produces_2', 'dataset_consumes_1_and_2', 'conditional_dataset_and_time_based_timetable', 'consume_1_or_2_with_dataset_expressions', 'consume_1_or_both_2_and_3_with_dataset_expressions', 'dataset_consumes_1', 'dataset_produces_1', 'dataset_consumes_unknown_never_scheduled', 'dataset_consumes_1_never_scheduled' retrieved from /home/ubuntu/zilloapi/lib/python3.12/site-packages/airflow/example_dags/example_datasets.py
[2024-08-11T08:32:29.754+0000] {logging_mixin.py:188} INFO - [2024-08-11T08:32:29.754+0000] {dag.py:3089} INFO - Sync 10 DAGs
[2024-08-11T08:32:29.774+0000] {logging_mixin.py:188} INFO - [2024-08-11T08:32:29.774+0000] {dag.py:3947} INFO - Setting next_dagrun for conditional_dataset_and_time_based_timetable to 2024-08-07 01:00:00+00:00, run_after=2024-08-07 01:00:00+00:00
[2024-08-11T08:32:29.777+0000] {logging_mixin.py:188} INFO - [2024-08-11T08:32:29.777+0000] {dag.py:3947} INFO - Setting next_dagrun for consume_1_and_2_with_dataset_expressions to None, run_after=None
[2024-08-11T08:32:29.778+0000] {logging_mixin.py:188} INFO - [2024-08-11T08:32:29.778+0000] {dag.py:3947} INFO - Setting next_dagrun for consume_1_or_2_with_dataset_expressions to None, run_after=None
[2024-08-11T08:32:29.779+0000] {logging_mixin.py:188} INFO - [2024-08-11T08:32:29.778+0000] {dag.py:3947} INFO - Setting next_dagrun for consume_1_or_both_2_and_3_with_dataset_expressions to None, run_after=None
[2024-08-11T08:32:29.780+0000] {logging_mixin.py:188} INFO - [2024-08-11T08:32:29.780+0000] {dag.py:3947} INFO - Setting next_dagrun for dataset_consumes_1 to None, run_after=None
[2024-08-11T08:32:29.781+0000] {logging_mixin.py:188} INFO - [2024-08-11T08:32:29.781+0000] {dag.py:3947} INFO - Setting next_dagrun for dataset_consumes_1_and_2 to None, run_after=None
[2024-08-11T08:32:29.781+0000] {logging_mixin.py:188} INFO - [2024-08-11T08:32:29.781+0000] {dag.py:3947} INFO - Setting next_dagrun for dataset_consumes_1_never_scheduled to None, run_after=None
[2024-08-11T08:32:29.782+0000] {logging_mixin.py:188} INFO - [2024-08-11T08:32:29.782+0000] {dag.py:3947} INFO - Setting next_dagrun for dataset_consumes_unknown_never_scheduled to None, run_after=None
[2024-08-11T08:32:29.784+0000] {logging_mixin.py:188} INFO - [2024-08-11T08:32:29.784+0000] {dag.py:3947} INFO - Setting next_dagrun for dataset_produces_1 to 2024-08-10 00:00:00+00:00, run_after=2024-08-11 00:00:00+00:00
[2024-08-11T08:32:29.785+0000] {logging_mixin.py:188} INFO - [2024-08-11T08:32:29.785+0000] {dag.py:3947} INFO - Setting next_dagrun for dataset_produces_2 to None, run_after=None
[2024-08-11T08:32:29.816+0000] {processor.py:183} INFO - Processing /home/ubuntu/zilloapi/lib/python3.12/site-packages/airflow/example_dags/example_datasets.py took 0.118 seconds
[2024-08-11T08:33:28.090+0000] {processor.py:161} INFO - Started process (PID=3378) to work on /home/ubuntu/zilloapi/lib/python3.12/site-packages/airflow/example_dags/example_datasets.py
[2024-08-11T08:33:28.093+0000] {processor.py:830} INFO - Processing file /home/ubuntu/zilloapi/lib/python3.12/site-packages/airflow/example_dags/example_datasets.py for tasks to queue
[2024-08-11T08:33:28.094+0000] {logging_mixin.py:188} INFO - [2024-08-11T08:33:28.094+0000] {dagbag.py:545} INFO - Filling up the DagBag from /home/ubuntu/zilloapi/lib/python3.12/site-packages/airflow/example_dags/example_datasets.py
[2024-08-11T08:33:28.105+0000] {processor.py:840} INFO - DAG(s) 'conditional_dataset_and_time_based_timetable', 'consume_1_and_2_with_dataset_expressions', 'dataset_consumes_1_never_scheduled', 'consume_1_or_2_with_dataset_expressions', 'dataset_produces_1', 'dataset_consumes_unknown_never_scheduled', 'dataset_consumes_1_and_2', 'dataset_consumes_1', 'consume_1_or_both_2_and_3_with_dataset_expressions', 'dataset_produces_2' retrieved from /home/ubuntu/zilloapi/lib/python3.12/site-packages/airflow/example_dags/example_datasets.py
[2024-08-11T08:33:28.139+0000] {logging_mixin.py:188} INFO - [2024-08-11T08:33:28.138+0000] {dag.py:3089} INFO - Sync 10 DAGs
[2024-08-11T08:33:28.159+0000] {logging_mixin.py:188} INFO - [2024-08-11T08:33:28.158+0000] {dag.py:3947} INFO - Setting next_dagrun for conditional_dataset_and_time_based_timetable to 2024-08-07 01:00:00+00:00, run_after=2024-08-07 01:00:00+00:00
[2024-08-11T08:33:28.161+0000] {logging_mixin.py:188} INFO - [2024-08-11T08:33:28.161+0000] {dag.py:3947} INFO - Setting next_dagrun for consume_1_and_2_with_dataset_expressions to None, run_after=None
[2024-08-11T08:33:28.162+0000] {logging_mixin.py:188} INFO - [2024-08-11T08:33:28.162+0000] {dag.py:3947} INFO - Setting next_dagrun for consume_1_or_2_with_dataset_expressions to None, run_after=None
[2024-08-11T08:33:28.164+0000] {logging_mixin.py:188} INFO - [2024-08-11T08:33:28.164+0000] {dag.py:3947} INFO - Setting next_dagrun for consume_1_or_both_2_and_3_with_dataset_expressions to None, run_after=None
[2024-08-11T08:33:28.164+0000] {logging_mixin.py:188} INFO - [2024-08-11T08:33:28.164+0000] {dag.py:3947} INFO - Setting next_dagrun for dataset_consumes_1 to None, run_after=None
[2024-08-11T08:33:28.165+0000] {logging_mixin.py:188} INFO - [2024-08-11T08:33:28.165+0000] {dag.py:3947} INFO - Setting next_dagrun for dataset_consumes_1_and_2 to None, run_after=None
[2024-08-11T08:33:28.165+0000] {logging_mixin.py:188} INFO - [2024-08-11T08:33:28.165+0000] {dag.py:3947} INFO - Setting next_dagrun for dataset_consumes_1_never_scheduled to None, run_after=None
[2024-08-11T08:33:28.166+0000] {logging_mixin.py:188} INFO - [2024-08-11T08:33:28.166+0000] {dag.py:3947} INFO - Setting next_dagrun for dataset_consumes_unknown_never_scheduled to None, run_after=None
[2024-08-11T08:33:28.168+0000] {logging_mixin.py:188} INFO - [2024-08-11T08:33:28.168+0000] {dag.py:3947} INFO - Setting next_dagrun for dataset_produces_1 to 2024-08-10 00:00:00+00:00, run_after=2024-08-11 00:00:00+00:00
[2024-08-11T08:33:28.169+0000] {logging_mixin.py:188} INFO - [2024-08-11T08:33:28.168+0000] {dag.py:3947} INFO - Setting next_dagrun for dataset_produces_2 to None, run_after=None
[2024-08-11T08:33:28.198+0000] {processor.py:183} INFO - Processing /home/ubuntu/zilloapi/lib/python3.12/site-packages/airflow/example_dags/example_datasets.py took 0.114 seconds
[2024-08-11T08:34:28.286+0000] {processor.py:161} INFO - Started process (PID=3443) to work on /home/ubuntu/zilloapi/lib/python3.12/site-packages/airflow/example_dags/example_datasets.py
[2024-08-11T08:34:28.288+0000] {processor.py:830} INFO - Processing file /home/ubuntu/zilloapi/lib/python3.12/site-packages/airflow/example_dags/example_datasets.py for tasks to queue
[2024-08-11T08:34:28.290+0000] {logging_mixin.py:188} INFO - [2024-08-11T08:34:28.289+0000] {dagbag.py:545} INFO - Filling up the DagBag from /home/ubuntu/zilloapi/lib/python3.12/site-packages/airflow/example_dags/example_datasets.py
[2024-08-11T08:34:28.302+0000] {processor.py:840} INFO - DAG(s) 'consume_1_and_2_with_dataset_expressions', 'dataset_consumes_1_and_2', 'conditional_dataset_and_time_based_timetable', 'consume_1_or_both_2_and_3_with_dataset_expressions', 'dataset_consumes_unknown_never_scheduled', 'consume_1_or_2_with_dataset_expressions', 'dataset_produces_2', 'dataset_consumes_1_never_scheduled', 'dataset_produces_1', 'dataset_consumes_1' retrieved from /home/ubuntu/zilloapi/lib/python3.12/site-packages/airflow/example_dags/example_datasets.py
[2024-08-11T08:34:28.335+0000] {logging_mixin.py:188} INFO - [2024-08-11T08:34:28.335+0000] {dag.py:3089} INFO - Sync 10 DAGs
[2024-08-11T08:34:28.356+0000] {logging_mixin.py:188} INFO - [2024-08-11T08:34:28.356+0000] {dag.py:3947} INFO - Setting next_dagrun for conditional_dataset_and_time_based_timetable to 2024-08-07 01:00:00+00:00, run_after=2024-08-07 01:00:00+00:00
[2024-08-11T08:34:28.359+0000] {logging_mixin.py:188} INFO - [2024-08-11T08:34:28.358+0000] {dag.py:3947} INFO - Setting next_dagrun for consume_1_and_2_with_dataset_expressions to None, run_after=None
[2024-08-11T08:34:28.360+0000] {logging_mixin.py:188} INFO - [2024-08-11T08:34:28.359+0000] {dag.py:3947} INFO - Setting next_dagrun for consume_1_or_2_with_dataset_expressions to None, run_after=None
[2024-08-11T08:34:28.360+0000] {logging_mixin.py:188} INFO - [2024-08-11T08:34:28.360+0000] {dag.py:3947} INFO - Setting next_dagrun for consume_1_or_both_2_and_3_with_dataset_expressions to None, run_after=None
[2024-08-11T08:34:28.361+0000] {logging_mixin.py:188} INFO - [2024-08-11T08:34:28.361+0000] {dag.py:3947} INFO - Setting next_dagrun for dataset_consumes_1 to None, run_after=None
[2024-08-11T08:34:28.361+0000] {logging_mixin.py:188} INFO - [2024-08-11T08:34:28.361+0000] {dag.py:3947} INFO - Setting next_dagrun for dataset_consumes_1_and_2 to None, run_after=None
[2024-08-11T08:34:28.362+0000] {logging_mixin.py:188} INFO - [2024-08-11T08:34:28.362+0000] {dag.py:3947} INFO - Setting next_dagrun for dataset_consumes_1_never_scheduled to None, run_after=None
[2024-08-11T08:34:28.363+0000] {logging_mixin.py:188} INFO - [2024-08-11T08:34:28.363+0000] {dag.py:3947} INFO - Setting next_dagrun for dataset_consumes_unknown_never_scheduled to None, run_after=None
[2024-08-11T08:34:28.365+0000] {logging_mixin.py:188} INFO - [2024-08-11T08:34:28.365+0000] {dag.py:3947} INFO - Setting next_dagrun for dataset_produces_1 to 2024-08-10 00:00:00+00:00, run_after=2024-08-11 00:00:00+00:00
[2024-08-11T08:34:28.365+0000] {logging_mixin.py:188} INFO - [2024-08-11T08:34:28.365+0000] {dag.py:3947} INFO - Setting next_dagrun for dataset_produces_2 to None, run_after=None
[2024-08-11T08:34:28.396+0000] {processor.py:183} INFO - Processing /home/ubuntu/zilloapi/lib/python3.12/site-packages/airflow/example_dags/example_datasets.py took 0.116 seconds
