[2024-08-11T08:30:26.818+0000] {processor.py:161} INFO - Started process (PID=3009) to work on /home/ubuntu/zilloapi/lib/python3.12/site-packages/airflow/example_dags/example_branch_operator_decorator.py
[2024-08-11T08:30:26.819+0000] {processor.py:830} INFO - Processing file /home/ubuntu/zilloapi/lib/python3.12/site-packages/airflow/example_dags/example_branch_operator_decorator.py for tasks to queue
[2024-08-11T08:30:26.820+0000] {logging_mixin.py:188} INFO - [2024-08-11T08:30:26.820+0000] {dagbag.py:545} INFO - Filling up the DagBag from /home/ubuntu/zilloapi/lib/python3.12/site-packages/airflow/example_dags/example_branch_operator_decorator.py
[2024-08-11T08:30:26.823+0000] {processor.py:842} WARNING - No viable dags retrieved from /home/ubuntu/zilloapi/lib/python3.12/site-packages/airflow/example_dags/example_branch_operator_decorator.py
[2024-08-11T08:30:26.833+0000] {processor.py:183} INFO - Processing /home/ubuntu/zilloapi/lib/python3.12/site-packages/airflow/example_dags/example_branch_operator_decorator.py took 0.021 seconds
[2024-08-11T08:31:32.351+0000] {processor.py:161} INFO - Started process (PID=3253) to work on /home/ubuntu/zilloapi/lib/python3.12/site-packages/airflow/example_dags/example_branch_operator_decorator.py
[2024-08-11T08:31:32.352+0000] {processor.py:830} INFO - Processing file /home/ubuntu/zilloapi/lib/python3.12/site-packages/airflow/example_dags/example_branch_operator_decorator.py for tasks to queue
[2024-08-11T08:31:32.354+0000] {logging_mixin.py:188} INFO - [2024-08-11T08:31:32.353+0000] {dagbag.py:545} INFO - Filling up the DagBag from /home/ubuntu/zilloapi/lib/python3.12/site-packages/airflow/example_dags/example_branch_operator_decorator.py
[2024-08-11T08:31:32.356+0000] {processor.py:842} WARNING - No viable dags retrieved from /home/ubuntu/zilloapi/lib/python3.12/site-packages/airflow/example_dags/example_branch_operator_decorator.py
[2024-08-11T08:31:32.367+0000] {processor.py:183} INFO - Processing /home/ubuntu/zilloapi/lib/python3.12/site-packages/airflow/example_dags/example_branch_operator_decorator.py took 0.023 seconds
[2024-08-11T08:32:30.542+0000] {processor.py:161} INFO - Started process (PID=3316) to work on /home/ubuntu/zilloapi/lib/python3.12/site-packages/airflow/example_dags/example_branch_operator_decorator.py
[2024-08-11T08:32:30.545+0000] {processor.py:830} INFO - Processing file /home/ubuntu/zilloapi/lib/python3.12/site-packages/airflow/example_dags/example_branch_operator_decorator.py for tasks to queue
[2024-08-11T08:32:30.546+0000] {logging_mixin.py:188} INFO - [2024-08-11T08:32:30.546+0000] {dagbag.py:545} INFO - Filling up the DagBag from /home/ubuntu/zilloapi/lib/python3.12/site-packages/airflow/example_dags/example_branch_operator_decorator.py
[2024-08-11T08:32:30.548+0000] {processor.py:842} WARNING - No viable dags retrieved from /home/ubuntu/zilloapi/lib/python3.12/site-packages/airflow/example_dags/example_branch_operator_decorator.py
[2024-08-11T08:32:30.560+0000] {processor.py:183} INFO - Processing /home/ubuntu/zilloapi/lib/python3.12/site-packages/airflow/example_dags/example_branch_operator_decorator.py took 0.024 seconds
[2024-08-11T08:33:29.322+0000] {processor.py:161} INFO - Started process (PID=3379) to work on /home/ubuntu/zilloapi/lib/python3.12/site-packages/airflow/example_dags/example_branch_operator_decorator.py
[2024-08-11T08:33:29.324+0000] {processor.py:830} INFO - Processing file /home/ubuntu/zilloapi/lib/python3.12/site-packages/airflow/example_dags/example_branch_operator_decorator.py for tasks to queue
[2024-08-11T08:33:29.326+0000] {logging_mixin.py:188} INFO - [2024-08-11T08:33:29.325+0000] {dagbag.py:545} INFO - Filling up the DagBag from /home/ubuntu/zilloapi/lib/python3.12/site-packages/airflow/example_dags/example_branch_operator_decorator.py
[2024-08-11T08:33:29.329+0000] {processor.py:842} WARNING - No viable dags retrieved from /home/ubuntu/zilloapi/lib/python3.12/site-packages/airflow/example_dags/example_branch_operator_decorator.py
[2024-08-11T08:33:29.340+0000] {processor.py:183} INFO - Processing /home/ubuntu/zilloapi/lib/python3.12/site-packages/airflow/example_dags/example_branch_operator_decorator.py took 0.024 seconds
[2024-08-11T08:34:28.685+0000] {processor.py:161} INFO - Started process (PID=3444) to work on /home/ubuntu/zilloapi/lib/python3.12/site-packages/airflow/example_dags/example_branch_operator_decorator.py
[2024-08-11T08:34:28.687+0000] {processor.py:830} INFO - Processing file /home/ubuntu/zilloapi/lib/python3.12/site-packages/airflow/example_dags/example_branch_operator_decorator.py for tasks to queue
[2024-08-11T08:34:28.689+0000] {logging_mixin.py:188} INFO - [2024-08-11T08:34:28.688+0000] {dagbag.py:545} INFO - Filling up the DagBag from /home/ubuntu/zilloapi/lib/python3.12/site-packages/airflow/example_dags/example_branch_operator_decorator.py
[2024-08-11T08:34:28.691+0000] {processor.py:842} WARNING - No viable dags retrieved from /home/ubuntu/zilloapi/lib/python3.12/site-packages/airflow/example_dags/example_branch_operator_decorator.py
[2024-08-11T08:34:28.701+0000] {processor.py:183} INFO - Processing /home/ubuntu/zilloapi/lib/python3.12/site-packages/airflow/example_dags/example_branch_operator_decorator.py took 0.021 seconds
