[2024-08-11T08:30:15.051+0000] {processor.py:161} INFO - Started process (PID=2992) to work on /home/ubuntu/zilloapi/lib/python3.12/site-packages/airflow/example_dags/example_kubernetes_executor.py
[2024-08-11T08:30:15.052+0000] {processor.py:830} INFO - Processing file /home/ubuntu/zilloapi/lib/python3.12/site-packages/airflow/example_dags/example_kubernetes_executor.py for tasks to queue
[2024-08-11T08:30:15.053+0000] {logging_mixin.py:188} INFO - [2024-08-11T08:30:15.053+0000] {dagbag.py:545} INFO - Filling up the DagBag from /home/ubuntu/zilloapi/lib/python3.12/site-packages/airflow/example_dags/example_kubernetes_executor.py
[2024-08-11T08:30:15.056+0000] {logging_mixin.py:188} INFO - [2024-08-11T08:30:15.056+0000] {example_kubernetes_executor.py:39} WARNING - The example_kubernetes_executor example DAG requires the kubernetes provider. Please install it with: pip install apache-airflow[cncf.kubernetes]
[2024-08-11T08:30:15.057+0000] {processor.py:842} WARNING - No viable dags retrieved from /home/ubuntu/zilloapi/lib/python3.12/site-packages/airflow/example_dags/example_kubernetes_executor.py
[2024-08-11T08:30:15.067+0000] {processor.py:183} INFO - Processing /home/ubuntu/zilloapi/lib/python3.12/site-packages/airflow/example_dags/example_kubernetes_executor.py took 0.022 seconds
[2024-08-11T08:31:05.486+0000] {processor.py:161} INFO - Started process (PID=3220) to work on /home/ubuntu/zilloapi/lib/python3.12/site-packages/airflow/example_dags/example_kubernetes_executor.py
[2024-08-11T08:31:05.488+0000] {processor.py:830} INFO - Processing file /home/ubuntu/zilloapi/lib/python3.12/site-packages/airflow/example_dags/example_kubernetes_executor.py for tasks to queue
[2024-08-11T08:31:05.489+0000] {logging_mixin.py:188} INFO - [2024-08-11T08:31:05.489+0000] {dagbag.py:545} INFO - Filling up the DagBag from /home/ubuntu/zilloapi/lib/python3.12/site-packages/airflow/example_dags/example_kubernetes_executor.py
[2024-08-11T08:31:05.492+0000] {logging_mixin.py:188} INFO - [2024-08-11T08:31:05.491+0000] {example_kubernetes_executor.py:39} WARNING - The example_kubernetes_executor example DAG requires the kubernetes provider. Please install it with: pip install apache-airflow[cncf.kubernetes]
[2024-08-11T08:31:05.492+0000] {processor.py:842} WARNING - No viable dags retrieved from /home/ubuntu/zilloapi/lib/python3.12/site-packages/airflow/example_dags/example_kubernetes_executor.py
[2024-08-11T08:31:05.500+0000] {processor.py:183} INFO - Processing /home/ubuntu/zilloapi/lib/python3.12/site-packages/airflow/example_dags/example_kubernetes_executor.py took 0.018 seconds
[2024-08-11T08:32:05.973+0000] {processor.py:161} INFO - Started process (PID=3291) to work on /home/ubuntu/zilloapi/lib/python3.12/site-packages/airflow/example_dags/example_kubernetes_executor.py
[2024-08-11T08:32:05.974+0000] {processor.py:830} INFO - Processing file /home/ubuntu/zilloapi/lib/python3.12/site-packages/airflow/example_dags/example_kubernetes_executor.py for tasks to queue
[2024-08-11T08:32:05.976+0000] {logging_mixin.py:188} INFO - [2024-08-11T08:32:05.975+0000] {dagbag.py:545} INFO - Filling up the DagBag from /home/ubuntu/zilloapi/lib/python3.12/site-packages/airflow/example_dags/example_kubernetes_executor.py
[2024-08-11T08:32:05.979+0000] {logging_mixin.py:188} INFO - [2024-08-11T08:32:05.979+0000] {example_kubernetes_executor.py:39} WARNING - The example_kubernetes_executor example DAG requires the kubernetes provider. Please install it with: pip install apache-airflow[cncf.kubernetes]
[2024-08-11T08:32:05.979+0000] {processor.py:842} WARNING - No viable dags retrieved from /home/ubuntu/zilloapi/lib/python3.12/site-packages/airflow/example_dags/example_kubernetes_executor.py
[2024-08-11T08:32:05.990+0000] {processor.py:183} INFO - Processing /home/ubuntu/zilloapi/lib/python3.12/site-packages/airflow/example_dags/example_kubernetes_executor.py took 0.022 seconds
[2024-08-11T08:33:07.665+0000] {processor.py:161} INFO - Started process (PID=3355) to work on /home/ubuntu/zilloapi/lib/python3.12/site-packages/airflow/example_dags/example_kubernetes_executor.py
[2024-08-11T08:33:07.667+0000] {processor.py:830} INFO - Processing file /home/ubuntu/zilloapi/lib/python3.12/site-packages/airflow/example_dags/example_kubernetes_executor.py for tasks to queue
[2024-08-11T08:33:07.668+0000] {logging_mixin.py:188} INFO - [2024-08-11T08:33:07.668+0000] {dagbag.py:545} INFO - Filling up the DagBag from /home/ubuntu/zilloapi/lib/python3.12/site-packages/airflow/example_dags/example_kubernetes_executor.py
[2024-08-11T08:33:07.671+0000] {logging_mixin.py:188} INFO - [2024-08-11T08:33:07.671+0000] {example_kubernetes_executor.py:39} WARNING - The example_kubernetes_executor example DAG requires the kubernetes provider. Please install it with: pip install apache-airflow[cncf.kubernetes]
[2024-08-11T08:33:07.671+0000] {processor.py:842} WARNING - No viable dags retrieved from /home/ubuntu/zilloapi/lib/python3.12/site-packages/airflow/example_dags/example_kubernetes_executor.py
[2024-08-11T08:33:07.681+0000] {processor.py:183} INFO - Processing /home/ubuntu/zilloapi/lib/python3.12/site-packages/airflow/example_dags/example_kubernetes_executor.py took 0.022 seconds
[2024-08-11T08:34:03.120+0000] {processor.py:161} INFO - Started process (PID=3415) to work on /home/ubuntu/zilloapi/lib/python3.12/site-packages/airflow/example_dags/example_kubernetes_executor.py
[2024-08-11T08:34:03.122+0000] {processor.py:830} INFO - Processing file /home/ubuntu/zilloapi/lib/python3.12/site-packages/airflow/example_dags/example_kubernetes_executor.py for tasks to queue
[2024-08-11T08:34:03.123+0000] {logging_mixin.py:188} INFO - [2024-08-11T08:34:03.123+0000] {dagbag.py:545} INFO - Filling up the DagBag from /home/ubuntu/zilloapi/lib/python3.12/site-packages/airflow/example_dags/example_kubernetes_executor.py
[2024-08-11T08:34:03.125+0000] {logging_mixin.py:188} INFO - [2024-08-11T08:34:03.125+0000] {example_kubernetes_executor.py:39} WARNING - The example_kubernetes_executor example DAG requires the kubernetes provider. Please install it with: pip install apache-airflow[cncf.kubernetes]
[2024-08-11T08:34:03.125+0000] {processor.py:842} WARNING - No viable dags retrieved from /home/ubuntu/zilloapi/lib/python3.12/site-packages/airflow/example_dags/example_kubernetes_executor.py
[2024-08-11T08:34:03.137+0000] {processor.py:183} INFO - Processing /home/ubuntu/zilloapi/lib/python3.12/site-packages/airflow/example_dags/example_kubernetes_executor.py took 0.024 seconds
