[2024-08-11T08:30:16.640+0000] {processor.py:161} INFO - Started process (PID=2994) to work on /home/ubuntu/zilloapi/lib/python3.12/site-packages/airflow/example_dags/example_params_trigger_ui.py
[2024-08-11T08:30:16.641+0000] {processor.py:830} INFO - Processing file /home/ubuntu/zilloapi/lib/python3.12/site-packages/airflow/example_dags/example_params_trigger_ui.py for tasks to queue
[2024-08-11T08:30:16.643+0000] {logging_mixin.py:188} INFO - [2024-08-11T08:30:16.642+0000] {dagbag.py:545} INFO - Filling up the DagBag from /home/ubuntu/zilloapi/lib/python3.12/site-packages/airflow/example_dags/example_params_trigger_ui.py
[2024-08-11T08:30:16.652+0000] {processor.py:840} INFO - DAG(s) 'example_params_trigger_ui' retrieved from /home/ubuntu/zilloapi/lib/python3.12/site-packages/airflow/example_dags/example_params_trigger_ui.py
[2024-08-11T08:30:16.774+0000] {logging_mixin.py:188} INFO - [2024-08-11T08:30:16.773+0000] {override.py:1858} INFO - Created Permission View: can delete on DAG:example_params_trigger_ui
[2024-08-11T08:30:16.786+0000] {logging_mixin.py:188} INFO - [2024-08-11T08:30:16.786+0000] {override.py:1858} INFO - Created Permission View: can read on DAG:example_params_trigger_ui
[2024-08-11T08:30:16.795+0000] {logging_mixin.py:188} INFO - [2024-08-11T08:30:16.795+0000] {override.py:1858} INFO - Created Permission View: can edit on DAG:example_params_trigger_ui
[2024-08-11T08:30:16.795+0000] {logging_mixin.py:188} INFO - [2024-08-11T08:30:16.795+0000] {dag.py:3089} INFO - Sync 1 DAGs
[2024-08-11T08:30:16.804+0000] {logging_mixin.py:188} INFO - [2024-08-11T08:30:16.804+0000] {dag.py:3111} INFO - Creating ORM DAG for example_params_trigger_ui
[2024-08-11T08:30:16.805+0000] {logging_mixin.py:188} INFO - [2024-08-11T08:30:16.805+0000] {dag.py:3947} INFO - Setting next_dagrun for example_params_trigger_ui to None, run_after=None
[2024-08-11T08:30:16.825+0000] {processor.py:183} INFO - Processing /home/ubuntu/zilloapi/lib/python3.12/site-packages/airflow/example_dags/example_params_trigger_ui.py took 0.191 seconds
[2024-08-11T08:31:07.344+0000] {processor.py:161} INFO - Started process (PID=3222) to work on /home/ubuntu/zilloapi/lib/python3.12/site-packages/airflow/example_dags/example_params_trigger_ui.py
[2024-08-11T08:31:07.346+0000] {processor.py:830} INFO - Processing file /home/ubuntu/zilloapi/lib/python3.12/site-packages/airflow/example_dags/example_params_trigger_ui.py for tasks to queue
[2024-08-11T08:31:07.347+0000] {logging_mixin.py:188} INFO - [2024-08-11T08:31:07.347+0000] {dagbag.py:545} INFO - Filling up the DagBag from /home/ubuntu/zilloapi/lib/python3.12/site-packages/airflow/example_dags/example_params_trigger_ui.py
[2024-08-11T08:31:07.355+0000] {processor.py:840} INFO - DAG(s) 'example_params_trigger_ui' retrieved from /home/ubuntu/zilloapi/lib/python3.12/site-packages/airflow/example_dags/example_params_trigger_ui.py
[2024-08-11T08:31:07.383+0000] {logging_mixin.py:188} INFO - [2024-08-11T08:31:07.383+0000] {dag.py:3089} INFO - Sync 1 DAGs
[2024-08-11T08:31:07.391+0000] {logging_mixin.py:188} INFO - [2024-08-11T08:31:07.391+0000] {dag.py:3947} INFO - Setting next_dagrun for example_params_trigger_ui to None, run_after=None
[2024-08-11T08:31:07.409+0000] {processor.py:183} INFO - Processing /home/ubuntu/zilloapi/lib/python3.12/site-packages/airflow/example_dags/example_params_trigger_ui.py took 0.069 seconds
[2024-08-11T08:32:08.085+0000] {processor.py:161} INFO - Started process (PID=3293) to work on /home/ubuntu/zilloapi/lib/python3.12/site-packages/airflow/example_dags/example_params_trigger_ui.py
[2024-08-11T08:32:08.088+0000] {processor.py:830} INFO - Processing file /home/ubuntu/zilloapi/lib/python3.12/site-packages/airflow/example_dags/example_params_trigger_ui.py for tasks to queue
[2024-08-11T08:32:08.089+0000] {logging_mixin.py:188} INFO - [2024-08-11T08:32:08.089+0000] {dagbag.py:545} INFO - Filling up the DagBag from /home/ubuntu/zilloapi/lib/python3.12/site-packages/airflow/example_dags/example_params_trigger_ui.py
[2024-08-11T08:32:08.099+0000] {processor.py:840} INFO - DAG(s) 'example_params_trigger_ui' retrieved from /home/ubuntu/zilloapi/lib/python3.12/site-packages/airflow/example_dags/example_params_trigger_ui.py
[2024-08-11T08:32:08.133+0000] {logging_mixin.py:188} INFO - [2024-08-11T08:32:08.133+0000] {dag.py:3089} INFO - Sync 1 DAGs
[2024-08-11T08:32:08.144+0000] {logging_mixin.py:188} INFO - [2024-08-11T08:32:08.144+0000] {dag.py:3947} INFO - Setting next_dagrun for example_params_trigger_ui to None, run_after=None
[2024-08-11T08:32:08.164+0000] {processor.py:183} INFO - Processing /home/ubuntu/zilloapi/lib/python3.12/site-packages/airflow/example_dags/example_params_trigger_ui.py took 0.084 seconds
[2024-08-11T08:33:09.087+0000] {processor.py:161} INFO - Started process (PID=3357) to work on /home/ubuntu/zilloapi/lib/python3.12/site-packages/airflow/example_dags/example_params_trigger_ui.py
[2024-08-11T08:33:09.089+0000] {processor.py:830} INFO - Processing file /home/ubuntu/zilloapi/lib/python3.12/site-packages/airflow/example_dags/example_params_trigger_ui.py for tasks to queue
[2024-08-11T08:33:09.092+0000] {logging_mixin.py:188} INFO - [2024-08-11T08:33:09.091+0000] {dagbag.py:545} INFO - Filling up the DagBag from /home/ubuntu/zilloapi/lib/python3.12/site-packages/airflow/example_dags/example_params_trigger_ui.py
[2024-08-11T08:33:09.100+0000] {processor.py:840} INFO - DAG(s) 'example_params_trigger_ui' retrieved from /home/ubuntu/zilloapi/lib/python3.12/site-packages/airflow/example_dags/example_params_trigger_ui.py
[2024-08-11T08:33:09.135+0000] {logging_mixin.py:188} INFO - [2024-08-11T08:33:09.135+0000] {dag.py:3089} INFO - Sync 1 DAGs
[2024-08-11T08:33:09.145+0000] {logging_mixin.py:188} INFO - [2024-08-11T08:33:09.145+0000] {dag.py:3947} INFO - Setting next_dagrun for example_params_trigger_ui to None, run_after=None
[2024-08-11T08:33:09.168+0000] {processor.py:183} INFO - Processing /home/ubuntu/zilloapi/lib/python3.12/site-packages/airflow/example_dags/example_params_trigger_ui.py took 0.086 seconds
[2024-08-11T08:34:05.397+0000] {processor.py:161} INFO - Started process (PID=3418) to work on /home/ubuntu/zilloapi/lib/python3.12/site-packages/airflow/example_dags/example_params_trigger_ui.py
[2024-08-11T08:34:05.399+0000] {processor.py:830} INFO - Processing file /home/ubuntu/zilloapi/lib/python3.12/site-packages/airflow/example_dags/example_params_trigger_ui.py for tasks to queue
[2024-08-11T08:34:05.401+0000] {logging_mixin.py:188} INFO - [2024-08-11T08:34:05.400+0000] {dagbag.py:545} INFO - Filling up the DagBag from /home/ubuntu/zilloapi/lib/python3.12/site-packages/airflow/example_dags/example_params_trigger_ui.py
[2024-08-11T08:34:05.409+0000] {processor.py:840} INFO - DAG(s) 'example_params_trigger_ui' retrieved from /home/ubuntu/zilloapi/lib/python3.12/site-packages/airflow/example_dags/example_params_trigger_ui.py
[2024-08-11T08:34:05.443+0000] {logging_mixin.py:188} INFO - [2024-08-11T08:34:05.443+0000] {dag.py:3089} INFO - Sync 1 DAGs
[2024-08-11T08:34:05.454+0000] {logging_mixin.py:188} INFO - [2024-08-11T08:34:05.454+0000] {dag.py:3947} INFO - Setting next_dagrun for example_params_trigger_ui to None, run_after=None
[2024-08-11T08:34:05.480+0000] {processor.py:183} INFO - Processing /home/ubuntu/zilloapi/lib/python3.12/site-packages/airflow/example_dags/example_params_trigger_ui.py took 0.089 seconds
