[2024-08-11T08:29:49.585+0000] {processor.py:161} INFO - Started process (PID=2874) to work on /home/ubuntu/zilloapi/lib/python3.12/site-packages/airflow/example_dags/tutorial.py
[2024-08-11T08:29:49.585+0000] {processor.py:830} INFO - Processing file /home/ubuntu/zilloapi/lib/python3.12/site-packages/airflow/example_dags/tutorial.py for tasks to queue
[2024-08-11T08:29:49.588+0000] {logging_mixin.py:188} INFO - [2024-08-11T08:29:49.587+0000] {dagbag.py:545} INFO - Filling up the DagBag from /home/ubuntu/zilloapi/lib/python3.12/site-packages/airflow/example_dags/tutorial.py
[2024-08-11T08:29:49.596+0000] {processor.py:840} INFO - DAG(s) 'tutorial' retrieved from /home/ubuntu/zilloapi/lib/python3.12/site-packages/airflow/example_dags/tutorial.py
[2024-08-11T08:29:49.704+0000] {logging_mixin.py:188} INFO - [2024-08-11T08:29:49.704+0000] {override.py:1858} INFO - Created Permission View: can delete on DAG:tutorial
[2024-08-11T08:29:49.718+0000] {logging_mixin.py:188} INFO - [2024-08-11T08:29:49.717+0000] {override.py:1858} INFO - Created Permission View: can read on DAG:tutorial
[2024-08-11T08:29:49.729+0000] {logging_mixin.py:188} INFO - [2024-08-11T08:29:49.729+0000] {override.py:1858} INFO - Created Permission View: can edit on DAG:tutorial
[2024-08-11T08:29:49.729+0000] {logging_mixin.py:188} INFO - [2024-08-11T08:29:49.729+0000] {dag.py:3089} INFO - Sync 1 DAGs
[2024-08-11T08:29:49.736+0000] {logging_mixin.py:188} INFO - [2024-08-11T08:29:49.736+0000] {dag.py:3111} INFO - Creating ORM DAG for tutorial
[2024-08-11T08:29:49.743+0000] {logging_mixin.py:188} INFO - [2024-08-11T08:29:49.743+0000] {dag.py:3947} INFO - Setting next_dagrun for tutorial to 2024-08-10 00:00:00+00:00, run_after=2024-08-11 00:00:00+00:00
[2024-08-11T08:29:49.766+0000] {processor.py:183} INFO - Processing /home/ubuntu/zilloapi/lib/python3.12/site-packages/airflow/example_dags/tutorial.py took 0.185 seconds
[2024-08-11T08:30:42.039+0000] {processor.py:161} INFO - Started process (PID=3026) to work on /home/ubuntu/zilloapi/lib/python3.12/site-packages/airflow/example_dags/tutorial.py
[2024-08-11T08:30:42.041+0000] {processor.py:830} INFO - Processing file /home/ubuntu/zilloapi/lib/python3.12/site-packages/airflow/example_dags/tutorial.py for tasks to queue
[2024-08-11T08:30:42.043+0000] {logging_mixin.py:188} INFO - [2024-08-11T08:30:42.042+0000] {dagbag.py:545} INFO - Filling up the DagBag from /home/ubuntu/zilloapi/lib/python3.12/site-packages/airflow/example_dags/tutorial.py
[2024-08-11T08:30:42.049+0000] {processor.py:840} INFO - DAG(s) 'tutorial' retrieved from /home/ubuntu/zilloapi/lib/python3.12/site-packages/airflow/example_dags/tutorial.py
[2024-08-11T08:30:42.064+0000] {logging_mixin.py:188} INFO - [2024-08-11T08:30:42.064+0000] {dag.py:3089} INFO - Sync 1 DAGs
[2024-08-11T08:30:42.082+0000] {logging_mixin.py:188} INFO - [2024-08-11T08:30:42.082+0000] {dag.py:3947} INFO - Setting next_dagrun for tutorial to 2024-08-10 00:00:00+00:00, run_after=2024-08-11 00:00:00+00:00
[2024-08-11T08:30:42.102+0000] {processor.py:183} INFO - Processing /home/ubuntu/zilloapi/lib/python3.12/site-packages/airflow/example_dags/tutorial.py took 0.068 seconds
[2024-08-11T08:31:26.024+0000] {processor.py:161} INFO - Started process (PID=3247) to work on /home/ubuntu/zilloapi/lib/python3.12/site-packages/airflow/example_dags/tutorial.py
[2024-08-11T08:31:26.026+0000] {processor.py:830} INFO - Processing file /home/ubuntu/zilloapi/lib/python3.12/site-packages/airflow/example_dags/tutorial.py for tasks to queue
[2024-08-11T08:31:26.028+0000] {logging_mixin.py:188} INFO - [2024-08-11T08:31:26.027+0000] {dagbag.py:545} INFO - Filling up the DagBag from /home/ubuntu/zilloapi/lib/python3.12/site-packages/airflow/example_dags/tutorial.py
[2024-08-11T08:31:26.035+0000] {processor.py:840} INFO - DAG(s) 'tutorial' retrieved from /home/ubuntu/zilloapi/lib/python3.12/site-packages/airflow/example_dags/tutorial.py
[2024-08-11T08:31:26.050+0000] {logging_mixin.py:188} INFO - [2024-08-11T08:31:26.049+0000] {dag.py:3089} INFO - Sync 1 DAGs
[2024-08-11T08:31:26.068+0000] {logging_mixin.py:188} INFO - [2024-08-11T08:31:26.068+0000] {dag.py:3947} INFO - Setting next_dagrun for tutorial to 2024-08-10 00:00:00+00:00, run_after=2024-08-11 00:00:00+00:00
[2024-08-11T08:31:26.089+0000] {processor.py:183} INFO - Processing /home/ubuntu/zilloapi/lib/python3.12/site-packages/airflow/example_dags/tutorial.py took 0.070 seconds
[2024-08-11T08:32:14.513+0000] {processor.py:161} INFO - Started process (PID=3300) to work on /home/ubuntu/zilloapi/lib/python3.12/site-packages/airflow/example_dags/tutorial.py
[2024-08-11T08:32:14.515+0000] {processor.py:830} INFO - Processing file /home/ubuntu/zilloapi/lib/python3.12/site-packages/airflow/example_dags/tutorial.py for tasks to queue
[2024-08-11T08:32:14.516+0000] {logging_mixin.py:188} INFO - [2024-08-11T08:32:14.516+0000] {dagbag.py:545} INFO - Filling up the DagBag from /home/ubuntu/zilloapi/lib/python3.12/site-packages/airflow/example_dags/tutorial.py
[2024-08-11T08:32:14.522+0000] {processor.py:840} INFO - DAG(s) 'tutorial' retrieved from /home/ubuntu/zilloapi/lib/python3.12/site-packages/airflow/example_dags/tutorial.py
[2024-08-11T08:32:14.537+0000] {logging_mixin.py:188} INFO - [2024-08-11T08:32:14.537+0000] {dag.py:3089} INFO - Sync 1 DAGs
[2024-08-11T08:32:14.554+0000] {logging_mixin.py:188} INFO - [2024-08-11T08:32:14.553+0000] {dag.py:3947} INFO - Setting next_dagrun for tutorial to 2024-08-10 00:00:00+00:00, run_after=2024-08-11 00:00:00+00:00
[2024-08-11T08:32:14.574+0000] {processor.py:183} INFO - Processing /home/ubuntu/zilloapi/lib/python3.12/site-packages/airflow/example_dags/tutorial.py took 0.067 seconds
[2024-08-11T08:32:57.376+0000] {processor.py:161} INFO - Started process (PID=3344) to work on /home/ubuntu/zilloapi/lib/python3.12/site-packages/airflow/example_dags/tutorial.py
[2024-08-11T08:32:57.378+0000] {processor.py:830} INFO - Processing file /home/ubuntu/zilloapi/lib/python3.12/site-packages/airflow/example_dags/tutorial.py for tasks to queue
[2024-08-11T08:32:57.380+0000] {logging_mixin.py:188} INFO - [2024-08-11T08:32:57.379+0000] {dagbag.py:545} INFO - Filling up the DagBag from /home/ubuntu/zilloapi/lib/python3.12/site-packages/airflow/example_dags/tutorial.py
[2024-08-11T08:32:57.386+0000] {processor.py:840} INFO - DAG(s) 'tutorial' retrieved from /home/ubuntu/zilloapi/lib/python3.12/site-packages/airflow/example_dags/tutorial.py
[2024-08-11T08:32:57.401+0000] {logging_mixin.py:188} INFO - [2024-08-11T08:32:57.401+0000] {dag.py:3089} INFO - Sync 1 DAGs
[2024-08-11T08:32:57.418+0000] {logging_mixin.py:188} INFO - [2024-08-11T08:32:57.418+0000] {dag.py:3947} INFO - Setting next_dagrun for tutorial to 2024-08-10 00:00:00+00:00, run_after=2024-08-11 00:00:00+00:00
[2024-08-11T08:32:57.441+0000] {processor.py:183} INFO - Processing /home/ubuntu/zilloapi/lib/python3.12/site-packages/airflow/example_dags/tutorial.py took 0.071 seconds
[2024-08-11T08:33:34.722+0000] {processor.py:161} INFO - Started process (PID=3385) to work on /home/ubuntu/zilloapi/lib/python3.12/site-packages/airflow/example_dags/tutorial.py
[2024-08-11T08:33:34.724+0000] {processor.py:830} INFO - Processing file /home/ubuntu/zilloapi/lib/python3.12/site-packages/airflow/example_dags/tutorial.py for tasks to queue
[2024-08-11T08:33:34.725+0000] {logging_mixin.py:188} INFO - [2024-08-11T08:33:34.725+0000] {dagbag.py:545} INFO - Filling up the DagBag from /home/ubuntu/zilloapi/lib/python3.12/site-packages/airflow/example_dags/tutorial.py
[2024-08-11T08:33:34.732+0000] {processor.py:840} INFO - DAG(s) 'tutorial' retrieved from /home/ubuntu/zilloapi/lib/python3.12/site-packages/airflow/example_dags/tutorial.py
[2024-08-11T08:33:34.746+0000] {logging_mixin.py:188} INFO - [2024-08-11T08:33:34.746+0000] {dag.py:3089} INFO - Sync 1 DAGs
[2024-08-11T08:33:34.763+0000] {logging_mixin.py:188} INFO - [2024-08-11T08:33:34.763+0000] {dag.py:3947} INFO - Setting next_dagrun for tutorial to 2024-08-10 00:00:00+00:00, run_after=2024-08-11 00:00:00+00:00
[2024-08-11T08:33:34.789+0000] {processor.py:183} INFO - Processing /home/ubuntu/zilloapi/lib/python3.12/site-packages/airflow/example_dags/tutorial.py took 0.073 seconds
[2024-08-11T08:34:16.662+0000] {processor.py:161} INFO - Started process (PID=3430) to work on /home/ubuntu/zilloapi/lib/python3.12/site-packages/airflow/example_dags/tutorial.py
[2024-08-11T08:34:16.665+0000] {processor.py:830} INFO - Processing file /home/ubuntu/zilloapi/lib/python3.12/site-packages/airflow/example_dags/tutorial.py for tasks to queue
[2024-08-11T08:34:16.667+0000] {logging_mixin.py:188} INFO - [2024-08-11T08:34:16.666+0000] {dagbag.py:545} INFO - Filling up the DagBag from /home/ubuntu/zilloapi/lib/python3.12/site-packages/airflow/example_dags/tutorial.py
[2024-08-11T08:34:16.673+0000] {processor.py:840} INFO - DAG(s) 'tutorial' retrieved from /home/ubuntu/zilloapi/lib/python3.12/site-packages/airflow/example_dags/tutorial.py
[2024-08-11T08:34:16.688+0000] {logging_mixin.py:188} INFO - [2024-08-11T08:34:16.688+0000] {dag.py:3089} INFO - Sync 1 DAGs
[2024-08-11T08:34:16.706+0000] {logging_mixin.py:188} INFO - [2024-08-11T08:34:16.705+0000] {dag.py:3947} INFO - Setting next_dagrun for tutorial to 2024-08-10 00:00:00+00:00, run_after=2024-08-11 00:00:00+00:00
[2024-08-11T08:34:16.728+0000] {processor.py:183} INFO - Processing /home/ubuntu/zilloapi/lib/python3.12/site-packages/airflow/example_dags/tutorial.py took 0.071 seconds
