[2024-08-11T08:29:48.921+0000] {processor.py:161} INFO - Started process (PID=2873) to work on /home/ubuntu/zilloapi/lib/python3.12/site-packages/airflow/example_dags/tutorial_dag.py
[2024-08-11T08:29:48.921+0000] {processor.py:830} INFO - Processing file /home/ubuntu/zilloapi/lib/python3.12/site-packages/airflow/example_dags/tutorial_dag.py for tasks to queue
[2024-08-11T08:29:48.924+0000] {logging_mixin.py:188} INFO - [2024-08-11T08:29:48.923+0000] {dagbag.py:545} INFO - Filling up the DagBag from /home/ubuntu/zilloapi/lib/python3.12/site-packages/airflow/example_dags/tutorial_dag.py
[2024-08-11T08:29:48.931+0000] {processor.py:840} INFO - DAG(s) 'tutorial_dag' retrieved from /home/ubuntu/zilloapi/lib/python3.12/site-packages/airflow/example_dags/tutorial_dag.py
[2024-08-11T08:29:49.036+0000] {logging_mixin.py:188} INFO - [2024-08-11T08:29:49.036+0000] {override.py:1858} INFO - Created Permission View: can delete on DAG:tutorial_dag
[2024-08-11T08:29:49.050+0000] {logging_mixin.py:188} INFO - [2024-08-11T08:29:49.050+0000] {override.py:1858} INFO - Created Permission View: can read on DAG:tutorial_dag
[2024-08-11T08:29:49.061+0000] {logging_mixin.py:188} INFO - [2024-08-11T08:29:49.061+0000] {override.py:1858} INFO - Created Permission View: can edit on DAG:tutorial_dag
[2024-08-11T08:29:49.062+0000] {logging_mixin.py:188} INFO - [2024-08-11T08:29:49.061+0000] {dag.py:3089} INFO - Sync 1 DAGs
[2024-08-11T08:29:49.068+0000] {logging_mixin.py:188} INFO - [2024-08-11T08:29:49.068+0000] {dag.py:3111} INFO - Creating ORM DAG for tutorial_dag
[2024-08-11T08:29:49.068+0000] {logging_mixin.py:188} INFO - [2024-08-11T08:29:49.068+0000] {dag.py:3947} INFO - Setting next_dagrun for tutorial_dag to None, run_after=None
[2024-08-11T08:29:49.090+0000] {processor.py:183} INFO - Processing /home/ubuntu/zilloapi/lib/python3.12/site-packages/airflow/example_dags/tutorial_dag.py took 0.174 seconds
[2024-08-11T08:30:40.910+0000] {processor.py:161} INFO - Started process (PID=3025) to work on /home/ubuntu/zilloapi/lib/python3.12/site-packages/airflow/example_dags/tutorial_dag.py
[2024-08-11T08:30:40.912+0000] {processor.py:830} INFO - Processing file /home/ubuntu/zilloapi/lib/python3.12/site-packages/airflow/example_dags/tutorial_dag.py for tasks to queue
[2024-08-11T08:30:40.913+0000] {logging_mixin.py:188} INFO - [2024-08-11T08:30:40.913+0000] {dagbag.py:545} INFO - Filling up the DagBag from /home/ubuntu/zilloapi/lib/python3.12/site-packages/airflow/example_dags/tutorial_dag.py
[2024-08-11T08:30:40.919+0000] {processor.py:840} INFO - DAG(s) 'tutorial_dag' retrieved from /home/ubuntu/zilloapi/lib/python3.12/site-packages/airflow/example_dags/tutorial_dag.py
[2024-08-11T08:30:40.934+0000] {logging_mixin.py:188} INFO - [2024-08-11T08:30:40.934+0000] {dag.py:3089} INFO - Sync 1 DAGs
[2024-08-11T08:30:40.945+0000] {logging_mixin.py:188} INFO - [2024-08-11T08:30:40.945+0000] {dag.py:3947} INFO - Setting next_dagrun for tutorial_dag to None, run_after=None
[2024-08-11T08:30:40.967+0000] {processor.py:183} INFO - Processing /home/ubuntu/zilloapi/lib/python3.12/site-packages/airflow/example_dags/tutorial_dag.py took 0.063 seconds
[2024-08-11T08:31:24.888+0000] {processor.py:161} INFO - Started process (PID=3239) to work on /home/ubuntu/zilloapi/lib/python3.12/site-packages/airflow/example_dags/tutorial_dag.py
[2024-08-11T08:31:24.890+0000] {processor.py:830} INFO - Processing file /home/ubuntu/zilloapi/lib/python3.12/site-packages/airflow/example_dags/tutorial_dag.py for tasks to queue
[2024-08-11T08:31:24.892+0000] {logging_mixin.py:188} INFO - [2024-08-11T08:31:24.891+0000] {dagbag.py:545} INFO - Filling up the DagBag from /home/ubuntu/zilloapi/lib/python3.12/site-packages/airflow/example_dags/tutorial_dag.py
[2024-08-11T08:31:24.896+0000] {processor.py:840} INFO - DAG(s) 'tutorial_dag' retrieved from /home/ubuntu/zilloapi/lib/python3.12/site-packages/airflow/example_dags/tutorial_dag.py
[2024-08-11T08:31:24.908+0000] {logging_mixin.py:188} INFO - [2024-08-11T08:31:24.908+0000] {dag.py:3089} INFO - Sync 1 DAGs
[2024-08-11T08:31:24.917+0000] {logging_mixin.py:188} INFO - [2024-08-11T08:31:24.916+0000] {dag.py:3947} INFO - Setting next_dagrun for tutorial_dag to None, run_after=None
[2024-08-11T08:31:24.935+0000] {processor.py:183} INFO - Processing /home/ubuntu/zilloapi/lib/python3.12/site-packages/airflow/example_dags/tutorial_dag.py took 0.052 seconds
[2024-08-11T08:32:13.381+0000] {processor.py:161} INFO - Started process (PID=3298) to work on /home/ubuntu/zilloapi/lib/python3.12/site-packages/airflow/example_dags/tutorial_dag.py
[2024-08-11T08:32:13.383+0000] {processor.py:830} INFO - Processing file /home/ubuntu/zilloapi/lib/python3.12/site-packages/airflow/example_dags/tutorial_dag.py for tasks to queue
[2024-08-11T08:32:13.384+0000] {logging_mixin.py:188} INFO - [2024-08-11T08:32:13.384+0000] {dagbag.py:545} INFO - Filling up the DagBag from /home/ubuntu/zilloapi/lib/python3.12/site-packages/airflow/example_dags/tutorial_dag.py
[2024-08-11T08:32:13.389+0000] {processor.py:840} INFO - DAG(s) 'tutorial_dag' retrieved from /home/ubuntu/zilloapi/lib/python3.12/site-packages/airflow/example_dags/tutorial_dag.py
[2024-08-11T08:32:13.405+0000] {logging_mixin.py:188} INFO - [2024-08-11T08:32:13.405+0000] {dag.py:3089} INFO - Sync 1 DAGs
[2024-08-11T08:32:13.416+0000] {logging_mixin.py:188} INFO - [2024-08-11T08:32:13.416+0000] {dag.py:3947} INFO - Setting next_dagrun for tutorial_dag to None, run_after=None
[2024-08-11T08:32:13.437+0000] {processor.py:183} INFO - Processing /home/ubuntu/zilloapi/lib/python3.12/site-packages/airflow/example_dags/tutorial_dag.py took 0.062 seconds
[2024-08-11T08:32:56.232+0000] {processor.py:161} INFO - Started process (PID=3343) to work on /home/ubuntu/zilloapi/lib/python3.12/site-packages/airflow/example_dags/tutorial_dag.py
[2024-08-11T08:32:56.235+0000] {processor.py:830} INFO - Processing file /home/ubuntu/zilloapi/lib/python3.12/site-packages/airflow/example_dags/tutorial_dag.py for tasks to queue
[2024-08-11T08:32:56.236+0000] {logging_mixin.py:188} INFO - [2024-08-11T08:32:56.236+0000] {dagbag.py:545} INFO - Filling up the DagBag from /home/ubuntu/zilloapi/lib/python3.12/site-packages/airflow/example_dags/tutorial_dag.py
[2024-08-11T08:32:56.242+0000] {processor.py:840} INFO - DAG(s) 'tutorial_dag' retrieved from /home/ubuntu/zilloapi/lib/python3.12/site-packages/airflow/example_dags/tutorial_dag.py
[2024-08-11T08:32:56.256+0000] {logging_mixin.py:188} INFO - [2024-08-11T08:32:56.256+0000] {dag.py:3089} INFO - Sync 1 DAGs
[2024-08-11T08:32:56.267+0000] {logging_mixin.py:188} INFO - [2024-08-11T08:32:56.266+0000] {dag.py:3947} INFO - Setting next_dagrun for tutorial_dag to None, run_after=None
[2024-08-11T08:32:56.289+0000] {processor.py:183} INFO - Processing /home/ubuntu/zilloapi/lib/python3.12/site-packages/airflow/example_dags/tutorial_dag.py took 0.063 seconds
[2024-08-11T08:33:34.525+0000] {processor.py:161} INFO - Started process (PID=3384) to work on /home/ubuntu/zilloapi/lib/python3.12/site-packages/airflow/example_dags/tutorial_dag.py
[2024-08-11T08:33:34.529+0000] {processor.py:830} INFO - Processing file /home/ubuntu/zilloapi/lib/python3.12/site-packages/airflow/example_dags/tutorial_dag.py for tasks to queue
[2024-08-11T08:33:34.530+0000] {logging_mixin.py:188} INFO - [2024-08-11T08:33:34.530+0000] {dagbag.py:545} INFO - Filling up the DagBag from /home/ubuntu/zilloapi/lib/python3.12/site-packages/airflow/example_dags/tutorial_dag.py
[2024-08-11T08:33:34.535+0000] {processor.py:840} INFO - DAG(s) 'tutorial_dag' retrieved from /home/ubuntu/zilloapi/lib/python3.12/site-packages/airflow/example_dags/tutorial_dag.py
[2024-08-11T08:33:34.550+0000] {logging_mixin.py:188} INFO - [2024-08-11T08:33:34.550+0000] {dag.py:3089} INFO - Sync 1 DAGs
[2024-08-11T08:33:34.560+0000] {logging_mixin.py:188} INFO - [2024-08-11T08:33:34.560+0000] {dag.py:3947} INFO - Setting next_dagrun for tutorial_dag to None, run_after=None
[2024-08-11T08:33:34.583+0000] {processor.py:183} INFO - Processing /home/ubuntu/zilloapi/lib/python3.12/site-packages/airflow/example_dags/tutorial_dag.py took 0.063 seconds
[2024-08-11T08:34:15.533+0000] {processor.py:161} INFO - Started process (PID=3429) to work on /home/ubuntu/zilloapi/lib/python3.12/site-packages/airflow/example_dags/tutorial_dag.py
[2024-08-11T08:34:15.535+0000] {processor.py:830} INFO - Processing file /home/ubuntu/zilloapi/lib/python3.12/site-packages/airflow/example_dags/tutorial_dag.py for tasks to queue
[2024-08-11T08:34:15.537+0000] {logging_mixin.py:188} INFO - [2024-08-11T08:34:15.536+0000] {dagbag.py:545} INFO - Filling up the DagBag from /home/ubuntu/zilloapi/lib/python3.12/site-packages/airflow/example_dags/tutorial_dag.py
[2024-08-11T08:34:15.542+0000] {processor.py:840} INFO - DAG(s) 'tutorial_dag' retrieved from /home/ubuntu/zilloapi/lib/python3.12/site-packages/airflow/example_dags/tutorial_dag.py
[2024-08-11T08:34:15.558+0000] {logging_mixin.py:188} INFO - [2024-08-11T08:34:15.557+0000] {dag.py:3089} INFO - Sync 1 DAGs
[2024-08-11T08:34:15.566+0000] {logging_mixin.py:188} INFO - [2024-08-11T08:34:15.566+0000] {dag.py:3947} INFO - Setting next_dagrun for tutorial_dag to None, run_after=None
[2024-08-11T08:34:15.592+0000] {processor.py:183} INFO - Processing /home/ubuntu/zilloapi/lib/python3.12/site-packages/airflow/example_dags/tutorial_dag.py took 0.063 seconds
