[2024-08-11T08:29:45.117+0000] {processor.py:161} INFO - Started process (PID=2870) to work on /home/ubuntu/zilloapi/lib/python3.12/site-packages/airflow/example_dags/example_time_delta_sensor_async.py
[2024-08-11T08:29:45.118+0000] {processor.py:830} INFO - Processing file /home/ubuntu/zilloapi/lib/python3.12/site-packages/airflow/example_dags/example_time_delta_sensor_async.py for tasks to queue
[2024-08-11T08:29:45.119+0000] {logging_mixin.py:188} INFO - [2024-08-11T08:29:45.119+0000] {dagbag.py:545} INFO - Filling up the DagBag from /home/ubuntu/zilloapi/lib/python3.12/site-packages/airflow/example_dags/example_time_delta_sensor_async.py
[2024-08-11T08:29:45.125+0000] {processor.py:840} INFO - DAG(s) 'example_time_delta_sensor_async' retrieved from /home/ubuntu/zilloapi/lib/python3.12/site-packages/airflow/example_dags/example_time_delta_sensor_async.py
[2024-08-11T08:29:45.211+0000] {logging_mixin.py:188} INFO - [2024-08-11T08:29:45.211+0000] {override.py:1858} INFO - Created Permission View: can delete on DAG:example_time_delta_sensor_async
[2024-08-11T08:29:45.225+0000] {logging_mixin.py:188} INFO - [2024-08-11T08:29:45.225+0000] {override.py:1858} INFO - Created Permission View: can read on DAG:example_time_delta_sensor_async
[2024-08-11T08:29:45.236+0000] {logging_mixin.py:188} INFO - [2024-08-11T08:29:45.236+0000] {override.py:1858} INFO - Created Permission View: can edit on DAG:example_time_delta_sensor_async
[2024-08-11T08:29:45.236+0000] {logging_mixin.py:188} INFO - [2024-08-11T08:29:45.236+0000] {dag.py:3089} INFO - Sync 1 DAGs
[2024-08-11T08:29:45.244+0000] {logging_mixin.py:188} INFO - [2024-08-11T08:29:45.244+0000] {dag.py:3111} INFO - Creating ORM DAG for example_time_delta_sensor_async
[2024-08-11T08:29:45.244+0000] {logging_mixin.py:188} INFO - [2024-08-11T08:29:45.244+0000] {dag.py:3947} INFO - Setting next_dagrun for example_time_delta_sensor_async to None, run_after=None
[2024-08-11T08:29:45.266+0000] {processor.py:183} INFO - Processing /home/ubuntu/zilloapi/lib/python3.12/site-packages/airflow/example_dags/example_time_delta_sensor_async.py took 0.153 seconds
[2024-08-11T08:30:37.505+0000] {processor.py:161} INFO - Started process (PID=3022) to work on /home/ubuntu/zilloapi/lib/python3.12/site-packages/airflow/example_dags/example_time_delta_sensor_async.py
[2024-08-11T08:30:37.509+0000] {processor.py:830} INFO - Processing file /home/ubuntu/zilloapi/lib/python3.12/site-packages/airflow/example_dags/example_time_delta_sensor_async.py for tasks to queue
[2024-08-11T08:30:37.510+0000] {logging_mixin.py:188} INFO - [2024-08-11T08:30:37.510+0000] {dagbag.py:545} INFO - Filling up the DagBag from /home/ubuntu/zilloapi/lib/python3.12/site-packages/airflow/example_dags/example_time_delta_sensor_async.py
[2024-08-11T08:30:37.516+0000] {processor.py:840} INFO - DAG(s) 'example_time_delta_sensor_async' retrieved from /home/ubuntu/zilloapi/lib/python3.12/site-packages/airflow/example_dags/example_time_delta_sensor_async.py
[2024-08-11T08:30:37.532+0000] {logging_mixin.py:188} INFO - [2024-08-11T08:30:37.532+0000] {dag.py:3089} INFO - Sync 1 DAGs
[2024-08-11T08:30:37.543+0000] {logging_mixin.py:188} INFO - [2024-08-11T08:30:37.543+0000] {dag.py:3947} INFO - Setting next_dagrun for example_time_delta_sensor_async to None, run_after=None
[2024-08-11T08:30:37.563+0000] {processor.py:183} INFO - Processing /home/ubuntu/zilloapi/lib/python3.12/site-packages/airflow/example_dags/example_time_delta_sensor_async.py took 0.063 seconds
[2024-08-11T08:31:21.757+0000] {processor.py:161} INFO - Started process (PID=3236) to work on /home/ubuntu/zilloapi/lib/python3.12/site-packages/airflow/example_dags/example_time_delta_sensor_async.py
[2024-08-11T08:31:21.759+0000] {processor.py:830} INFO - Processing file /home/ubuntu/zilloapi/lib/python3.12/site-packages/airflow/example_dags/example_time_delta_sensor_async.py for tasks to queue
[2024-08-11T08:31:21.760+0000] {logging_mixin.py:188} INFO - [2024-08-11T08:31:21.760+0000] {dagbag.py:545} INFO - Filling up the DagBag from /home/ubuntu/zilloapi/lib/python3.12/site-packages/airflow/example_dags/example_time_delta_sensor_async.py
[2024-08-11T08:31:21.765+0000] {processor.py:840} INFO - DAG(s) 'example_time_delta_sensor_async' retrieved from /home/ubuntu/zilloapi/lib/python3.12/site-packages/airflow/example_dags/example_time_delta_sensor_async.py
[2024-08-11T08:31:21.780+0000] {logging_mixin.py:188} INFO - [2024-08-11T08:31:21.780+0000] {dag.py:3089} INFO - Sync 1 DAGs
[2024-08-11T08:31:21.791+0000] {logging_mixin.py:188} INFO - [2024-08-11T08:31:21.791+0000] {dag.py:3947} INFO - Setting next_dagrun for example_time_delta_sensor_async to None, run_after=None
[2024-08-11T08:31:21.811+0000] {processor.py:183} INFO - Processing /home/ubuntu/zilloapi/lib/python3.12/site-packages/airflow/example_dags/example_time_delta_sensor_async.py took 0.059 seconds
[2024-08-11T08:32:03.096+0000] {processor.py:161} INFO - Started process (PID=3288) to work on /home/ubuntu/zilloapi/lib/python3.12/site-packages/airflow/example_dags/example_time_delta_sensor_async.py
[2024-08-11T08:32:03.097+0000] {processor.py:830} INFO - Processing file /home/ubuntu/zilloapi/lib/python3.12/site-packages/airflow/example_dags/example_time_delta_sensor_async.py for tasks to queue
[2024-08-11T08:32:03.099+0000] {logging_mixin.py:188} INFO - [2024-08-11T08:32:03.099+0000] {dagbag.py:545} INFO - Filling up the DagBag from /home/ubuntu/zilloapi/lib/python3.12/site-packages/airflow/example_dags/example_time_delta_sensor_async.py
[2024-08-11T08:32:03.104+0000] {processor.py:840} INFO - DAG(s) 'example_time_delta_sensor_async' retrieved from /home/ubuntu/zilloapi/lib/python3.12/site-packages/airflow/example_dags/example_time_delta_sensor_async.py
[2024-08-11T08:32:03.119+0000] {logging_mixin.py:188} INFO - [2024-08-11T08:32:03.119+0000] {dag.py:3089} INFO - Sync 1 DAGs
[2024-08-11T08:32:03.130+0000] {logging_mixin.py:188} INFO - [2024-08-11T08:32:03.130+0000] {dag.py:3947} INFO - Setting next_dagrun for example_time_delta_sensor_async to None, run_after=None
[2024-08-11T08:32:03.151+0000] {processor.py:183} INFO - Processing /home/ubuntu/zilloapi/lib/python3.12/site-packages/airflow/example_dags/example_time_delta_sensor_async.py took 0.062 seconds
[2024-08-11T08:32:41.977+0000] {processor.py:161} INFO - Started process (PID=3328) to work on /home/ubuntu/zilloapi/lib/python3.12/site-packages/airflow/example_dags/example_time_delta_sensor_async.py
[2024-08-11T08:32:41.979+0000] {processor.py:830} INFO - Processing file /home/ubuntu/zilloapi/lib/python3.12/site-packages/airflow/example_dags/example_time_delta_sensor_async.py for tasks to queue
[2024-08-11T08:32:41.980+0000] {logging_mixin.py:188} INFO - [2024-08-11T08:32:41.980+0000] {dagbag.py:545} INFO - Filling up the DagBag from /home/ubuntu/zilloapi/lib/python3.12/site-packages/airflow/example_dags/example_time_delta_sensor_async.py
[2024-08-11T08:32:41.986+0000] {processor.py:840} INFO - DAG(s) 'example_time_delta_sensor_async' retrieved from /home/ubuntu/zilloapi/lib/python3.12/site-packages/airflow/example_dags/example_time_delta_sensor_async.py
[2024-08-11T08:32:42.002+0000] {logging_mixin.py:188} INFO - [2024-08-11T08:32:42.002+0000] {dag.py:3089} INFO - Sync 1 DAGs
[2024-08-11T08:32:42.023+0000] {logging_mixin.py:188} INFO - [2024-08-11T08:32:42.022+0000] {dag.py:3947} INFO - Setting next_dagrun for example_time_delta_sensor_async to None, run_after=None
[2024-08-11T08:32:42.046+0000] {processor.py:183} INFO - Processing /home/ubuntu/zilloapi/lib/python3.12/site-packages/airflow/example_dags/example_time_delta_sensor_async.py took 0.075 seconds
[2024-08-11T08:33:21.956+0000] {processor.py:161} INFO - Started process (PID=3372) to work on /home/ubuntu/zilloapi/lib/python3.12/site-packages/airflow/example_dags/example_time_delta_sensor_async.py
[2024-08-11T08:33:21.958+0000] {processor.py:830} INFO - Processing file /home/ubuntu/zilloapi/lib/python3.12/site-packages/airflow/example_dags/example_time_delta_sensor_async.py for tasks to queue
[2024-08-11T08:33:21.959+0000] {logging_mixin.py:188} INFO - [2024-08-11T08:33:21.959+0000] {dagbag.py:545} INFO - Filling up the DagBag from /home/ubuntu/zilloapi/lib/python3.12/site-packages/airflow/example_dags/example_time_delta_sensor_async.py
[2024-08-11T08:33:21.965+0000] {processor.py:840} INFO - DAG(s) 'example_time_delta_sensor_async' retrieved from /home/ubuntu/zilloapi/lib/python3.12/site-packages/airflow/example_dags/example_time_delta_sensor_async.py
[2024-08-11T08:33:21.980+0000] {logging_mixin.py:188} INFO - [2024-08-11T08:33:21.980+0000] {dag.py:3089} INFO - Sync 1 DAGs
[2024-08-11T08:33:21.990+0000] {logging_mixin.py:188} INFO - [2024-08-11T08:33:21.990+0000] {dag.py:3947} INFO - Setting next_dagrun for example_time_delta_sensor_async to None, run_after=None
[2024-08-11T08:33:22.012+0000] {processor.py:183} INFO - Processing /home/ubuntu/zilloapi/lib/python3.12/site-packages/airflow/example_dags/example_time_delta_sensor_async.py took 0.063 seconds
[2024-08-11T08:34:12.121+0000] {processor.py:161} INFO - Started process (PID=3426) to work on /home/ubuntu/zilloapi/lib/python3.12/site-packages/airflow/example_dags/example_time_delta_sensor_async.py
[2024-08-11T08:34:12.123+0000] {processor.py:830} INFO - Processing file /home/ubuntu/zilloapi/lib/python3.12/site-packages/airflow/example_dags/example_time_delta_sensor_async.py for tasks to queue
[2024-08-11T08:34:12.125+0000] {logging_mixin.py:188} INFO - [2024-08-11T08:34:12.124+0000] {dagbag.py:545} INFO - Filling up the DagBag from /home/ubuntu/zilloapi/lib/python3.12/site-packages/airflow/example_dags/example_time_delta_sensor_async.py
[2024-08-11T08:34:12.129+0000] {processor.py:840} INFO - DAG(s) 'example_time_delta_sensor_async' retrieved from /home/ubuntu/zilloapi/lib/python3.12/site-packages/airflow/example_dags/example_time_delta_sensor_async.py
[2024-08-11T08:34:12.145+0000] {logging_mixin.py:188} INFO - [2024-08-11T08:34:12.144+0000] {dag.py:3089} INFO - Sync 1 DAGs
[2024-08-11T08:34:12.156+0000] {logging_mixin.py:188} INFO - [2024-08-11T08:34:12.155+0000] {dag.py:3947} INFO - Setting next_dagrun for example_time_delta_sensor_async to None, run_after=None
[2024-08-11T08:34:12.180+0000] {processor.py:183} INFO - Processing /home/ubuntu/zilloapi/lib/python3.12/site-packages/airflow/example_dags/example_time_delta_sensor_async.py took 0.064 seconds
