[2024-08-11T08:30:03.332+0000] {processor.py:161} INFO - Started process (PID=2981) to work on /home/ubuntu/zilloapi/lib/python3.12/site-packages/airflow/example_dags/example_short_circuit_operator.py
[2024-08-11T08:30:03.332+0000] {processor.py:830} INFO - Processing file /home/ubuntu/zilloapi/lib/python3.12/site-packages/airflow/example_dags/example_short_circuit_operator.py for tasks to queue
[2024-08-11T08:30:03.334+0000] {logging_mixin.py:188} INFO - [2024-08-11T08:30:03.333+0000] {dagbag.py:545} INFO - Filling up the DagBag from /home/ubuntu/zilloapi/lib/python3.12/site-packages/airflow/example_dags/example_short_circuit_operator.py
[2024-08-11T08:30:03.340+0000] {processor.py:840} INFO - DAG(s) 'example_short_circuit_operator' retrieved from /home/ubuntu/zilloapi/lib/python3.12/site-packages/airflow/example_dags/example_short_circuit_operator.py
[2024-08-11T08:30:03.453+0000] {logging_mixin.py:188} INFO - [2024-08-11T08:30:03.452+0000] {override.py:1858} INFO - Created Permission View: can delete on DAG:example_short_circuit_operator
[2024-08-11T08:30:03.468+0000] {logging_mixin.py:188} INFO - [2024-08-11T08:30:03.468+0000] {override.py:1858} INFO - Created Permission View: can read on DAG:example_short_circuit_operator
[2024-08-11T08:30:03.480+0000] {logging_mixin.py:188} INFO - [2024-08-11T08:30:03.480+0000] {override.py:1858} INFO - Created Permission View: can edit on DAG:example_short_circuit_operator
[2024-08-11T08:30:03.481+0000] {logging_mixin.py:188} INFO - [2024-08-11T08:30:03.481+0000] {dag.py:3089} INFO - Sync 1 DAGs
[2024-08-11T08:30:03.490+0000] {logging_mixin.py:188} INFO - [2024-08-11T08:30:03.490+0000] {dag.py:3111} INFO - Creating ORM DAG for example_short_circuit_operator
[2024-08-11T08:30:03.496+0000] {logging_mixin.py:188} INFO - [2024-08-11T08:30:03.496+0000] {dag.py:3947} INFO - Setting next_dagrun for example_short_circuit_operator to 2024-08-10 00:00:00+00:00, run_after=2024-08-11 00:00:00+00:00
[2024-08-11T08:30:03.521+0000] {processor.py:183} INFO - Processing /home/ubuntu/zilloapi/lib/python3.12/site-packages/airflow/example_dags/example_short_circuit_operator.py took 0.196 seconds
[2024-08-11T08:30:54.075+0000] {processor.py:161} INFO - Started process (PID=3208) to work on /home/ubuntu/zilloapi/lib/python3.12/site-packages/airflow/example_dags/example_short_circuit_operator.py
[2024-08-11T08:30:54.077+0000] {processor.py:830} INFO - Processing file /home/ubuntu/zilloapi/lib/python3.12/site-packages/airflow/example_dags/example_short_circuit_operator.py for tasks to queue
[2024-08-11T08:30:54.078+0000] {logging_mixin.py:188} INFO - [2024-08-11T08:30:54.078+0000] {dagbag.py:545} INFO - Filling up the DagBag from /home/ubuntu/zilloapi/lib/python3.12/site-packages/airflow/example_dags/example_short_circuit_operator.py
[2024-08-11T08:30:54.085+0000] {processor.py:840} INFO - DAG(s) 'example_short_circuit_operator' retrieved from /home/ubuntu/zilloapi/lib/python3.12/site-packages/airflow/example_dags/example_short_circuit_operator.py
[2024-08-11T08:30:54.103+0000] {logging_mixin.py:188} INFO - [2024-08-11T08:30:54.102+0000] {dag.py:3089} INFO - Sync 1 DAGs
[2024-08-11T08:30:54.119+0000] {logging_mixin.py:188} INFO - [2024-08-11T08:30:54.119+0000] {dag.py:3947} INFO - Setting next_dagrun for example_short_circuit_operator to 2024-08-10 00:00:00+00:00, run_after=2024-08-11 00:00:00+00:00
[2024-08-11T08:30:54.140+0000] {processor.py:183} INFO - Processing /home/ubuntu/zilloapi/lib/python3.12/site-packages/airflow/example_dags/example_short_circuit_operator.py took 0.072 seconds
[2024-08-11T08:31:44.263+0000] {processor.py:161} INFO - Started process (PID=3267) to work on /home/ubuntu/zilloapi/lib/python3.12/site-packages/airflow/example_dags/example_short_circuit_operator.py
[2024-08-11T08:31:44.265+0000] {processor.py:830} INFO - Processing file /home/ubuntu/zilloapi/lib/python3.12/site-packages/airflow/example_dags/example_short_circuit_operator.py for tasks to queue
[2024-08-11T08:31:44.267+0000] {logging_mixin.py:188} INFO - [2024-08-11T08:31:44.267+0000] {dagbag.py:545} INFO - Filling up the DagBag from /home/ubuntu/zilloapi/lib/python3.12/site-packages/airflow/example_dags/example_short_circuit_operator.py
[2024-08-11T08:31:44.273+0000] {processor.py:840} INFO - DAG(s) 'example_short_circuit_operator' retrieved from /home/ubuntu/zilloapi/lib/python3.12/site-packages/airflow/example_dags/example_short_circuit_operator.py
[2024-08-11T08:31:44.291+0000] {logging_mixin.py:188} INFO - [2024-08-11T08:31:44.291+0000] {dag.py:3089} INFO - Sync 1 DAGs
[2024-08-11T08:31:44.308+0000] {logging_mixin.py:188} INFO - [2024-08-11T08:31:44.308+0000] {dag.py:3947} INFO - Setting next_dagrun for example_short_circuit_operator to 2024-08-10 00:00:00+00:00, run_after=2024-08-11 00:00:00+00:00
[2024-08-11T08:31:44.330+0000] {processor.py:183} INFO - Processing /home/ubuntu/zilloapi/lib/python3.12/site-packages/airflow/example_dags/example_short_circuit_operator.py took 0.073 seconds
[2024-08-11T08:32:44.241+0000] {processor.py:161} INFO - Started process (PID=3330) to work on /home/ubuntu/zilloapi/lib/python3.12/site-packages/airflow/example_dags/example_short_circuit_operator.py
[2024-08-11T08:32:44.243+0000] {processor.py:830} INFO - Processing file /home/ubuntu/zilloapi/lib/python3.12/site-packages/airflow/example_dags/example_short_circuit_operator.py for tasks to queue
[2024-08-11T08:32:44.244+0000] {logging_mixin.py:188} INFO - [2024-08-11T08:32:44.244+0000] {dagbag.py:545} INFO - Filling up the DagBag from /home/ubuntu/zilloapi/lib/python3.12/site-packages/airflow/example_dags/example_short_circuit_operator.py
[2024-08-11T08:32:44.252+0000] {processor.py:840} INFO - DAG(s) 'example_short_circuit_operator' retrieved from /home/ubuntu/zilloapi/lib/python3.12/site-packages/airflow/example_dags/example_short_circuit_operator.py
[2024-08-11T08:32:44.269+0000] {logging_mixin.py:188} INFO - [2024-08-11T08:32:44.269+0000] {dag.py:3089} INFO - Sync 1 DAGs
[2024-08-11T08:32:44.286+0000] {logging_mixin.py:188} INFO - [2024-08-11T08:32:44.286+0000] {dag.py:3947} INFO - Setting next_dagrun for example_short_circuit_operator to 2024-08-10 00:00:00+00:00, run_after=2024-08-11 00:00:00+00:00
[2024-08-11T08:32:44.310+0000] {processor.py:183} INFO - Processing /home/ubuntu/zilloapi/lib/python3.12/site-packages/airflow/example_dags/example_short_circuit_operator.py took 0.075 seconds
[2024-08-11T08:33:39.456+0000] {processor.py:161} INFO - Started process (PID=3391) to work on /home/ubuntu/zilloapi/lib/python3.12/site-packages/airflow/example_dags/example_short_circuit_operator.py
[2024-08-11T08:33:39.457+0000] {processor.py:830} INFO - Processing file /home/ubuntu/zilloapi/lib/python3.12/site-packages/airflow/example_dags/example_short_circuit_operator.py for tasks to queue
[2024-08-11T08:33:39.460+0000] {logging_mixin.py:188} INFO - [2024-08-11T08:33:39.458+0000] {dagbag.py:545} INFO - Filling up the DagBag from /home/ubuntu/zilloapi/lib/python3.12/site-packages/airflow/example_dags/example_short_circuit_operator.py
[2024-08-11T08:33:39.468+0000] {processor.py:840} INFO - DAG(s) 'example_short_circuit_operator' retrieved from /home/ubuntu/zilloapi/lib/python3.12/site-packages/airflow/example_dags/example_short_circuit_operator.py
[2024-08-11T08:33:39.485+0000] {logging_mixin.py:188} INFO - [2024-08-11T08:33:39.484+0000] {dag.py:3089} INFO - Sync 1 DAGs
[2024-08-11T08:33:39.502+0000] {logging_mixin.py:188} INFO - [2024-08-11T08:33:39.502+0000] {dag.py:3947} INFO - Setting next_dagrun for example_short_circuit_operator to 2024-08-10 00:00:00+00:00, run_after=2024-08-11 00:00:00+00:00
[2024-08-11T08:33:39.525+0000] {processor.py:183} INFO - Processing /home/ubuntu/zilloapi/lib/python3.12/site-packages/airflow/example_dags/example_short_circuit_operator.py took 0.075 seconds
[2024-08-11T08:34:23.541+0000] {processor.py:161} INFO - Started process (PID=3439) to work on /home/ubuntu/zilloapi/lib/python3.12/site-packages/airflow/example_dags/example_short_circuit_operator.py
[2024-08-11T08:34:23.544+0000] {processor.py:830} INFO - Processing file /home/ubuntu/zilloapi/lib/python3.12/site-packages/airflow/example_dags/example_short_circuit_operator.py for tasks to queue
[2024-08-11T08:34:23.545+0000] {logging_mixin.py:188} INFO - [2024-08-11T08:34:23.545+0000] {dagbag.py:545} INFO - Filling up the DagBag from /home/ubuntu/zilloapi/lib/python3.12/site-packages/airflow/example_dags/example_short_circuit_operator.py
[2024-08-11T08:34:23.552+0000] {processor.py:840} INFO - DAG(s) 'example_short_circuit_operator' retrieved from /home/ubuntu/zilloapi/lib/python3.12/site-packages/airflow/example_dags/example_short_circuit_operator.py
[2024-08-11T08:34:23.569+0000] {logging_mixin.py:188} INFO - [2024-08-11T08:34:23.569+0000] {dag.py:3089} INFO - Sync 1 DAGs
[2024-08-11T08:34:23.586+0000] {logging_mixin.py:188} INFO - [2024-08-11T08:34:23.585+0000] {dag.py:3947} INFO - Setting next_dagrun for example_short_circuit_operator to 2024-08-10 00:00:00+00:00, run_after=2024-08-11 00:00:00+00:00
[2024-08-11T08:34:23.608+0000] {processor.py:183} INFO - Processing /home/ubuntu/zilloapi/lib/python3.12/site-packages/airflow/example_dags/example_short_circuit_operator.py took 0.073 seconds
