[2024-08-11T08:30:27.124+0000] {processor.py:161} INFO - Started process (PID=3010) to work on /home/ubuntu/zilloapi/lib/python3.12/site-packages/airflow/example_dags/example_branch_day_of_week_operator.py
[2024-08-11T08:30:27.124+0000] {processor.py:830} INFO - Processing file /home/ubuntu/zilloapi/lib/python3.12/site-packages/airflow/example_dags/example_branch_day_of_week_operator.py for tasks to queue
[2024-08-11T08:30:27.126+0000] {logging_mixin.py:188} INFO - [2024-08-11T08:30:27.125+0000] {dagbag.py:545} INFO - Filling up the DagBag from /home/ubuntu/zilloapi/lib/python3.12/site-packages/airflow/example_dags/example_branch_day_of_week_operator.py
[2024-08-11T08:30:27.133+0000] {processor.py:840} INFO - DAG(s) 'example_weekday_branch_operator' retrieved from /home/ubuntu/zilloapi/lib/python3.12/site-packages/airflow/example_dags/example_branch_day_of_week_operator.py
[2024-08-11T08:30:27.233+0000] {logging_mixin.py:188} INFO - [2024-08-11T08:30:27.233+0000] {override.py:1858} INFO - Created Permission View: can delete on DAG:example_weekday_branch_operator
[2024-08-11T08:30:27.245+0000] {logging_mixin.py:188} INFO - [2024-08-11T08:30:27.245+0000] {override.py:1858} INFO - Created Permission View: can read on DAG:example_weekday_branch_operator
[2024-08-11T08:30:27.253+0000] {logging_mixin.py:188} INFO - [2024-08-11T08:30:27.253+0000] {override.py:1858} INFO - Created Permission View: can edit on DAG:example_weekday_branch_operator
[2024-08-11T08:30:27.254+0000] {logging_mixin.py:188} INFO - [2024-08-11T08:30:27.253+0000] {dag.py:3089} INFO - Sync 1 DAGs
[2024-08-11T08:30:27.262+0000] {logging_mixin.py:188} INFO - [2024-08-11T08:30:27.261+0000] {dag.py:3111} INFO - Creating ORM DAG for example_weekday_branch_operator
[2024-08-11T08:30:27.272+0000] {logging_mixin.py:188} INFO - [2024-08-11T08:30:27.272+0000] {dag.py:3947} INFO - Setting next_dagrun for example_weekday_branch_operator to 2024-08-10 00:00:00+00:00, run_after=2024-08-11 00:00:00+00:00
[2024-08-11T08:30:27.292+0000] {processor.py:183} INFO - Processing /home/ubuntu/zilloapi/lib/python3.12/site-packages/airflow/example_dags/example_branch_day_of_week_operator.py took 0.175 seconds
[2024-08-11T08:31:33.485+0000] {processor.py:161} INFO - Started process (PID=3254) to work on /home/ubuntu/zilloapi/lib/python3.12/site-packages/airflow/example_dags/example_branch_day_of_week_operator.py
[2024-08-11T08:31:33.487+0000] {processor.py:830} INFO - Processing file /home/ubuntu/zilloapi/lib/python3.12/site-packages/airflow/example_dags/example_branch_day_of_week_operator.py for tasks to queue
[2024-08-11T08:31:33.488+0000] {logging_mixin.py:188} INFO - [2024-08-11T08:31:33.488+0000] {dagbag.py:545} INFO - Filling up the DagBag from /home/ubuntu/zilloapi/lib/python3.12/site-packages/airflow/example_dags/example_branch_day_of_week_operator.py
[2024-08-11T08:31:33.496+0000] {processor.py:840} INFO - DAG(s) 'example_weekday_branch_operator' retrieved from /home/ubuntu/zilloapi/lib/python3.12/site-packages/airflow/example_dags/example_branch_day_of_week_operator.py
[2024-08-11T08:31:33.513+0000] {logging_mixin.py:188} INFO - [2024-08-11T08:31:33.513+0000] {dag.py:3089} INFO - Sync 1 DAGs
[2024-08-11T08:31:33.532+0000] {logging_mixin.py:188} INFO - [2024-08-11T08:31:33.531+0000] {dag.py:3947} INFO - Setting next_dagrun for example_weekday_branch_operator to 2024-08-10 00:00:00+00:00, run_after=2024-08-11 00:00:00+00:00
[2024-08-11T08:31:33.551+0000] {processor.py:183} INFO - Processing /home/ubuntu/zilloapi/lib/python3.12/site-packages/airflow/example_dags/example_branch_day_of_week_operator.py took 0.072 seconds
[2024-08-11T08:32:31.688+0000] {processor.py:161} INFO - Started process (PID=3317) to work on /home/ubuntu/zilloapi/lib/python3.12/site-packages/airflow/example_dags/example_branch_day_of_week_operator.py
[2024-08-11T08:32:31.690+0000] {processor.py:830} INFO - Processing file /home/ubuntu/zilloapi/lib/python3.12/site-packages/airflow/example_dags/example_branch_day_of_week_operator.py for tasks to queue
[2024-08-11T08:32:31.691+0000] {logging_mixin.py:188} INFO - [2024-08-11T08:32:31.691+0000] {dagbag.py:545} INFO - Filling up the DagBag from /home/ubuntu/zilloapi/lib/python3.12/site-packages/airflow/example_dags/example_branch_day_of_week_operator.py
[2024-08-11T08:32:31.699+0000] {processor.py:840} INFO - DAG(s) 'example_weekday_branch_operator' retrieved from /home/ubuntu/zilloapi/lib/python3.12/site-packages/airflow/example_dags/example_branch_day_of_week_operator.py
[2024-08-11T08:32:31.715+0000] {logging_mixin.py:188} INFO - [2024-08-11T08:32:31.715+0000] {dag.py:3089} INFO - Sync 1 DAGs
[2024-08-11T08:32:31.733+0000] {logging_mixin.py:188} INFO - [2024-08-11T08:32:31.733+0000] {dag.py:3947} INFO - Setting next_dagrun for example_weekday_branch_operator to 2024-08-10 00:00:00+00:00, run_after=2024-08-11 00:00:00+00:00
[2024-08-11T08:32:31.756+0000] {processor.py:183} INFO - Processing /home/ubuntu/zilloapi/lib/python3.12/site-packages/airflow/example_dags/example_branch_day_of_week_operator.py took 0.075 seconds
[2024-08-11T08:33:30.453+0000] {processor.py:161} INFO - Started process (PID=3380) to work on /home/ubuntu/zilloapi/lib/python3.12/site-packages/airflow/example_dags/example_branch_day_of_week_operator.py
[2024-08-11T08:33:30.455+0000] {processor.py:830} INFO - Processing file /home/ubuntu/zilloapi/lib/python3.12/site-packages/airflow/example_dags/example_branch_day_of_week_operator.py for tasks to queue
[2024-08-11T08:33:30.456+0000] {logging_mixin.py:188} INFO - [2024-08-11T08:33:30.456+0000] {dagbag.py:545} INFO - Filling up the DagBag from /home/ubuntu/zilloapi/lib/python3.12/site-packages/airflow/example_dags/example_branch_day_of_week_operator.py
[2024-08-11T08:33:30.464+0000] {processor.py:840} INFO - DAG(s) 'example_weekday_branch_operator' retrieved from /home/ubuntu/zilloapi/lib/python3.12/site-packages/airflow/example_dags/example_branch_day_of_week_operator.py
[2024-08-11T08:33:30.480+0000] {logging_mixin.py:188} INFO - [2024-08-11T08:33:30.479+0000] {dag.py:3089} INFO - Sync 1 DAGs
[2024-08-11T08:33:30.496+0000] {logging_mixin.py:188} INFO - [2024-08-11T08:33:30.496+0000] {dag.py:3947} INFO - Setting next_dagrun for example_weekday_branch_operator to 2024-08-10 00:00:00+00:00, run_after=2024-08-11 00:00:00+00:00
[2024-08-11T08:33:30.519+0000] {processor.py:183} INFO - Processing /home/ubuntu/zilloapi/lib/python3.12/site-packages/airflow/example_dags/example_branch_day_of_week_operator.py took 0.072 seconds
[2024-08-11T08:34:28.990+0000] {processor.py:161} INFO - Started process (PID=3445) to work on /home/ubuntu/zilloapi/lib/python3.12/site-packages/airflow/example_dags/example_branch_day_of_week_operator.py
[2024-08-11T08:34:28.992+0000] {processor.py:830} INFO - Processing file /home/ubuntu/zilloapi/lib/python3.12/site-packages/airflow/example_dags/example_branch_day_of_week_operator.py for tasks to queue
[2024-08-11T08:34:28.993+0000] {logging_mixin.py:188} INFO - [2024-08-11T08:34:28.993+0000] {dagbag.py:545} INFO - Filling up the DagBag from /home/ubuntu/zilloapi/lib/python3.12/site-packages/airflow/example_dags/example_branch_day_of_week_operator.py
[2024-08-11T08:34:29.000+0000] {processor.py:840} INFO - DAG(s) 'example_weekday_branch_operator' retrieved from /home/ubuntu/zilloapi/lib/python3.12/site-packages/airflow/example_dags/example_branch_day_of_week_operator.py
[2024-08-11T08:34:29.017+0000] {logging_mixin.py:188} INFO - [2024-08-11T08:34:29.017+0000] {dag.py:3089} INFO - Sync 1 DAGs
[2024-08-11T08:34:29.034+0000] {logging_mixin.py:188} INFO - [2024-08-11T08:34:29.033+0000] {dag.py:3947} INFO - Setting next_dagrun for example_weekday_branch_operator to 2024-08-10 00:00:00+00:00, run_after=2024-08-11 00:00:00+00:00
[2024-08-11T08:34:29.057+0000] {processor.py:183} INFO - Processing /home/ubuntu/zilloapi/lib/python3.12/site-packages/airflow/example_dags/example_branch_day_of_week_operator.py took 0.073 seconds
