[2024-08-11T08:30:00.856+0000] {processor.py:161} INFO - Started process (PID=2979) to work on /home/ubuntu/zilloapi/lib/python3.12/site-packages/airflow/example_dags/example_python_operator.py
[2024-08-11T08:30:00.856+0000] {processor.py:830} INFO - Processing file /home/ubuntu/zilloapi/lib/python3.12/site-packages/airflow/example_dags/example_python_operator.py for tasks to queue
[2024-08-11T08:30:00.858+0000] {logging_mixin.py:188} INFO - [2024-08-11T08:30:00.857+0000] {dagbag.py:545} INFO - Filling up the DagBag from /home/ubuntu/zilloapi/lib/python3.12/site-packages/airflow/example_dags/example_python_operator.py
[2024-08-11T08:30:00.867+0000] {logging_mixin.py:188} INFO - [2024-08-11T08:30:00.866+0000] {example_python_operator.py:93} WARNING - The virtalenv_python example task requires virtualenv, please install it.
[2024-08-11T08:30:00.867+0000] {processor.py:840} INFO - DAG(s) 'example_python_operator' retrieved from /home/ubuntu/zilloapi/lib/python3.12/site-packages/airflow/example_dags/example_python_operator.py
[2024-08-11T08:30:00.976+0000] {logging_mixin.py:188} INFO - [2024-08-11T08:30:00.976+0000] {override.py:1858} INFO - Created Permission View: can delete on DAG:example_python_operator
[2024-08-11T08:30:00.990+0000] {logging_mixin.py:188} INFO - [2024-08-11T08:30:00.989+0000] {override.py:1858} INFO - Created Permission View: can read on DAG:example_python_operator
[2024-08-11T08:30:01.002+0000] {logging_mixin.py:188} INFO - [2024-08-11T08:30:01.002+0000] {override.py:1858} INFO - Created Permission View: can edit on DAG:example_python_operator
[2024-08-11T08:30:01.002+0000] {logging_mixin.py:188} INFO - [2024-08-11T08:30:01.002+0000] {dag.py:3089} INFO - Sync 1 DAGs
[2024-08-11T08:30:01.009+0000] {logging_mixin.py:188} INFO - [2024-08-11T08:30:01.009+0000] {dag.py:3111} INFO - Creating ORM DAG for example_python_operator
[2024-08-11T08:30:01.011+0000] {logging_mixin.py:188} INFO - [2024-08-11T08:30:01.011+0000] {dag.py:3947} INFO - Setting next_dagrun for example_python_operator to None, run_after=None
[2024-08-11T08:30:01.034+0000] {processor.py:183} INFO - Processing /home/ubuntu/zilloapi/lib/python3.12/site-packages/airflow/example_dags/example_python_operator.py took 0.182 seconds
[2024-08-11T08:30:52.682+0000] {processor.py:161} INFO - Started process (PID=3185) to work on /home/ubuntu/zilloapi/lib/python3.12/site-packages/airflow/example_dags/example_python_operator.py
[2024-08-11T08:30:52.684+0000] {processor.py:830} INFO - Processing file /home/ubuntu/zilloapi/lib/python3.12/site-packages/airflow/example_dags/example_python_operator.py for tasks to queue
[2024-08-11T08:30:52.687+0000] {logging_mixin.py:188} INFO - [2024-08-11T08:30:52.685+0000] {dagbag.py:545} INFO - Filling up the DagBag from /home/ubuntu/zilloapi/lib/python3.12/site-packages/airflow/example_dags/example_python_operator.py
[2024-08-11T08:30:52.693+0000] {logging_mixin.py:188} INFO - [2024-08-11T08:30:52.692+0000] {example_python_operator.py:93} WARNING - The virtalenv_python example task requires virtualenv, please install it.
[2024-08-11T08:30:52.693+0000] {processor.py:840} INFO - DAG(s) 'example_python_operator' retrieved from /home/ubuntu/zilloapi/lib/python3.12/site-packages/airflow/example_dags/example_python_operator.py
[2024-08-11T08:30:52.709+0000] {logging_mixin.py:188} INFO - [2024-08-11T08:30:52.709+0000] {dag.py:3089} INFO - Sync 1 DAGs
[2024-08-11T08:30:52.720+0000] {logging_mixin.py:188} INFO - [2024-08-11T08:30:52.720+0000] {dag.py:3947} INFO - Setting next_dagrun for example_python_operator to None, run_after=None
[2024-08-11T08:30:52.739+0000] {processor.py:183} INFO - Processing /home/ubuntu/zilloapi/lib/python3.12/site-packages/airflow/example_dags/example_python_operator.py took 0.063 seconds
[2024-08-11T08:31:42.528+0000] {processor.py:161} INFO - Started process (PID=3265) to work on /home/ubuntu/zilloapi/lib/python3.12/site-packages/airflow/example_dags/example_python_operator.py
[2024-08-11T08:31:42.530+0000] {processor.py:830} INFO - Processing file /home/ubuntu/zilloapi/lib/python3.12/site-packages/airflow/example_dags/example_python_operator.py for tasks to queue
[2024-08-11T08:31:42.531+0000] {logging_mixin.py:188} INFO - [2024-08-11T08:31:42.531+0000] {dagbag.py:545} INFO - Filling up the DagBag from /home/ubuntu/zilloapi/lib/python3.12/site-packages/airflow/example_dags/example_python_operator.py
[2024-08-11T08:31:42.537+0000] {logging_mixin.py:188} INFO - [2024-08-11T08:31:42.537+0000] {example_python_operator.py:93} WARNING - The virtalenv_python example task requires virtualenv, please install it.
[2024-08-11T08:31:42.537+0000] {processor.py:840} INFO - DAG(s) 'example_python_operator' retrieved from /home/ubuntu/zilloapi/lib/python3.12/site-packages/airflow/example_dags/example_python_operator.py
[2024-08-11T08:31:42.553+0000] {logging_mixin.py:188} INFO - [2024-08-11T08:31:42.553+0000] {dag.py:3089} INFO - Sync 1 DAGs
[2024-08-11T08:31:42.564+0000] {logging_mixin.py:188} INFO - [2024-08-11T08:31:42.564+0000] {dag.py:3947} INFO - Setting next_dagrun for example_python_operator to None, run_after=None
[2024-08-11T08:31:42.585+0000] {processor.py:183} INFO - Processing /home/ubuntu/zilloapi/lib/python3.12/site-packages/airflow/example_dags/example_python_operator.py took 0.063 seconds
[2024-08-11T08:32:25.398+0000] {processor.py:161} INFO - Started process (PID=3311) to work on /home/ubuntu/zilloapi/lib/python3.12/site-packages/airflow/example_dags/example_python_operator.py
[2024-08-11T08:32:25.401+0000] {processor.py:830} INFO - Processing file /home/ubuntu/zilloapi/lib/python3.12/site-packages/airflow/example_dags/example_python_operator.py for tasks to queue
[2024-08-11T08:32:25.402+0000] {logging_mixin.py:188} INFO - [2024-08-11T08:32:25.402+0000] {dagbag.py:545} INFO - Filling up the DagBag from /home/ubuntu/zilloapi/lib/python3.12/site-packages/airflow/example_dags/example_python_operator.py
[2024-08-11T08:32:25.408+0000] {logging_mixin.py:188} INFO - [2024-08-11T08:32:25.408+0000] {example_python_operator.py:93} WARNING - The virtalenv_python example task requires virtualenv, please install it.
[2024-08-11T08:32:25.408+0000] {processor.py:840} INFO - DAG(s) 'example_python_operator' retrieved from /home/ubuntu/zilloapi/lib/python3.12/site-packages/airflow/example_dags/example_python_operator.py
[2024-08-11T08:32:25.424+0000] {logging_mixin.py:188} INFO - [2024-08-11T08:32:25.424+0000] {dag.py:3089} INFO - Sync 1 DAGs
[2024-08-11T08:32:25.435+0000] {logging_mixin.py:188} INFO - [2024-08-11T08:32:25.435+0000] {dag.py:3947} INFO - Setting next_dagrun for example_python_operator to None, run_after=None
[2024-08-11T08:32:25.456+0000] {processor.py:183} INFO - Processing /home/ubuntu/zilloapi/lib/python3.12/site-packages/airflow/example_dags/example_python_operator.py took 0.064 seconds
[2024-08-11T08:33:23.101+0000] {processor.py:161} INFO - Started process (PID=3373) to work on /home/ubuntu/zilloapi/lib/python3.12/site-packages/airflow/example_dags/example_python_operator.py
[2024-08-11T08:33:23.104+0000] {processor.py:830} INFO - Processing file /home/ubuntu/zilloapi/lib/python3.12/site-packages/airflow/example_dags/example_python_operator.py for tasks to queue
[2024-08-11T08:33:23.106+0000] {logging_mixin.py:188} INFO - [2024-08-11T08:33:23.105+0000] {dagbag.py:545} INFO - Filling up the DagBag from /home/ubuntu/zilloapi/lib/python3.12/site-packages/airflow/example_dags/example_python_operator.py
[2024-08-11T08:33:23.112+0000] {logging_mixin.py:188} INFO - [2024-08-11T08:33:23.112+0000] {example_python_operator.py:93} WARNING - The virtalenv_python example task requires virtualenv, please install it.
[2024-08-11T08:33:23.113+0000] {processor.py:840} INFO - DAG(s) 'example_python_operator' retrieved from /home/ubuntu/zilloapi/lib/python3.12/site-packages/airflow/example_dags/example_python_operator.py
[2024-08-11T08:33:23.129+0000] {logging_mixin.py:188} INFO - [2024-08-11T08:33:23.129+0000] {dag.py:3089} INFO - Sync 1 DAGs
[2024-08-11T08:33:23.140+0000] {logging_mixin.py:188} INFO - [2024-08-11T08:33:23.140+0000] {dag.py:3947} INFO - Setting next_dagrun for example_python_operator to None, run_after=None
[2024-08-11T08:33:23.164+0000] {processor.py:183} INFO - Processing /home/ubuntu/zilloapi/lib/python3.12/site-packages/airflow/example_dags/example_python_operator.py took 0.068 seconds
[2024-08-11T08:34:22.129+0000] {processor.py:161} INFO - Started process (PID=3437) to work on /home/ubuntu/zilloapi/lib/python3.12/site-packages/airflow/example_dags/example_python_operator.py
[2024-08-11T08:34:22.131+0000] {processor.py:830} INFO - Processing file /home/ubuntu/zilloapi/lib/python3.12/site-packages/airflow/example_dags/example_python_operator.py for tasks to queue
[2024-08-11T08:34:22.132+0000] {logging_mixin.py:188} INFO - [2024-08-11T08:34:22.132+0000] {dagbag.py:545} INFO - Filling up the DagBag from /home/ubuntu/zilloapi/lib/python3.12/site-packages/airflow/example_dags/example_python_operator.py
[2024-08-11T08:34:22.139+0000] {logging_mixin.py:188} INFO - [2024-08-11T08:34:22.139+0000] {example_python_operator.py:93} WARNING - The virtalenv_python example task requires virtualenv, please install it.
[2024-08-11T08:34:22.139+0000] {processor.py:840} INFO - DAG(s) 'example_python_operator' retrieved from /home/ubuntu/zilloapi/lib/python3.12/site-packages/airflow/example_dags/example_python_operator.py
[2024-08-11T08:34:22.155+0000] {logging_mixin.py:188} INFO - [2024-08-11T08:34:22.155+0000] {dag.py:3089} INFO - Sync 1 DAGs
[2024-08-11T08:34:22.165+0000] {logging_mixin.py:188} INFO - [2024-08-11T08:34:22.165+0000] {dag.py:3947} INFO - Setting next_dagrun for example_python_operator to None, run_after=None
[2024-08-11T08:34:22.189+0000] {processor.py:183} INFO - Processing /home/ubuntu/zilloapi/lib/python3.12/site-packages/airflow/example_dags/example_python_operator.py took 0.065 seconds
