[2024-08-11T08:29:54.750+0000] {processor.py:161} INFO - Started process (PID=2879) to work on /home/ubuntu/zilloapi/lib/python3.12/site-packages/airflow/example_dags/example_sensor_decorator.py
[2024-08-11T08:29:54.751+0000] {processor.py:830} INFO - Processing file /home/ubuntu/zilloapi/lib/python3.12/site-packages/airflow/example_dags/example_sensor_decorator.py for tasks to queue
[2024-08-11T08:29:54.752+0000] {logging_mixin.py:188} INFO - [2024-08-11T08:29:54.752+0000] {dagbag.py:545} INFO - Filling up the DagBag from /home/ubuntu/zilloapi/lib/python3.12/site-packages/airflow/example_dags/example_sensor_decorator.py
[2024-08-11T08:29:54.759+0000] {processor.py:840} INFO - DAG(s) 'example_sensor_decorator' retrieved from /home/ubuntu/zilloapi/lib/python3.12/site-packages/airflow/example_dags/example_sensor_decorator.py
[2024-08-11T08:29:54.874+0000] {logging_mixin.py:188} INFO - [2024-08-11T08:29:54.873+0000] {override.py:1858} INFO - Created Permission View: can delete on DAG:example_sensor_decorator
[2024-08-11T08:29:54.893+0000] {logging_mixin.py:188} INFO - [2024-08-11T08:29:54.892+0000] {override.py:1858} INFO - Created Permission View: can read on DAG:example_sensor_decorator
[2024-08-11T08:29:54.906+0000] {logging_mixin.py:188} INFO - [2024-08-11T08:29:54.906+0000] {override.py:1858} INFO - Created Permission View: can edit on DAG:example_sensor_decorator
[2024-08-11T08:29:54.907+0000] {logging_mixin.py:188} INFO - [2024-08-11T08:29:54.906+0000] {dag.py:3089} INFO - Sync 1 DAGs
[2024-08-11T08:29:54.914+0000] {logging_mixin.py:188} INFO - [2024-08-11T08:29:54.914+0000] {dag.py:3111} INFO - Creating ORM DAG for example_sensor_decorator
[2024-08-11T08:29:54.916+0000] {logging_mixin.py:188} INFO - [2024-08-11T08:29:54.915+0000] {dag.py:3947} INFO - Setting next_dagrun for example_sensor_decorator to None, run_after=None
[2024-08-11T08:29:54.942+0000] {processor.py:183} INFO - Processing /home/ubuntu/zilloapi/lib/python3.12/site-packages/airflow/example_dags/example_sensor_decorator.py took 0.197 seconds
[2024-08-11T08:30:47.080+0000] {processor.py:161} INFO - Started process (PID=3031) to work on /home/ubuntu/zilloapi/lib/python3.12/site-packages/airflow/example_dags/example_sensor_decorator.py
[2024-08-11T08:30:47.082+0000] {processor.py:830} INFO - Processing file /home/ubuntu/zilloapi/lib/python3.12/site-packages/airflow/example_dags/example_sensor_decorator.py for tasks to queue
[2024-08-11T08:30:47.084+0000] {logging_mixin.py:188} INFO - [2024-08-11T08:30:47.084+0000] {dagbag.py:545} INFO - Filling up the DagBag from /home/ubuntu/zilloapi/lib/python3.12/site-packages/airflow/example_dags/example_sensor_decorator.py
[2024-08-11T08:30:47.090+0000] {processor.py:840} INFO - DAG(s) 'example_sensor_decorator' retrieved from /home/ubuntu/zilloapi/lib/python3.12/site-packages/airflow/example_dags/example_sensor_decorator.py
[2024-08-11T08:30:47.106+0000] {logging_mixin.py:188} INFO - [2024-08-11T08:30:47.106+0000] {dag.py:3089} INFO - Sync 1 DAGs
[2024-08-11T08:30:47.117+0000] {logging_mixin.py:188} INFO - [2024-08-11T08:30:47.117+0000] {dag.py:3947} INFO - Setting next_dagrun for example_sensor_decorator to None, run_after=None
[2024-08-11T08:30:47.136+0000] {processor.py:183} INFO - Processing /home/ubuntu/zilloapi/lib/python3.12/site-packages/airflow/example_dags/example_sensor_decorator.py took 0.061 seconds
[2024-08-11T08:31:36.609+0000] {processor.py:161} INFO - Started process (PID=3259) to work on /home/ubuntu/zilloapi/lib/python3.12/site-packages/airflow/example_dags/example_sensor_decorator.py
[2024-08-11T08:31:36.610+0000] {processor.py:830} INFO - Processing file /home/ubuntu/zilloapi/lib/python3.12/site-packages/airflow/example_dags/example_sensor_decorator.py for tasks to queue
[2024-08-11T08:31:36.612+0000] {logging_mixin.py:188} INFO - [2024-08-11T08:31:36.612+0000] {dagbag.py:545} INFO - Filling up the DagBag from /home/ubuntu/zilloapi/lib/python3.12/site-packages/airflow/example_dags/example_sensor_decorator.py
[2024-08-11T08:31:36.619+0000] {processor.py:840} INFO - DAG(s) 'example_sensor_decorator' retrieved from /home/ubuntu/zilloapi/lib/python3.12/site-packages/airflow/example_dags/example_sensor_decorator.py
[2024-08-11T08:31:36.633+0000] {logging_mixin.py:188} INFO - [2024-08-11T08:31:36.633+0000] {dag.py:3089} INFO - Sync 1 DAGs
[2024-08-11T08:31:36.645+0000] {logging_mixin.py:188} INFO - [2024-08-11T08:31:36.645+0000] {dag.py:3947} INFO - Setting next_dagrun for example_sensor_decorator to None, run_after=None
[2024-08-11T08:31:36.666+0000] {processor.py:183} INFO - Processing /home/ubuntu/zilloapi/lib/python3.12/site-packages/airflow/example_dags/example_sensor_decorator.py took 0.063 seconds
[2024-08-11T08:32:19.349+0000] {processor.py:161} INFO - Started process (PID=3305) to work on /home/ubuntu/zilloapi/lib/python3.12/site-packages/airflow/example_dags/example_sensor_decorator.py
[2024-08-11T08:32:19.351+0000] {processor.py:830} INFO - Processing file /home/ubuntu/zilloapi/lib/python3.12/site-packages/airflow/example_dags/example_sensor_decorator.py for tasks to queue
[2024-08-11T08:32:19.352+0000] {logging_mixin.py:188} INFO - [2024-08-11T08:32:19.352+0000] {dagbag.py:545} INFO - Filling up the DagBag from /home/ubuntu/zilloapi/lib/python3.12/site-packages/airflow/example_dags/example_sensor_decorator.py
[2024-08-11T08:32:19.359+0000] {processor.py:840} INFO - DAG(s) 'example_sensor_decorator' retrieved from /home/ubuntu/zilloapi/lib/python3.12/site-packages/airflow/example_dags/example_sensor_decorator.py
[2024-08-11T08:32:19.375+0000] {logging_mixin.py:188} INFO - [2024-08-11T08:32:19.374+0000] {dag.py:3089} INFO - Sync 1 DAGs
[2024-08-11T08:32:19.385+0000] {logging_mixin.py:188} INFO - [2024-08-11T08:32:19.384+0000] {dag.py:3947} INFO - Setting next_dagrun for example_sensor_decorator to None, run_after=None
[2024-08-11T08:32:19.406+0000] {processor.py:183} INFO - Processing /home/ubuntu/zilloapi/lib/python3.12/site-packages/airflow/example_dags/example_sensor_decorator.py took 0.063 seconds
[2024-08-11T08:33:01.375+0000] {processor.py:161} INFO - Started process (PID=3349) to work on /home/ubuntu/zilloapi/lib/python3.12/site-packages/airflow/example_dags/example_sensor_decorator.py
[2024-08-11T08:33:01.377+0000] {processor.py:830} INFO - Processing file /home/ubuntu/zilloapi/lib/python3.12/site-packages/airflow/example_dags/example_sensor_decorator.py for tasks to queue
[2024-08-11T08:33:01.379+0000] {logging_mixin.py:188} INFO - [2024-08-11T08:33:01.378+0000] {dagbag.py:545} INFO - Filling up the DagBag from /home/ubuntu/zilloapi/lib/python3.12/site-packages/airflow/example_dags/example_sensor_decorator.py
[2024-08-11T08:33:01.385+0000] {processor.py:840} INFO - DAG(s) 'example_sensor_decorator' retrieved from /home/ubuntu/zilloapi/lib/python3.12/site-packages/airflow/example_dags/example_sensor_decorator.py
[2024-08-11T08:33:01.400+0000] {logging_mixin.py:188} INFO - [2024-08-11T08:33:01.400+0000] {dag.py:3089} INFO - Sync 1 DAGs
[2024-08-11T08:33:01.410+0000] {logging_mixin.py:188} INFO - [2024-08-11T08:33:01.410+0000] {dag.py:3947} INFO - Setting next_dagrun for example_sensor_decorator to None, run_after=None
[2024-08-11T08:33:01.434+0000] {processor.py:183} INFO - Processing /home/ubuntu/zilloapi/lib/python3.12/site-packages/airflow/example_dags/example_sensor_decorator.py took 0.065 seconds
[2024-08-11T08:33:38.322+0000] {processor.py:161} INFO - Started process (PID=3390) to work on /home/ubuntu/zilloapi/lib/python3.12/site-packages/airflow/example_dags/example_sensor_decorator.py
[2024-08-11T08:33:38.324+0000] {processor.py:830} INFO - Processing file /home/ubuntu/zilloapi/lib/python3.12/site-packages/airflow/example_dags/example_sensor_decorator.py for tasks to queue
[2024-08-11T08:33:38.325+0000] {logging_mixin.py:188} INFO - [2024-08-11T08:33:38.325+0000] {dagbag.py:545} INFO - Filling up the DagBag from /home/ubuntu/zilloapi/lib/python3.12/site-packages/airflow/example_dags/example_sensor_decorator.py
[2024-08-11T08:33:38.332+0000] {processor.py:840} INFO - DAG(s) 'example_sensor_decorator' retrieved from /home/ubuntu/zilloapi/lib/python3.12/site-packages/airflow/example_dags/example_sensor_decorator.py
[2024-08-11T08:33:38.347+0000] {logging_mixin.py:188} INFO - [2024-08-11T08:33:38.347+0000] {dag.py:3089} INFO - Sync 1 DAGs
[2024-08-11T08:33:38.357+0000] {logging_mixin.py:188} INFO - [2024-08-11T08:33:38.356+0000] {dag.py:3947} INFO - Setting next_dagrun for example_sensor_decorator to None, run_after=None
[2024-08-11T08:33:38.381+0000] {processor.py:183} INFO - Processing /home/ubuntu/zilloapi/lib/python3.12/site-packages/airflow/example_dags/example_sensor_decorator.py took 0.065 seconds
[2024-08-11T08:34:21.121+0000] {processor.py:161} INFO - Started process (PID=3436) to work on /home/ubuntu/zilloapi/lib/python3.12/site-packages/airflow/example_dags/example_sensor_decorator.py
[2024-08-11T08:34:21.124+0000] {processor.py:830} INFO - Processing file /home/ubuntu/zilloapi/lib/python3.12/site-packages/airflow/example_dags/example_sensor_decorator.py for tasks to queue
[2024-08-11T08:34:21.125+0000] {logging_mixin.py:188} INFO - [2024-08-11T08:34:21.125+0000] {dagbag.py:545} INFO - Filling up the DagBag from /home/ubuntu/zilloapi/lib/python3.12/site-packages/airflow/example_dags/example_sensor_decorator.py
[2024-08-11T08:34:21.132+0000] {processor.py:840} INFO - DAG(s) 'example_sensor_decorator' retrieved from /home/ubuntu/zilloapi/lib/python3.12/site-packages/airflow/example_dags/example_sensor_decorator.py
[2024-08-11T08:34:21.147+0000] {logging_mixin.py:188} INFO - [2024-08-11T08:34:21.147+0000] {dag.py:3089} INFO - Sync 1 DAGs
[2024-08-11T08:34:21.158+0000] {logging_mixin.py:188} INFO - [2024-08-11T08:34:21.158+0000] {dag.py:3947} INFO - Setting next_dagrun for example_sensor_decorator to None, run_after=None
[2024-08-11T08:34:21.184+0000] {processor.py:183} INFO - Processing /home/ubuntu/zilloapi/lib/python3.12/site-packages/airflow/example_dags/example_sensor_decorator.py took 0.068 seconds
