[2024-08-11T08:29:51.610+0000] {processor.py:161} INFO - Started process (PID=2876) to work on /home/ubuntu/zilloapi/lib/python3.12/site-packages/airflow/example_dags/example_task_group.py
[2024-08-11T08:29:51.610+0000] {processor.py:830} INFO - Processing file /home/ubuntu/zilloapi/lib/python3.12/site-packages/airflow/example_dags/example_task_group.py for tasks to queue
[2024-08-11T08:29:51.612+0000] {logging_mixin.py:188} INFO - [2024-08-11T08:29:51.612+0000] {dagbag.py:545} INFO - Filling up the DagBag from /home/ubuntu/zilloapi/lib/python3.12/site-packages/airflow/example_dags/example_task_group.py
[2024-08-11T08:29:51.621+0000] {processor.py:840} INFO - DAG(s) 'example_task_group' retrieved from /home/ubuntu/zilloapi/lib/python3.12/site-packages/airflow/example_dags/example_task_group.py
[2024-08-11T08:29:51.728+0000] {logging_mixin.py:188} INFO - [2024-08-11T08:29:51.728+0000] {override.py:1858} INFO - Created Permission View: can delete on DAG:example_task_group
[2024-08-11T08:29:51.742+0000] {logging_mixin.py:188} INFO - [2024-08-11T08:29:51.742+0000] {override.py:1858} INFO - Created Permission View: can read on DAG:example_task_group
[2024-08-11T08:29:51.754+0000] {logging_mixin.py:188} INFO - [2024-08-11T08:29:51.754+0000] {override.py:1858} INFO - Created Permission View: can edit on DAG:example_task_group
[2024-08-11T08:29:51.755+0000] {logging_mixin.py:188} INFO - [2024-08-11T08:29:51.755+0000] {dag.py:3089} INFO - Sync 1 DAGs
[2024-08-11T08:29:51.761+0000] {logging_mixin.py:188} INFO - [2024-08-11T08:29:51.761+0000] {dag.py:3111} INFO - Creating ORM DAG for example_task_group
[2024-08-11T08:29:51.767+0000] {logging_mixin.py:188} INFO - [2024-08-11T08:29:51.767+0000] {dag.py:3947} INFO - Setting next_dagrun for example_task_group to 2024-08-10 00:00:00+00:00, run_after=2024-08-11 00:00:00+00:00
[2024-08-11T08:29:51.788+0000] {processor.py:183} INFO - Processing /home/ubuntu/zilloapi/lib/python3.12/site-packages/airflow/example_dags/example_task_group.py took 0.184 seconds
[2024-08-11T08:30:43.787+0000] {processor.py:161} INFO - Started process (PID=3028) to work on /home/ubuntu/zilloapi/lib/python3.12/site-packages/airflow/example_dags/example_task_group.py
[2024-08-11T08:30:43.789+0000] {processor.py:830} INFO - Processing file /home/ubuntu/zilloapi/lib/python3.12/site-packages/airflow/example_dags/example_task_group.py for tasks to queue
[2024-08-11T08:30:43.791+0000] {logging_mixin.py:188} INFO - [2024-08-11T08:30:43.791+0000] {dagbag.py:545} INFO - Filling up the DagBag from /home/ubuntu/zilloapi/lib/python3.12/site-packages/airflow/example_dags/example_task_group.py
[2024-08-11T08:30:43.797+0000] {processor.py:840} INFO - DAG(s) 'example_task_group' retrieved from /home/ubuntu/zilloapi/lib/python3.12/site-packages/airflow/example_dags/example_task_group.py
[2024-08-11T08:30:43.813+0000] {logging_mixin.py:188} INFO - [2024-08-11T08:30:43.813+0000] {dag.py:3089} INFO - Sync 1 DAGs
[2024-08-11T08:30:43.831+0000] {logging_mixin.py:188} INFO - [2024-08-11T08:30:43.831+0000] {dag.py:3947} INFO - Setting next_dagrun for example_task_group to 2024-08-10 00:00:00+00:00, run_after=2024-08-11 00:00:00+00:00
[2024-08-11T08:30:43.852+0000] {processor.py:183} INFO - Processing /home/ubuntu/zilloapi/lib/python3.12/site-packages/airflow/example_dags/example_task_group.py took 0.070 seconds
[2024-08-11T08:31:34.586+0000] {processor.py:161} INFO - Started process (PID=3256) to work on /home/ubuntu/zilloapi/lib/python3.12/site-packages/airflow/example_dags/example_task_group.py
[2024-08-11T08:31:34.589+0000] {processor.py:830} INFO - Processing file /home/ubuntu/zilloapi/lib/python3.12/site-packages/airflow/example_dags/example_task_group.py for tasks to queue
[2024-08-11T08:31:34.591+0000] {logging_mixin.py:188} INFO - [2024-08-11T08:31:34.590+0000] {dagbag.py:545} INFO - Filling up the DagBag from /home/ubuntu/zilloapi/lib/python3.12/site-packages/airflow/example_dags/example_task_group.py
[2024-08-11T08:31:34.598+0000] {processor.py:840} INFO - DAG(s) 'example_task_group' retrieved from /home/ubuntu/zilloapi/lib/python3.12/site-packages/airflow/example_dags/example_task_group.py
[2024-08-11T08:31:34.614+0000] {logging_mixin.py:188} INFO - [2024-08-11T08:31:34.614+0000] {dag.py:3089} INFO - Sync 1 DAGs
[2024-08-11T08:31:34.632+0000] {logging_mixin.py:188} INFO - [2024-08-11T08:31:34.632+0000] {dag.py:3947} INFO - Setting next_dagrun for example_task_group to 2024-08-10 00:00:00+00:00, run_after=2024-08-11 00:00:00+00:00
[2024-08-11T08:31:34.652+0000] {processor.py:183} INFO - Processing /home/ubuntu/zilloapi/lib/python3.12/site-packages/airflow/example_dags/example_task_group.py took 0.072 seconds
[2024-08-11T08:32:16.253+0000] {processor.py:161} INFO - Started process (PID=3302) to work on /home/ubuntu/zilloapi/lib/python3.12/site-packages/airflow/example_dags/example_task_group.py
[2024-08-11T08:32:16.256+0000] {processor.py:830} INFO - Processing file /home/ubuntu/zilloapi/lib/python3.12/site-packages/airflow/example_dags/example_task_group.py for tasks to queue
[2024-08-11T08:32:16.258+0000] {logging_mixin.py:188} INFO - [2024-08-11T08:32:16.257+0000] {dagbag.py:545} INFO - Filling up the DagBag from /home/ubuntu/zilloapi/lib/python3.12/site-packages/airflow/example_dags/example_task_group.py
[2024-08-11T08:32:16.265+0000] {processor.py:840} INFO - DAG(s) 'example_task_group' retrieved from /home/ubuntu/zilloapi/lib/python3.12/site-packages/airflow/example_dags/example_task_group.py
[2024-08-11T08:32:16.281+0000] {logging_mixin.py:188} INFO - [2024-08-11T08:32:16.281+0000] {dag.py:3089} INFO - Sync 1 DAGs
[2024-08-11T08:32:16.299+0000] {logging_mixin.py:188} INFO - [2024-08-11T08:32:16.297+0000] {dag.py:3947} INFO - Setting next_dagrun for example_task_group to 2024-08-10 00:00:00+00:00, run_after=2024-08-11 00:00:00+00:00
[2024-08-11T08:32:16.321+0000] {processor.py:183} INFO - Processing /home/ubuntu/zilloapi/lib/python3.12/site-packages/airflow/example_dags/example_task_group.py took 0.073 seconds
[2024-08-11T08:32:58.954+0000] {processor.py:161} INFO - Started process (PID=3346) to work on /home/ubuntu/zilloapi/lib/python3.12/site-packages/airflow/example_dags/example_task_group.py
[2024-08-11T08:32:58.956+0000] {processor.py:830} INFO - Processing file /home/ubuntu/zilloapi/lib/python3.12/site-packages/airflow/example_dags/example_task_group.py for tasks to queue
[2024-08-11T08:32:58.957+0000] {logging_mixin.py:188} INFO - [2024-08-11T08:32:58.957+0000] {dagbag.py:545} INFO - Filling up the DagBag from /home/ubuntu/zilloapi/lib/python3.12/site-packages/airflow/example_dags/example_task_group.py
[2024-08-11T08:32:58.965+0000] {processor.py:840} INFO - DAG(s) 'example_task_group' retrieved from /home/ubuntu/zilloapi/lib/python3.12/site-packages/airflow/example_dags/example_task_group.py
[2024-08-11T08:32:58.981+0000] {logging_mixin.py:188} INFO - [2024-08-11T08:32:58.981+0000] {dag.py:3089} INFO - Sync 1 DAGs
[2024-08-11T08:32:58.998+0000] {logging_mixin.py:188} INFO - [2024-08-11T08:32:58.997+0000] {dag.py:3947} INFO - Setting next_dagrun for example_task_group to 2024-08-10 00:00:00+00:00, run_after=2024-08-11 00:00:00+00:00
[2024-08-11T08:32:59.021+0000] {processor.py:183} INFO - Processing /home/ubuntu/zilloapi/lib/python3.12/site-packages/airflow/example_dags/example_task_group.py took 0.073 seconds
[2024-08-11T08:33:36.126+0000] {processor.py:161} INFO - Started process (PID=3387) to work on /home/ubuntu/zilloapi/lib/python3.12/site-packages/airflow/example_dags/example_task_group.py
[2024-08-11T08:33:36.128+0000] {processor.py:830} INFO - Processing file /home/ubuntu/zilloapi/lib/python3.12/site-packages/airflow/example_dags/example_task_group.py for tasks to queue
[2024-08-11T08:33:36.130+0000] {logging_mixin.py:188} INFO - [2024-08-11T08:33:36.129+0000] {dagbag.py:545} INFO - Filling up the DagBag from /home/ubuntu/zilloapi/lib/python3.12/site-packages/airflow/example_dags/example_task_group.py
[2024-08-11T08:33:36.137+0000] {processor.py:840} INFO - DAG(s) 'example_task_group' retrieved from /home/ubuntu/zilloapi/lib/python3.12/site-packages/airflow/example_dags/example_task_group.py
[2024-08-11T08:33:36.153+0000] {logging_mixin.py:188} INFO - [2024-08-11T08:33:36.153+0000] {dag.py:3089} INFO - Sync 1 DAGs
[2024-08-11T08:33:36.170+0000] {logging_mixin.py:188} INFO - [2024-08-11T08:33:36.170+0000] {dag.py:3947} INFO - Setting next_dagrun for example_task_group to 2024-08-10 00:00:00+00:00, run_after=2024-08-11 00:00:00+00:00
[2024-08-11T08:33:36.192+0000] {processor.py:183} INFO - Processing /home/ubuntu/zilloapi/lib/python3.12/site-packages/airflow/example_dags/example_task_group.py took 0.071 seconds
[2024-08-11T08:34:18.398+0000] {processor.py:161} INFO - Started process (PID=3433) to work on /home/ubuntu/zilloapi/lib/python3.12/site-packages/airflow/example_dags/example_task_group.py
[2024-08-11T08:34:18.402+0000] {processor.py:830} INFO - Processing file /home/ubuntu/zilloapi/lib/python3.12/site-packages/airflow/example_dags/example_task_group.py for tasks to queue
[2024-08-11T08:34:18.403+0000] {logging_mixin.py:188} INFO - [2024-08-11T08:34:18.403+0000] {dagbag.py:545} INFO - Filling up the DagBag from /home/ubuntu/zilloapi/lib/python3.12/site-packages/airflow/example_dags/example_task_group.py
[2024-08-11T08:34:18.410+0000] {processor.py:840} INFO - DAG(s) 'example_task_group' retrieved from /home/ubuntu/zilloapi/lib/python3.12/site-packages/airflow/example_dags/example_task_group.py
[2024-08-11T08:34:18.426+0000] {logging_mixin.py:188} INFO - [2024-08-11T08:34:18.426+0000] {dag.py:3089} INFO - Sync 1 DAGs
[2024-08-11T08:34:18.443+0000] {logging_mixin.py:188} INFO - [2024-08-11T08:34:18.443+0000] {dag.py:3947} INFO - Setting next_dagrun for example_task_group to 2024-08-10 00:00:00+00:00, run_after=2024-08-11 00:00:00+00:00
[2024-08-11T08:34:18.467+0000] {processor.py:183} INFO - Processing /home/ubuntu/zilloapi/lib/python3.12/site-packages/airflow/example_dags/example_task_group.py took 0.074 seconds
