[2024-08-11T08:30:20.049+0000] {processor.py:161} INFO - Started process (PID=3001) to work on /home/ubuntu/zilloapi/lib/python3.12/site-packages/airflow/example_dags/example_branch_python_dop_operator_3.py
[2024-08-11T08:30:20.049+0000] {processor.py:830} INFO - Processing file /home/ubuntu/zilloapi/lib/python3.12/site-packages/airflow/example_dags/example_branch_python_dop_operator_3.py for tasks to queue
[2024-08-11T08:30:20.051+0000] {logging_mixin.py:188} INFO - [2024-08-11T08:30:20.050+0000] {dagbag.py:545} INFO - Filling up the DagBag from /home/ubuntu/zilloapi/lib/python3.12/site-packages/airflow/example_dags/example_branch_python_dop_operator_3.py
[2024-08-11T08:30:20.058+0000] {processor.py:840} INFO - DAG(s) 'example_branch_dop_operator_v3' retrieved from /home/ubuntu/zilloapi/lib/python3.12/site-packages/airflow/example_dags/example_branch_python_dop_operator_3.py
[2024-08-11T08:30:20.161+0000] {logging_mixin.py:188} INFO - [2024-08-11T08:30:20.161+0000] {override.py:1858} INFO - Created Permission View: can delete on DAG:example_branch_dop_operator_v3
[2024-08-11T08:30:20.175+0000] {logging_mixin.py:188} INFO - [2024-08-11T08:30:20.174+0000] {override.py:1858} INFO - Created Permission View: can read on DAG:example_branch_dop_operator_v3
[2024-08-11T08:30:20.185+0000] {logging_mixin.py:188} INFO - [2024-08-11T08:30:20.184+0000] {override.py:1858} INFO - Created Permission View: can edit on DAG:example_branch_dop_operator_v3
[2024-08-11T08:30:20.185+0000] {logging_mixin.py:188} INFO - [2024-08-11T08:30:20.185+0000] {dag.py:3089} INFO - Sync 1 DAGs
[2024-08-11T08:30:20.195+0000] {logging_mixin.py:188} INFO - [2024-08-11T08:30:20.194+0000] {dag.py:3111} INFO - Creating ORM DAG for example_branch_dop_operator_v3
[2024-08-11T08:30:20.205+0000] {logging_mixin.py:188} INFO - [2024-08-11T08:30:20.205+0000] {dag.py:3947} INFO - Setting next_dagrun for example_branch_dop_operator_v3 to 2024-08-11 08:29:00+00:00, run_after=2024-08-11 08:30:00+00:00
[2024-08-11T08:30:20.228+0000] {processor.py:183} INFO - Processing /home/ubuntu/zilloapi/lib/python3.12/site-packages/airflow/example_dags/example_branch_python_dop_operator_3.py took 0.186 seconds
[2024-08-11T08:31:10.621+0000] {processor.py:161} INFO - Started process (PID=3225) to work on /home/ubuntu/zilloapi/lib/python3.12/site-packages/airflow/example_dags/example_branch_python_dop_operator_3.py
[2024-08-11T08:31:10.623+0000] {processor.py:830} INFO - Processing file /home/ubuntu/zilloapi/lib/python3.12/site-packages/airflow/example_dags/example_branch_python_dop_operator_3.py for tasks to queue
[2024-08-11T08:31:10.624+0000] {logging_mixin.py:188} INFO - [2024-08-11T08:31:10.624+0000] {dagbag.py:545} INFO - Filling up the DagBag from /home/ubuntu/zilloapi/lib/python3.12/site-packages/airflow/example_dags/example_branch_python_dop_operator_3.py
[2024-08-11T08:31:10.631+0000] {processor.py:840} INFO - DAG(s) 'example_branch_dop_operator_v3' retrieved from /home/ubuntu/zilloapi/lib/python3.12/site-packages/airflow/example_dags/example_branch_python_dop_operator_3.py
[2024-08-11T08:31:10.642+0000] {logging_mixin.py:188} INFO - [2024-08-11T08:31:10.642+0000] {dag.py:3089} INFO - Sync 1 DAGs
[2024-08-11T08:31:10.657+0000] {logging_mixin.py:188} INFO - [2024-08-11T08:31:10.657+0000] {dag.py:3947} INFO - Setting next_dagrun for example_branch_dop_operator_v3 to 2024-08-11 08:30:00+00:00, run_after=2024-08-11 08:31:00+00:00
[2024-08-11T08:31:10.673+0000] {processor.py:183} INFO - Processing /home/ubuntu/zilloapi/lib/python3.12/site-packages/airflow/example_dags/example_branch_python_dop_operator_3.py took 0.057 seconds
[2024-08-11T08:32:11.115+0000] {processor.py:161} INFO - Started process (PID=3296) to work on /home/ubuntu/zilloapi/lib/python3.12/site-packages/airflow/example_dags/example_branch_python_dop_operator_3.py
[2024-08-11T08:32:11.117+0000] {processor.py:830} INFO - Processing file /home/ubuntu/zilloapi/lib/python3.12/site-packages/airflow/example_dags/example_branch_python_dop_operator_3.py for tasks to queue
[2024-08-11T08:32:11.118+0000] {logging_mixin.py:188} INFO - [2024-08-11T08:32:11.118+0000] {dagbag.py:545} INFO - Filling up the DagBag from /home/ubuntu/zilloapi/lib/python3.12/site-packages/airflow/example_dags/example_branch_python_dop_operator_3.py
[2024-08-11T08:32:11.126+0000] {processor.py:840} INFO - DAG(s) 'example_branch_dop_operator_v3' retrieved from /home/ubuntu/zilloapi/lib/python3.12/site-packages/airflow/example_dags/example_branch_python_dop_operator_3.py
[2024-08-11T08:32:11.142+0000] {logging_mixin.py:188} INFO - [2024-08-11T08:32:11.141+0000] {dag.py:3089} INFO - Sync 1 DAGs
[2024-08-11T08:32:11.161+0000] {logging_mixin.py:188} INFO - [2024-08-11T08:32:11.161+0000] {dag.py:3947} INFO - Setting next_dagrun for example_branch_dop_operator_v3 to 2024-08-11 08:31:00+00:00, run_after=2024-08-11 08:32:00+00:00
[2024-08-11T08:32:11.181+0000] {processor.py:183} INFO - Processing /home/ubuntu/zilloapi/lib/python3.12/site-packages/airflow/example_dags/example_branch_python_dop_operator_3.py took 0.072 seconds
[2024-08-11T08:33:11.664+0000] {processor.py:161} INFO - Started process (PID=3360) to work on /home/ubuntu/zilloapi/lib/python3.12/site-packages/airflow/example_dags/example_branch_python_dop_operator_3.py
[2024-08-11T08:33:11.667+0000] {processor.py:830} INFO - Processing file /home/ubuntu/zilloapi/lib/python3.12/site-packages/airflow/example_dags/example_branch_python_dop_operator_3.py for tasks to queue
[2024-08-11T08:33:11.668+0000] {logging_mixin.py:188} INFO - [2024-08-11T08:33:11.668+0000] {dagbag.py:545} INFO - Filling up the DagBag from /home/ubuntu/zilloapi/lib/python3.12/site-packages/airflow/example_dags/example_branch_python_dop_operator_3.py
[2024-08-11T08:33:11.678+0000] {processor.py:840} INFO - DAG(s) 'example_branch_dop_operator_v3' retrieved from /home/ubuntu/zilloapi/lib/python3.12/site-packages/airflow/example_dags/example_branch_python_dop_operator_3.py
[2024-08-11T08:33:11.693+0000] {logging_mixin.py:188} INFO - [2024-08-11T08:33:11.693+0000] {dag.py:3089} INFO - Sync 1 DAGs
[2024-08-11T08:33:11.713+0000] {logging_mixin.py:188} INFO - [2024-08-11T08:33:11.713+0000] {dag.py:3947} INFO - Setting next_dagrun for example_branch_dop_operator_v3 to 2024-08-11 08:32:00+00:00, run_after=2024-08-11 08:33:00+00:00
[2024-08-11T08:33:11.737+0000] {processor.py:183} INFO - Processing /home/ubuntu/zilloapi/lib/python3.12/site-packages/airflow/example_dags/example_branch_python_dop_operator_3.py took 0.078 seconds
[2024-08-11T08:34:08.126+0000] {processor.py:161} INFO - Started process (PID=3421) to work on /home/ubuntu/zilloapi/lib/python3.12/site-packages/airflow/example_dags/example_branch_python_dop_operator_3.py
[2024-08-11T08:34:08.128+0000] {processor.py:830} INFO - Processing file /home/ubuntu/zilloapi/lib/python3.12/site-packages/airflow/example_dags/example_branch_python_dop_operator_3.py for tasks to queue
[2024-08-11T08:34:08.130+0000] {logging_mixin.py:188} INFO - [2024-08-11T08:34:08.129+0000] {dagbag.py:545} INFO - Filling up the DagBag from /home/ubuntu/zilloapi/lib/python3.12/site-packages/airflow/example_dags/example_branch_python_dop_operator_3.py
[2024-08-11T08:34:08.137+0000] {processor.py:840} INFO - DAG(s) 'example_branch_dop_operator_v3' retrieved from /home/ubuntu/zilloapi/lib/python3.12/site-packages/airflow/example_dags/example_branch_python_dop_operator_3.py
[2024-08-11T08:34:08.152+0000] {logging_mixin.py:188} INFO - [2024-08-11T08:34:08.152+0000] {dag.py:3089} INFO - Sync 1 DAGs
[2024-08-11T08:34:08.172+0000] {logging_mixin.py:188} INFO - [2024-08-11T08:34:08.172+0000] {dag.py:3947} INFO - Setting next_dagrun for example_branch_dop_operator_v3 to 2024-08-11 08:33:00+00:00, run_after=2024-08-11 08:34:00+00:00
[2024-08-11T08:34:08.195+0000] {processor.py:183} INFO - Processing /home/ubuntu/zilloapi/lib/python3.12/site-packages/airflow/example_dags/example_branch_python_dop_operator_3.py took 0.075 seconds
