[2024-08-11T08:30:12.640+0000] {processor.py:161} INFO - Started process (PID=2990) to work on /home/ubuntu/zilloapi/lib/python3.12/site-packages/airflow/example_dags/example_dynamic_task_mapping_with_no_taskflow_operators.py
[2024-08-11T08:30:12.640+0000] {processor.py:830} INFO - Processing file /home/ubuntu/zilloapi/lib/python3.12/site-packages/airflow/example_dags/example_dynamic_task_mapping_with_no_taskflow_operators.py for tasks to queue
[2024-08-11T08:30:12.643+0000] {logging_mixin.py:188} INFO - [2024-08-11T08:30:12.641+0000] {dagbag.py:545} INFO - Filling up the DagBag from /home/ubuntu/zilloapi/lib/python3.12/site-packages/airflow/example_dags/example_dynamic_task_mapping_with_no_taskflow_operators.py
[2024-08-11T08:30:12.649+0000] {processor.py:840} INFO - DAG(s) 'example_dynamic_task_mapping_with_no_taskflow_operators' retrieved from /home/ubuntu/zilloapi/lib/python3.12/site-packages/airflow/example_dags/example_dynamic_task_mapping_with_no_taskflow_operators.py
[2024-08-11T08:30:12.759+0000] {logging_mixin.py:188} INFO - [2024-08-11T08:30:12.758+0000] {override.py:1858} INFO - Created Permission View: can delete on DAG:example_dynamic_task_mapping_with_no_taskflow_operators
[2024-08-11T08:30:12.772+0000] {logging_mixin.py:188} INFO - [2024-08-11T08:30:12.772+0000] {override.py:1858} INFO - Created Permission View: can read on DAG:example_dynamic_task_mapping_with_no_taskflow_operators
[2024-08-11T08:30:12.784+0000] {logging_mixin.py:188} INFO - [2024-08-11T08:30:12.784+0000] {override.py:1858} INFO - Created Permission View: can edit on DAG:example_dynamic_task_mapping_with_no_taskflow_operators
[2024-08-11T08:30:12.784+0000] {logging_mixin.py:188} INFO - [2024-08-11T08:30:12.784+0000] {dag.py:3089} INFO - Sync 1 DAGs
[2024-08-11T08:30:12.791+0000] {logging_mixin.py:188} INFO - [2024-08-11T08:30:12.791+0000] {dag.py:3111} INFO - Creating ORM DAG for example_dynamic_task_mapping_with_no_taskflow_operators
[2024-08-11T08:30:12.797+0000] {logging_mixin.py:188} INFO - [2024-08-11T08:30:12.797+0000] {dag.py:3947} INFO - Setting next_dagrun for example_dynamic_task_mapping_with_no_taskflow_operators to 2024-08-10 00:00:00+00:00, run_after=2024-08-11 00:00:00+00:00
[2024-08-11T08:30:12.815+0000] {processor.py:183} INFO - Processing /home/ubuntu/zilloapi/lib/python3.12/site-packages/airflow/example_dags/example_dynamic_task_mapping_with_no_taskflow_operators.py took 0.181 seconds
[2024-08-11T08:31:03.213+0000] {processor.py:161} INFO - Started process (PID=3218) to work on /home/ubuntu/zilloapi/lib/python3.12/site-packages/airflow/example_dags/example_dynamic_task_mapping_with_no_taskflow_operators.py
[2024-08-11T08:31:03.215+0000] {processor.py:830} INFO - Processing file /home/ubuntu/zilloapi/lib/python3.12/site-packages/airflow/example_dags/example_dynamic_task_mapping_with_no_taskflow_operators.py for tasks to queue
[2024-08-11T08:31:03.216+0000] {logging_mixin.py:188} INFO - [2024-08-11T08:31:03.216+0000] {dagbag.py:545} INFO - Filling up the DagBag from /home/ubuntu/zilloapi/lib/python3.12/site-packages/airflow/example_dags/example_dynamic_task_mapping_with_no_taskflow_operators.py
[2024-08-11T08:31:03.224+0000] {processor.py:840} INFO - DAG(s) 'example_dynamic_task_mapping_with_no_taskflow_operators' retrieved from /home/ubuntu/zilloapi/lib/python3.12/site-packages/airflow/example_dags/example_dynamic_task_mapping_with_no_taskflow_operators.py
[2024-08-11T08:31:03.239+0000] {logging_mixin.py:188} INFO - [2024-08-11T08:31:03.238+0000] {dag.py:3089} INFO - Sync 1 DAGs
[2024-08-11T08:31:03.256+0000] {logging_mixin.py:188} INFO - [2024-08-11T08:31:03.256+0000] {dag.py:3947} INFO - Setting next_dagrun for example_dynamic_task_mapping_with_no_taskflow_operators to 2024-08-10 00:00:00+00:00, run_after=2024-08-11 00:00:00+00:00
[2024-08-11T08:31:03.276+0000] {processor.py:183} INFO - Processing /home/ubuntu/zilloapi/lib/python3.12/site-packages/airflow/example_dags/example_dynamic_task_mapping_with_no_taskflow_operators.py took 0.069 seconds
[2024-08-11T08:31:52.026+0000] {processor.py:161} INFO - Started process (PID=3277) to work on /home/ubuntu/zilloapi/lib/python3.12/site-packages/airflow/example_dags/example_dynamic_task_mapping_with_no_taskflow_operators.py
[2024-08-11T08:31:52.028+0000] {processor.py:830} INFO - Processing file /home/ubuntu/zilloapi/lib/python3.12/site-packages/airflow/example_dags/example_dynamic_task_mapping_with_no_taskflow_operators.py for tasks to queue
[2024-08-11T08:31:52.030+0000] {logging_mixin.py:188} INFO - [2024-08-11T08:31:52.029+0000] {dagbag.py:545} INFO - Filling up the DagBag from /home/ubuntu/zilloapi/lib/python3.12/site-packages/airflow/example_dags/example_dynamic_task_mapping_with_no_taskflow_operators.py
[2024-08-11T08:31:52.037+0000] {processor.py:840} INFO - DAG(s) 'example_dynamic_task_mapping_with_no_taskflow_operators' retrieved from /home/ubuntu/zilloapi/lib/python3.12/site-packages/airflow/example_dags/example_dynamic_task_mapping_with_no_taskflow_operators.py
[2024-08-11T08:31:52.051+0000] {logging_mixin.py:188} INFO - [2024-08-11T08:31:52.051+0000] {dag.py:3089} INFO - Sync 1 DAGs
[2024-08-11T08:31:52.068+0000] {logging_mixin.py:188} INFO - [2024-08-11T08:31:52.068+0000] {dag.py:3947} INFO - Setting next_dagrun for example_dynamic_task_mapping_with_no_taskflow_operators to 2024-08-10 00:00:00+00:00, run_after=2024-08-11 00:00:00+00:00
[2024-08-11T08:31:52.089+0000] {processor.py:183} INFO - Processing /home/ubuntu/zilloapi/lib/python3.12/site-packages/airflow/example_dags/example_dynamic_task_mapping_with_no_taskflow_operators.py took 0.068 seconds
[2024-08-11T08:32:52.516+0000] {processor.py:161} INFO - Started process (PID=3339) to work on /home/ubuntu/zilloapi/lib/python3.12/site-packages/airflow/example_dags/example_dynamic_task_mapping_with_no_taskflow_operators.py
[2024-08-11T08:32:52.518+0000] {processor.py:830} INFO - Processing file /home/ubuntu/zilloapi/lib/python3.12/site-packages/airflow/example_dags/example_dynamic_task_mapping_with_no_taskflow_operators.py for tasks to queue
[2024-08-11T08:32:52.520+0000] {logging_mixin.py:188} INFO - [2024-08-11T08:32:52.519+0000] {dagbag.py:545} INFO - Filling up the DagBag from /home/ubuntu/zilloapi/lib/python3.12/site-packages/airflow/example_dags/example_dynamic_task_mapping_with_no_taskflow_operators.py
[2024-08-11T08:32:52.526+0000] {processor.py:840} INFO - DAG(s) 'example_dynamic_task_mapping_with_no_taskflow_operators' retrieved from /home/ubuntu/zilloapi/lib/python3.12/site-packages/airflow/example_dags/example_dynamic_task_mapping_with_no_taskflow_operators.py
[2024-08-11T08:32:52.541+0000] {logging_mixin.py:188} INFO - [2024-08-11T08:32:52.541+0000] {dag.py:3089} INFO - Sync 1 DAGs
[2024-08-11T08:32:52.558+0000] {logging_mixin.py:188} INFO - [2024-08-11T08:32:52.558+0000] {dag.py:3947} INFO - Setting next_dagrun for example_dynamic_task_mapping_with_no_taskflow_operators to 2024-08-10 00:00:00+00:00, run_after=2024-08-11 00:00:00+00:00
[2024-08-11T08:32:52.581+0000] {processor.py:183} INFO - Processing /home/ubuntu/zilloapi/lib/python3.12/site-packages/airflow/example_dags/example_dynamic_task_mapping_with_no_taskflow_operators.py took 0.071 seconds
[2024-08-11T08:33:48.456+0000] {processor.py:161} INFO - Started process (PID=3400) to work on /home/ubuntu/zilloapi/lib/python3.12/site-packages/airflow/example_dags/example_dynamic_task_mapping_with_no_taskflow_operators.py
[2024-08-11T08:33:48.458+0000] {processor.py:830} INFO - Processing file /home/ubuntu/zilloapi/lib/python3.12/site-packages/airflow/example_dags/example_dynamic_task_mapping_with_no_taskflow_operators.py for tasks to queue
[2024-08-11T08:33:48.460+0000] {logging_mixin.py:188} INFO - [2024-08-11T08:33:48.460+0000] {dagbag.py:545} INFO - Filling up the DagBag from /home/ubuntu/zilloapi/lib/python3.12/site-packages/airflow/example_dags/example_dynamic_task_mapping_with_no_taskflow_operators.py
[2024-08-11T08:33:48.466+0000] {processor.py:840} INFO - DAG(s) 'example_dynamic_task_mapping_with_no_taskflow_operators' retrieved from /home/ubuntu/zilloapi/lib/python3.12/site-packages/airflow/example_dags/example_dynamic_task_mapping_with_no_taskflow_operators.py
[2024-08-11T08:33:48.481+0000] {logging_mixin.py:188} INFO - [2024-08-11T08:33:48.481+0000] {dag.py:3089} INFO - Sync 1 DAGs
[2024-08-11T08:33:48.497+0000] {logging_mixin.py:188} INFO - [2024-08-11T08:33:48.497+0000] {dag.py:3947} INFO - Setting next_dagrun for example_dynamic_task_mapping_with_no_taskflow_operators to 2024-08-10 00:00:00+00:00, run_after=2024-08-11 00:00:00+00:00
[2024-08-11T08:33:48.520+0000] {processor.py:183} INFO - Processing /home/ubuntu/zilloapi/lib/python3.12/site-packages/airflow/example_dags/example_dynamic_task_mapping_with_no_taskflow_operators.py took 0.070 seconds
[2024-08-11T08:34:49.256+0000] {processor.py:161} INFO - Started process (PID=3468) to work on /home/ubuntu/zilloapi/lib/python3.12/site-packages/airflow/example_dags/example_dynamic_task_mapping_with_no_taskflow_operators.py
[2024-08-11T08:34:49.259+0000] {processor.py:830} INFO - Processing file /home/ubuntu/zilloapi/lib/python3.12/site-packages/airflow/example_dags/example_dynamic_task_mapping_with_no_taskflow_operators.py for tasks to queue
[2024-08-11T08:34:49.260+0000] {logging_mixin.py:188} INFO - [2024-08-11T08:34:49.260+0000] {dagbag.py:545} INFO - Filling up the DagBag from /home/ubuntu/zilloapi/lib/python3.12/site-packages/airflow/example_dags/example_dynamic_task_mapping_with_no_taskflow_operators.py
[2024-08-11T08:34:49.267+0000] {processor.py:840} INFO - DAG(s) 'example_dynamic_task_mapping_with_no_taskflow_operators' retrieved from /home/ubuntu/zilloapi/lib/python3.12/site-packages/airflow/example_dags/example_dynamic_task_mapping_with_no_taskflow_operators.py
[2024-08-11T08:34:49.280+0000] {logging_mixin.py:188} INFO - [2024-08-11T08:34:49.280+0000] {dag.py:3089} INFO - Sync 1 DAGs
[2024-08-11T08:34:49.297+0000] {logging_mixin.py:188} INFO - [2024-08-11T08:34:49.296+0000] {dag.py:3947} INFO - Setting next_dagrun for example_dynamic_task_mapping_with_no_taskflow_operators to 2024-08-10 00:00:00+00:00, run_after=2024-08-11 00:00:00+00:00
[2024-08-11T08:34:49.319+0000] {processor.py:183} INFO - Processing /home/ubuntu/zilloapi/lib/python3.12/site-packages/airflow/example_dags/example_dynamic_task_mapping_with_no_taskflow_operators.py took 0.068 seconds
