[2024-08-11T08:30:02.100+0000] {processor.py:161} INFO - Started process (PID=2980) to work on /home/ubuntu/zilloapi/lib/python3.12/site-packages/airflow/example_dags/example_short_circuit_decorator.py
[2024-08-11T08:30:02.100+0000] {processor.py:830} INFO - Processing file /home/ubuntu/zilloapi/lib/python3.12/site-packages/airflow/example_dags/example_short_circuit_decorator.py for tasks to queue
[2024-08-11T08:30:02.102+0000] {logging_mixin.py:188} INFO - [2024-08-11T08:30:02.101+0000] {dagbag.py:545} INFO - Filling up the DagBag from /home/ubuntu/zilloapi/lib/python3.12/site-packages/airflow/example_dags/example_short_circuit_decorator.py
[2024-08-11T08:30:02.111+0000] {processor.py:840} INFO - DAG(s) 'example_short_circuit_decorator' retrieved from /home/ubuntu/zilloapi/lib/python3.12/site-packages/airflow/example_dags/example_short_circuit_decorator.py
[2024-08-11T08:30:02.221+0000] {logging_mixin.py:188} INFO - [2024-08-11T08:30:02.221+0000] {override.py:1858} INFO - Created Permission View: can delete on DAG:example_short_circuit_decorator
[2024-08-11T08:30:02.234+0000] {logging_mixin.py:188} INFO - [2024-08-11T08:30:02.234+0000] {override.py:1858} INFO - Created Permission View: can read on DAG:example_short_circuit_decorator
[2024-08-11T08:30:02.245+0000] {logging_mixin.py:188} INFO - [2024-08-11T08:30:02.244+0000] {override.py:1858} INFO - Created Permission View: can edit on DAG:example_short_circuit_decorator
[2024-08-11T08:30:02.245+0000] {logging_mixin.py:188} INFO - [2024-08-11T08:30:02.245+0000] {dag.py:3089} INFO - Sync 1 DAGs
[2024-08-11T08:30:02.253+0000] {logging_mixin.py:188} INFO - [2024-08-11T08:30:02.252+0000] {dag.py:3111} INFO - Creating ORM DAG for example_short_circuit_decorator
[2024-08-11T08:30:02.260+0000] {logging_mixin.py:188} INFO - [2024-08-11T08:30:02.260+0000] {dag.py:3947} INFO - Setting next_dagrun for example_short_circuit_decorator to 2024-08-10 00:00:00+00:00, run_after=2024-08-11 00:00:00+00:00
[2024-08-11T08:30:02.284+0000] {processor.py:183} INFO - Processing /home/ubuntu/zilloapi/lib/python3.12/site-packages/airflow/example_dags/example_short_circuit_decorator.py took 0.190 seconds
[2024-08-11T08:30:52.936+0000] {processor.py:161} INFO - Started process (PID=3192) to work on /home/ubuntu/zilloapi/lib/python3.12/site-packages/airflow/example_dags/example_short_circuit_decorator.py
[2024-08-11T08:30:52.939+0000] {processor.py:830} INFO - Processing file /home/ubuntu/zilloapi/lib/python3.12/site-packages/airflow/example_dags/example_short_circuit_decorator.py for tasks to queue
[2024-08-11T08:30:52.940+0000] {logging_mixin.py:188} INFO - [2024-08-11T08:30:52.940+0000] {dagbag.py:545} INFO - Filling up the DagBag from /home/ubuntu/zilloapi/lib/python3.12/site-packages/airflow/example_dags/example_short_circuit_decorator.py
[2024-08-11T08:30:52.949+0000] {processor.py:840} INFO - DAG(s) 'example_short_circuit_decorator' retrieved from /home/ubuntu/zilloapi/lib/python3.12/site-packages/airflow/example_dags/example_short_circuit_decorator.py
[2024-08-11T08:30:52.967+0000] {logging_mixin.py:188} INFO - [2024-08-11T08:30:52.967+0000] {dag.py:3089} INFO - Sync 1 DAGs
[2024-08-11T08:30:52.984+0000] {logging_mixin.py:188} INFO - [2024-08-11T08:30:52.984+0000] {dag.py:3947} INFO - Setting next_dagrun for example_short_circuit_decorator to 2024-08-10 00:00:00+00:00, run_after=2024-08-11 00:00:00+00:00
[2024-08-11T08:30:53.004+0000] {processor.py:183} INFO - Processing /home/ubuntu/zilloapi/lib/python3.12/site-packages/airflow/example_dags/example_short_circuit_decorator.py took 0.072 seconds
[2024-08-11T08:31:43.664+0000] {processor.py:161} INFO - Started process (PID=3266) to work on /home/ubuntu/zilloapi/lib/python3.12/site-packages/airflow/example_dags/example_short_circuit_decorator.py
[2024-08-11T08:31:43.666+0000] {processor.py:830} INFO - Processing file /home/ubuntu/zilloapi/lib/python3.12/site-packages/airflow/example_dags/example_short_circuit_decorator.py for tasks to queue
[2024-08-11T08:31:43.667+0000] {logging_mixin.py:188} INFO - [2024-08-11T08:31:43.667+0000] {dagbag.py:545} INFO - Filling up the DagBag from /home/ubuntu/zilloapi/lib/python3.12/site-packages/airflow/example_dags/example_short_circuit_decorator.py
[2024-08-11T08:31:43.676+0000] {processor.py:840} INFO - DAG(s) 'example_short_circuit_decorator' retrieved from /home/ubuntu/zilloapi/lib/python3.12/site-packages/airflow/example_dags/example_short_circuit_decorator.py
[2024-08-11T08:31:43.693+0000] {logging_mixin.py:188} INFO - [2024-08-11T08:31:43.693+0000] {dag.py:3089} INFO - Sync 1 DAGs
[2024-08-11T08:31:43.710+0000] {logging_mixin.py:188} INFO - [2024-08-11T08:31:43.710+0000] {dag.py:3947} INFO - Setting next_dagrun for example_short_circuit_decorator to 2024-08-10 00:00:00+00:00, run_after=2024-08-11 00:00:00+00:00
[2024-08-11T08:31:43.730+0000] {processor.py:183} INFO - Processing /home/ubuntu/zilloapi/lib/python3.12/site-packages/airflow/example_dags/example_short_circuit_decorator.py took 0.074 seconds
[2024-08-11T08:32:43.109+0000] {processor.py:161} INFO - Started process (PID=3329) to work on /home/ubuntu/zilloapi/lib/python3.12/site-packages/airflow/example_dags/example_short_circuit_decorator.py
[2024-08-11T08:32:43.111+0000] {processor.py:830} INFO - Processing file /home/ubuntu/zilloapi/lib/python3.12/site-packages/airflow/example_dags/example_short_circuit_decorator.py for tasks to queue
[2024-08-11T08:32:43.112+0000] {logging_mixin.py:188} INFO - [2024-08-11T08:32:43.112+0000] {dagbag.py:545} INFO - Filling up the DagBag from /home/ubuntu/zilloapi/lib/python3.12/site-packages/airflow/example_dags/example_short_circuit_decorator.py
[2024-08-11T08:32:43.121+0000] {processor.py:840} INFO - DAG(s) 'example_short_circuit_decorator' retrieved from /home/ubuntu/zilloapi/lib/python3.12/site-packages/airflow/example_dags/example_short_circuit_decorator.py
[2024-08-11T08:32:43.138+0000] {logging_mixin.py:188} INFO - [2024-08-11T08:32:43.137+0000] {dag.py:3089} INFO - Sync 1 DAGs
[2024-08-11T08:32:43.154+0000] {logging_mixin.py:188} INFO - [2024-08-11T08:32:43.154+0000] {dag.py:3947} INFO - Setting next_dagrun for example_short_circuit_decorator to 2024-08-10 00:00:00+00:00, run_after=2024-08-11 00:00:00+00:00
[2024-08-11T08:32:43.177+0000] {processor.py:183} INFO - Processing /home/ubuntu/zilloapi/lib/python3.12/site-packages/airflow/example_dags/example_short_circuit_decorator.py took 0.074 seconds
[2024-08-11T08:33:24.234+0000] {processor.py:161} INFO - Started process (PID=3374) to work on /home/ubuntu/zilloapi/lib/python3.12/site-packages/airflow/example_dags/example_short_circuit_decorator.py
[2024-08-11T08:33:24.237+0000] {processor.py:830} INFO - Processing file /home/ubuntu/zilloapi/lib/python3.12/site-packages/airflow/example_dags/example_short_circuit_decorator.py for tasks to queue
[2024-08-11T08:33:24.238+0000] {logging_mixin.py:188} INFO - [2024-08-11T08:33:24.238+0000] {dagbag.py:545} INFO - Filling up the DagBag from /home/ubuntu/zilloapi/lib/python3.12/site-packages/airflow/example_dags/example_short_circuit_decorator.py
[2024-08-11T08:33:24.247+0000] {processor.py:840} INFO - DAG(s) 'example_short_circuit_decorator' retrieved from /home/ubuntu/zilloapi/lib/python3.12/site-packages/airflow/example_dags/example_short_circuit_decorator.py
[2024-08-11T08:33:24.264+0000] {logging_mixin.py:188} INFO - [2024-08-11T08:33:24.264+0000] {dag.py:3089} INFO - Sync 1 DAGs
[2024-08-11T08:33:24.280+0000] {logging_mixin.py:188} INFO - [2024-08-11T08:33:24.280+0000] {dag.py:3947} INFO - Setting next_dagrun for example_short_circuit_decorator to 2024-08-10 00:00:00+00:00, run_after=2024-08-11 00:00:00+00:00
[2024-08-11T08:33:24.301+0000] {processor.py:183} INFO - Processing /home/ubuntu/zilloapi/lib/python3.12/site-packages/airflow/example_dags/example_short_circuit_decorator.py took 0.073 seconds
[2024-08-11T08:34:23.262+0000] {processor.py:161} INFO - Started process (PID=3438) to work on /home/ubuntu/zilloapi/lib/python3.12/site-packages/airflow/example_dags/example_short_circuit_decorator.py
[2024-08-11T08:34:23.265+0000] {processor.py:830} INFO - Processing file /home/ubuntu/zilloapi/lib/python3.12/site-packages/airflow/example_dags/example_short_circuit_decorator.py for tasks to queue
[2024-08-11T08:34:23.267+0000] {logging_mixin.py:188} INFO - [2024-08-11T08:34:23.266+0000] {dagbag.py:545} INFO - Filling up the DagBag from /home/ubuntu/zilloapi/lib/python3.12/site-packages/airflow/example_dags/example_short_circuit_decorator.py
[2024-08-11T08:34:23.275+0000] {processor.py:840} INFO - DAG(s) 'example_short_circuit_decorator' retrieved from /home/ubuntu/zilloapi/lib/python3.12/site-packages/airflow/example_dags/example_short_circuit_decorator.py
[2024-08-11T08:34:23.293+0000] {logging_mixin.py:188} INFO - [2024-08-11T08:34:23.293+0000] {dag.py:3089} INFO - Sync 1 DAGs
[2024-08-11T08:34:23.310+0000] {logging_mixin.py:188} INFO - [2024-08-11T08:34:23.310+0000] {dag.py:3947} INFO - Setting next_dagrun for example_short_circuit_decorator to 2024-08-10 00:00:00+00:00, run_after=2024-08-11 00:00:00+00:00
[2024-08-11T08:34:23.333+0000] {processor.py:183} INFO - Processing /home/ubuntu/zilloapi/lib/python3.12/site-packages/airflow/example_dags/example_short_circuit_decorator.py took 0.077 seconds
