[2024-08-11T08:30:08.523+0000] {processor.py:161} INFO - Started process (PID=2986) to work on /home/ubuntu/zilloapi/lib/python3.12/site-packages/airflow/example_dags/example_display_name.py
[2024-08-11T08:30:08.524+0000] {processor.py:830} INFO - Processing file /home/ubuntu/zilloapi/lib/python3.12/site-packages/airflow/example_dags/example_display_name.py for tasks to queue
[2024-08-11T08:30:08.525+0000] {logging_mixin.py:188} INFO - [2024-08-11T08:30:08.525+0000] {dagbag.py:545} INFO - Filling up the DagBag from /home/ubuntu/zilloapi/lib/python3.12/site-packages/airflow/example_dags/example_display_name.py
[2024-08-11T08:30:08.533+0000] {processor.py:840} INFO - DAG(s) 'example_display_name' retrieved from /home/ubuntu/zilloapi/lib/python3.12/site-packages/airflow/example_dags/example_display_name.py
[2024-08-11T08:30:08.633+0000] {logging_mixin.py:188} INFO - [2024-08-11T08:30:08.633+0000] {override.py:1858} INFO - Created Permission View: can delete on DAG:example_display_name
[2024-08-11T08:30:08.645+0000] {logging_mixin.py:188} INFO - [2024-08-11T08:30:08.645+0000] {override.py:1858} INFO - Created Permission View: can read on DAG:example_display_name
[2024-08-11T08:30:08.656+0000] {logging_mixin.py:188} INFO - [2024-08-11T08:30:08.656+0000] {override.py:1858} INFO - Created Permission View: can edit on DAG:example_display_name
[2024-08-11T08:30:08.656+0000] {logging_mixin.py:188} INFO - [2024-08-11T08:30:08.656+0000] {dag.py:3089} INFO - Sync 1 DAGs
[2024-08-11T08:30:08.663+0000] {logging_mixin.py:188} INFO - [2024-08-11T08:30:08.663+0000] {dag.py:3111} INFO - Creating ORM DAG for example_display_name
[2024-08-11T08:30:08.663+0000] {logging_mixin.py:188} INFO - [2024-08-11T08:30:08.663+0000] {dag.py:3947} INFO - Setting next_dagrun for example_display_name to None, run_after=None
[2024-08-11T08:30:08.684+0000] {processor.py:183} INFO - Processing /home/ubuntu/zilloapi/lib/python3.12/site-packages/airflow/example_dags/example_display_name.py took 0.168 seconds
[2024-08-11T08:30:59.213+0000] {processor.py:161} INFO - Started process (PID=3214) to work on /home/ubuntu/zilloapi/lib/python3.12/site-packages/airflow/example_dags/example_display_name.py
[2024-08-11T08:30:59.215+0000] {processor.py:830} INFO - Processing file /home/ubuntu/zilloapi/lib/python3.12/site-packages/airflow/example_dags/example_display_name.py for tasks to queue
[2024-08-11T08:30:59.216+0000] {logging_mixin.py:188} INFO - [2024-08-11T08:30:59.216+0000] {dagbag.py:545} INFO - Filling up the DagBag from /home/ubuntu/zilloapi/lib/python3.12/site-packages/airflow/example_dags/example_display_name.py
[2024-08-11T08:30:59.222+0000] {processor.py:840} INFO - DAG(s) 'example_display_name' retrieved from /home/ubuntu/zilloapi/lib/python3.12/site-packages/airflow/example_dags/example_display_name.py
[2024-08-11T08:30:59.237+0000] {logging_mixin.py:188} INFO - [2024-08-11T08:30:59.236+0000] {dag.py:3089} INFO - Sync 1 DAGs
[2024-08-11T08:30:59.248+0000] {logging_mixin.py:188} INFO - [2024-08-11T08:30:59.248+0000] {dag.py:3947} INFO - Setting next_dagrun for example_display_name to None, run_after=None
[2024-08-11T08:30:59.269+0000] {processor.py:183} INFO - Processing /home/ubuntu/zilloapi/lib/python3.12/site-packages/airflow/example_dags/example_display_name.py took 0.062 seconds
[2024-08-11T08:31:49.008+0000] {processor.py:161} INFO - Started process (PID=3273) to work on /home/ubuntu/zilloapi/lib/python3.12/site-packages/airflow/example_dags/example_display_name.py
[2024-08-11T08:31:49.011+0000] {processor.py:830} INFO - Processing file /home/ubuntu/zilloapi/lib/python3.12/site-packages/airflow/example_dags/example_display_name.py for tasks to queue
[2024-08-11T08:31:49.012+0000] {logging_mixin.py:188} INFO - [2024-08-11T08:31:49.012+0000] {dagbag.py:545} INFO - Filling up the DagBag from /home/ubuntu/zilloapi/lib/python3.12/site-packages/airflow/example_dags/example_display_name.py
[2024-08-11T08:31:49.018+0000] {processor.py:840} INFO - DAG(s) 'example_display_name' retrieved from /home/ubuntu/zilloapi/lib/python3.12/site-packages/airflow/example_dags/example_display_name.py
[2024-08-11T08:31:49.032+0000] {logging_mixin.py:188} INFO - [2024-08-11T08:31:49.032+0000] {dag.py:3089} INFO - Sync 1 DAGs
[2024-08-11T08:31:49.043+0000] {logging_mixin.py:188} INFO - [2024-08-11T08:31:49.043+0000] {dag.py:3947} INFO - Setting next_dagrun for example_display_name to None, run_after=None
[2024-08-11T08:31:49.062+0000] {processor.py:183} INFO - Processing /home/ubuntu/zilloapi/lib/python3.12/site-packages/airflow/example_dags/example_display_name.py took 0.059 seconds
[2024-08-11T08:32:48.821+0000] {processor.py:161} INFO - Started process (PID=3335) to work on /home/ubuntu/zilloapi/lib/python3.12/site-packages/airflow/example_dags/example_display_name.py
[2024-08-11T08:32:48.824+0000] {processor.py:830} INFO - Processing file /home/ubuntu/zilloapi/lib/python3.12/site-packages/airflow/example_dags/example_display_name.py for tasks to queue
[2024-08-11T08:32:48.825+0000] {logging_mixin.py:188} INFO - [2024-08-11T08:32:48.825+0000] {dagbag.py:545} INFO - Filling up the DagBag from /home/ubuntu/zilloapi/lib/python3.12/site-packages/airflow/example_dags/example_display_name.py
[2024-08-11T08:32:48.832+0000] {processor.py:840} INFO - DAG(s) 'example_display_name' retrieved from /home/ubuntu/zilloapi/lib/python3.12/site-packages/airflow/example_dags/example_display_name.py
[2024-08-11T08:32:48.845+0000] {logging_mixin.py:188} INFO - [2024-08-11T08:32:48.845+0000] {dag.py:3089} INFO - Sync 1 DAGs
[2024-08-11T08:32:48.857+0000] {logging_mixin.py:188} INFO - [2024-08-11T08:32:48.857+0000] {dag.py:3947} INFO - Setting next_dagrun for example_display_name to None, run_after=None
[2024-08-11T08:32:48.881+0000] {processor.py:183} INFO - Processing /home/ubuntu/zilloapi/lib/python3.12/site-packages/airflow/example_dags/example_display_name.py took 0.065 seconds
[2024-08-11T08:33:44.812+0000] {processor.py:161} INFO - Started process (PID=3396) to work on /home/ubuntu/zilloapi/lib/python3.12/site-packages/airflow/example_dags/example_display_name.py
[2024-08-11T08:33:44.814+0000] {processor.py:830} INFO - Processing file /home/ubuntu/zilloapi/lib/python3.12/site-packages/airflow/example_dags/example_display_name.py for tasks to queue
[2024-08-11T08:33:44.816+0000] {logging_mixin.py:188} INFO - [2024-08-11T08:33:44.815+0000] {dagbag.py:545} INFO - Filling up the DagBag from /home/ubuntu/zilloapi/lib/python3.12/site-packages/airflow/example_dags/example_display_name.py
[2024-08-11T08:33:44.821+0000] {processor.py:840} INFO - DAG(s) 'example_display_name' retrieved from /home/ubuntu/zilloapi/lib/python3.12/site-packages/airflow/example_dags/example_display_name.py
[2024-08-11T08:33:44.835+0000] {logging_mixin.py:188} INFO - [2024-08-11T08:33:44.834+0000] {dag.py:3089} INFO - Sync 1 DAGs
[2024-08-11T08:33:44.845+0000] {logging_mixin.py:188} INFO - [2024-08-11T08:33:44.845+0000] {dag.py:3947} INFO - Setting next_dagrun for example_display_name to None, run_after=None
[2024-08-11T08:33:44.869+0000] {processor.py:183} INFO - Processing /home/ubuntu/zilloapi/lib/python3.12/site-packages/airflow/example_dags/example_display_name.py took 0.063 seconds
[2024-08-11T08:34:45.264+0000] {processor.py:161} INFO - Started process (PID=3464) to work on /home/ubuntu/zilloapi/lib/python3.12/site-packages/airflow/example_dags/example_display_name.py
[2024-08-11T08:34:45.266+0000] {processor.py:830} INFO - Processing file /home/ubuntu/zilloapi/lib/python3.12/site-packages/airflow/example_dags/example_display_name.py for tasks to queue
[2024-08-11T08:34:45.267+0000] {logging_mixin.py:188} INFO - [2024-08-11T08:34:45.266+0000] {dagbag.py:545} INFO - Filling up the DagBag from /home/ubuntu/zilloapi/lib/python3.12/site-packages/airflow/example_dags/example_display_name.py
[2024-08-11T08:34:45.273+0000] {processor.py:840} INFO - DAG(s) 'example_display_name' retrieved from /home/ubuntu/zilloapi/lib/python3.12/site-packages/airflow/example_dags/example_display_name.py
[2024-08-11T08:34:45.289+0000] {logging_mixin.py:188} INFO - [2024-08-11T08:34:45.289+0000] {dag.py:3089} INFO - Sync 1 DAGs
[2024-08-11T08:34:45.300+0000] {logging_mixin.py:188} INFO - [2024-08-11T08:34:45.300+0000] {dag.py:3947} INFO - Setting next_dagrun for example_display_name to None, run_after=None
[2024-08-11T08:34:45.323+0000] {processor.py:183} INFO - Processing /home/ubuntu/zilloapi/lib/python3.12/site-packages/airflow/example_dags/example_display_name.py took 0.066 seconds
