[2024-08-11T08:29:36.939+0000] {processor.py:161} INFO - Started process (PID=2859) to work on /home/ubuntu/zilloapi/lib/python3.12/site-packages/airflow/example_dags/tutorial_objectstorage.py
[2024-08-11T08:29:36.940+0000] {processor.py:830} INFO - Processing file /home/ubuntu/zilloapi/lib/python3.12/site-packages/airflow/example_dags/tutorial_objectstorage.py for tasks to queue
[2024-08-11T08:29:36.941+0000] {logging_mixin.py:188} INFO - [2024-08-11T08:29:36.941+0000] {dagbag.py:545} INFO - Filling up the DagBag from /home/ubuntu/zilloapi/lib/python3.12/site-packages/airflow/example_dags/tutorial_objectstorage.py
[2024-08-11T08:29:36.949+0000] {processor.py:840} INFO - DAG(s) 'tutorial_objectstorage' retrieved from /home/ubuntu/zilloapi/lib/python3.12/site-packages/airflow/example_dags/tutorial_objectstorage.py
[2024-08-11T08:29:37.067+0000] {logging_mixin.py:188} INFO - [2024-08-11T08:29:37.067+0000] {override.py:1858} INFO - Created Permission View: can delete on DAG:tutorial_objectstorage
[2024-08-11T08:29:37.082+0000] {logging_mixin.py:188} INFO - [2024-08-11T08:29:37.081+0000] {override.py:1858} INFO - Created Permission View: can read on DAG:tutorial_objectstorage
[2024-08-11T08:29:37.103+0000] {logging_mixin.py:188} INFO - [2024-08-11T08:29:37.103+0000] {override.py:1858} INFO - Created Permission View: can edit on DAG:tutorial_objectstorage
[2024-08-11T08:29:37.104+0000] {logging_mixin.py:188} INFO - [2024-08-11T08:29:37.104+0000] {dag.py:3089} INFO - Sync 1 DAGs
[2024-08-11T08:29:37.116+0000] {logging_mixin.py:188} INFO - [2024-08-11T08:29:37.115+0000] {dag.py:3111} INFO - Creating ORM DAG for tutorial_objectstorage
[2024-08-11T08:29:37.116+0000] {logging_mixin.py:188} INFO - [2024-08-11T08:29:37.116+0000] {dag.py:3947} INFO - Setting next_dagrun for tutorial_objectstorage to None, run_after=None
[2024-08-11T08:29:37.157+0000] {processor.py:183} INFO - Processing /home/ubuntu/zilloapi/lib/python3.12/site-packages/airflow/example_dags/tutorial_objectstorage.py took 0.223 seconds
[2024-08-11T08:30:31.864+0000] {processor.py:161} INFO - Started process (PID=3015) to work on /home/ubuntu/zilloapi/lib/python3.12/site-packages/airflow/example_dags/tutorial_objectstorage.py
[2024-08-11T08:30:31.866+0000] {processor.py:830} INFO - Processing file /home/ubuntu/zilloapi/lib/python3.12/site-packages/airflow/example_dags/tutorial_objectstorage.py for tasks to queue
[2024-08-11T08:30:31.868+0000] {logging_mixin.py:188} INFO - [2024-08-11T08:30:31.868+0000] {dagbag.py:545} INFO - Filling up the DagBag from /home/ubuntu/zilloapi/lib/python3.12/site-packages/airflow/example_dags/tutorial_objectstorage.py
[2024-08-11T08:30:31.876+0000] {processor.py:840} INFO - DAG(s) 'tutorial_objectstorage' retrieved from /home/ubuntu/zilloapi/lib/python3.12/site-packages/airflow/example_dags/tutorial_objectstorage.py
[2024-08-11T08:30:31.889+0000] {logging_mixin.py:188} INFO - [2024-08-11T08:30:31.889+0000] {dag.py:3089} INFO - Sync 1 DAGs
[2024-08-11T08:30:31.901+0000] {logging_mixin.py:188} INFO - [2024-08-11T08:30:31.900+0000] {dag.py:3947} INFO - Setting next_dagrun for tutorial_objectstorage to None, run_after=None
[2024-08-11T08:30:31.923+0000] {processor.py:183} INFO - Processing /home/ubuntu/zilloapi/lib/python3.12/site-packages/airflow/example_dags/tutorial_objectstorage.py took 0.064 seconds
[2024-08-11T08:31:14.632+0000] {processor.py:161} INFO - Started process (PID=3229) to work on /home/ubuntu/zilloapi/lib/python3.12/site-packages/airflow/example_dags/tutorial_objectstorage.py
[2024-08-11T08:31:14.634+0000] {processor.py:830} INFO - Processing file /home/ubuntu/zilloapi/lib/python3.12/site-packages/airflow/example_dags/tutorial_objectstorage.py for tasks to queue
[2024-08-11T08:31:14.635+0000] {logging_mixin.py:188} INFO - [2024-08-11T08:31:14.635+0000] {dagbag.py:545} INFO - Filling up the DagBag from /home/ubuntu/zilloapi/lib/python3.12/site-packages/airflow/example_dags/tutorial_objectstorage.py
[2024-08-11T08:31:14.641+0000] {processor.py:840} INFO - DAG(s) 'tutorial_objectstorage' retrieved from /home/ubuntu/zilloapi/lib/python3.12/site-packages/airflow/example_dags/tutorial_objectstorage.py
[2024-08-11T08:31:14.652+0000] {logging_mixin.py:188} INFO - [2024-08-11T08:31:14.652+0000] {dag.py:3089} INFO - Sync 1 DAGs
[2024-08-11T08:31:14.660+0000] {logging_mixin.py:188} INFO - [2024-08-11T08:31:14.660+0000] {dag.py:3947} INFO - Setting next_dagrun for tutorial_objectstorage to None, run_after=None
[2024-08-11T08:31:14.677+0000] {processor.py:183} INFO - Processing /home/ubuntu/zilloapi/lib/python3.12/site-packages/airflow/example_dags/tutorial_objectstorage.py took 0.050 seconds
[2024-08-11T08:31:55.687+0000] {processor.py:161} INFO - Started process (PID=3281) to work on /home/ubuntu/zilloapi/lib/python3.12/site-packages/airflow/example_dags/tutorial_objectstorage.py
[2024-08-11T08:31:55.690+0000] {processor.py:830} INFO - Processing file /home/ubuntu/zilloapi/lib/python3.12/site-packages/airflow/example_dags/tutorial_objectstorage.py for tasks to queue
[2024-08-11T08:31:55.691+0000] {logging_mixin.py:188} INFO - [2024-08-11T08:31:55.691+0000] {dagbag.py:545} INFO - Filling up the DagBag from /home/ubuntu/zilloapi/lib/python3.12/site-packages/airflow/example_dags/tutorial_objectstorage.py
[2024-08-11T08:31:55.699+0000] {processor.py:840} INFO - DAG(s) 'tutorial_objectstorage' retrieved from /home/ubuntu/zilloapi/lib/python3.12/site-packages/airflow/example_dags/tutorial_objectstorage.py
[2024-08-11T08:31:55.713+0000] {logging_mixin.py:188} INFO - [2024-08-11T08:31:55.713+0000] {dag.py:3089} INFO - Sync 1 DAGs
[2024-08-11T08:31:55.724+0000] {logging_mixin.py:188} INFO - [2024-08-11T08:31:55.724+0000] {dag.py:3947} INFO - Setting next_dagrun for tutorial_objectstorage to None, run_after=None
[2024-08-11T08:31:55.746+0000] {processor.py:183} INFO - Processing /home/ubuntu/zilloapi/lib/python3.12/site-packages/airflow/example_dags/tutorial_objectstorage.py took 0.065 seconds
[2024-08-11T08:32:35.686+0000] {processor.py:161} INFO - Started process (PID=3321) to work on /home/ubuntu/zilloapi/lib/python3.12/site-packages/airflow/example_dags/tutorial_objectstorage.py
[2024-08-11T08:32:35.688+0000] {processor.py:830} INFO - Processing file /home/ubuntu/zilloapi/lib/python3.12/site-packages/airflow/example_dags/tutorial_objectstorage.py for tasks to queue
[2024-08-11T08:32:35.690+0000] {logging_mixin.py:188} INFO - [2024-08-11T08:32:35.689+0000] {dagbag.py:545} INFO - Filling up the DagBag from /home/ubuntu/zilloapi/lib/python3.12/site-packages/airflow/example_dags/tutorial_objectstorage.py
[2024-08-11T08:32:35.697+0000] {processor.py:840} INFO - DAG(s) 'tutorial_objectstorage' retrieved from /home/ubuntu/zilloapi/lib/python3.12/site-packages/airflow/example_dags/tutorial_objectstorage.py
[2024-08-11T08:32:35.712+0000] {logging_mixin.py:188} INFO - [2024-08-11T08:32:35.712+0000] {dag.py:3089} INFO - Sync 1 DAGs
[2024-08-11T08:32:35.721+0000] {logging_mixin.py:188} INFO - [2024-08-11T08:32:35.721+0000] {dag.py:3947} INFO - Setting next_dagrun for tutorial_objectstorage to None, run_after=None
[2024-08-11T08:32:35.746+0000] {processor.py:183} INFO - Processing /home/ubuntu/zilloapi/lib/python3.12/site-packages/airflow/example_dags/tutorial_objectstorage.py took 0.066 seconds
[2024-08-11T08:33:16.213+0000] {processor.py:161} INFO - Started process (PID=3364) to work on /home/ubuntu/zilloapi/lib/python3.12/site-packages/airflow/example_dags/tutorial_objectstorage.py
[2024-08-11T08:33:16.216+0000] {processor.py:830} INFO - Processing file /home/ubuntu/zilloapi/lib/python3.12/site-packages/airflow/example_dags/tutorial_objectstorage.py for tasks to queue
[2024-08-11T08:33:16.217+0000] {logging_mixin.py:188} INFO - [2024-08-11T08:33:16.217+0000] {dagbag.py:545} INFO - Filling up the DagBag from /home/ubuntu/zilloapi/lib/python3.12/site-packages/airflow/example_dags/tutorial_objectstorage.py
[2024-08-11T08:33:16.225+0000] {processor.py:840} INFO - DAG(s) 'tutorial_objectstorage' retrieved from /home/ubuntu/zilloapi/lib/python3.12/site-packages/airflow/example_dags/tutorial_objectstorage.py
[2024-08-11T08:33:16.240+0000] {logging_mixin.py:188} INFO - [2024-08-11T08:33:16.240+0000] {dag.py:3089} INFO - Sync 1 DAGs
[2024-08-11T08:33:16.251+0000] {logging_mixin.py:188} INFO - [2024-08-11T08:33:16.251+0000] {dag.py:3947} INFO - Setting next_dagrun for tutorial_objectstorage to None, run_after=None
[2024-08-11T08:33:16.273+0000] {processor.py:183} INFO - Processing /home/ubuntu/zilloapi/lib/python3.12/site-packages/airflow/example_dags/tutorial_objectstorage.py took 0.066 seconds
[2024-08-11T08:33:52.826+0000] {processor.py:161} INFO - Started process (PID=3405) to work on /home/ubuntu/zilloapi/lib/python3.12/site-packages/airflow/example_dags/tutorial_objectstorage.py
[2024-08-11T08:33:52.828+0000] {processor.py:830} INFO - Processing file /home/ubuntu/zilloapi/lib/python3.12/site-packages/airflow/example_dags/tutorial_objectstorage.py for tasks to queue
[2024-08-11T08:33:52.829+0000] {logging_mixin.py:188} INFO - [2024-08-11T08:33:52.829+0000] {dagbag.py:545} INFO - Filling up the DagBag from /home/ubuntu/zilloapi/lib/python3.12/site-packages/airflow/example_dags/tutorial_objectstorage.py
[2024-08-11T08:33:52.838+0000] {processor.py:840} INFO - DAG(s) 'tutorial_objectstorage' retrieved from /home/ubuntu/zilloapi/lib/python3.12/site-packages/airflow/example_dags/tutorial_objectstorage.py
[2024-08-11T08:33:52.851+0000] {logging_mixin.py:188} INFO - [2024-08-11T08:33:52.851+0000] {dag.py:3089} INFO - Sync 1 DAGs
[2024-08-11T08:33:52.862+0000] {logging_mixin.py:188} INFO - [2024-08-11T08:33:52.861+0000] {dag.py:3947} INFO - Setting next_dagrun for tutorial_objectstorage to None, run_after=None
[2024-08-11T08:33:52.886+0000] {processor.py:183} INFO - Processing /home/ubuntu/zilloapi/lib/python3.12/site-packages/airflow/example_dags/tutorial_objectstorage.py took 0.066 seconds
[2024-08-11T08:34:33.524+0000] {processor.py:161} INFO - Started process (PID=3449) to work on /home/ubuntu/zilloapi/lib/python3.12/site-packages/airflow/example_dags/tutorial_objectstorage.py
[2024-08-11T08:34:33.525+0000] {processor.py:830} INFO - Processing file /home/ubuntu/zilloapi/lib/python3.12/site-packages/airflow/example_dags/tutorial_objectstorage.py for tasks to queue
[2024-08-11T08:34:33.527+0000] {logging_mixin.py:188} INFO - [2024-08-11T08:34:33.527+0000] {dagbag.py:545} INFO - Filling up the DagBag from /home/ubuntu/zilloapi/lib/python3.12/site-packages/airflow/example_dags/tutorial_objectstorage.py
[2024-08-11T08:34:33.535+0000] {processor.py:840} INFO - DAG(s) 'tutorial_objectstorage' retrieved from /home/ubuntu/zilloapi/lib/python3.12/site-packages/airflow/example_dags/tutorial_objectstorage.py
[2024-08-11T08:34:33.549+0000] {logging_mixin.py:188} INFO - [2024-08-11T08:34:33.549+0000] {dag.py:3089} INFO - Sync 1 DAGs
[2024-08-11T08:34:33.560+0000] {logging_mixin.py:188} INFO - [2024-08-11T08:34:33.559+0000] {dag.py:3947} INFO - Setting next_dagrun for tutorial_objectstorage to None, run_after=None
[2024-08-11T08:34:33.581+0000] {processor.py:183} INFO - Processing /home/ubuntu/zilloapi/lib/python3.12/site-packages/airflow/example_dags/tutorial_objectstorage.py took 0.063 seconds
