[2024-08-11T08:29:39.550+0000] {processor.py:161} INFO - Started process (PID=2861) to work on /home/ubuntu/zilloapi/lib/python3.12/site-packages/airflow/example_dags/plugins/listener_plugin.py
[2024-08-11T08:29:39.552+0000] {processor.py:830} INFO - Processing file /home/ubuntu/zilloapi/lib/python3.12/site-packages/airflow/example_dags/plugins/listener_plugin.py for tasks to queue
[2024-08-11T08:29:39.553+0000] {logging_mixin.py:188} INFO - [2024-08-11T08:29:39.553+0000] {dagbag.py:545} INFO - Filling up the DagBag from /home/ubuntu/zilloapi/lib/python3.12/site-packages/airflow/example_dags/plugins/listener_plugin.py
[2024-08-11T08:29:39.555+0000] {processor.py:842} WARNING - No viable dags retrieved from /home/ubuntu/zilloapi/lib/python3.12/site-packages/airflow/example_dags/plugins/listener_plugin.py
[2024-08-11T08:29:39.810+0000] {processor.py:183} INFO - Processing /home/ubuntu/zilloapi/lib/python3.12/site-packages/airflow/example_dags/plugins/listener_plugin.py took 0.265 seconds
[2024-08-11T08:30:33.506+0000] {processor.py:161} INFO - Started process (PID=3017) to work on /home/ubuntu/zilloapi/lib/python3.12/site-packages/airflow/example_dags/plugins/listener_plugin.py
[2024-08-11T08:30:33.508+0000] {processor.py:830} INFO - Processing file /home/ubuntu/zilloapi/lib/python3.12/site-packages/airflow/example_dags/plugins/listener_plugin.py for tasks to queue
[2024-08-11T08:30:33.509+0000] {logging_mixin.py:188} INFO - [2024-08-11T08:30:33.509+0000] {dagbag.py:545} INFO - Filling up the DagBag from /home/ubuntu/zilloapi/lib/python3.12/site-packages/airflow/example_dags/plugins/listener_plugin.py
[2024-08-11T08:30:33.511+0000] {processor.py:842} WARNING - No viable dags retrieved from /home/ubuntu/zilloapi/lib/python3.12/site-packages/airflow/example_dags/plugins/listener_plugin.py
[2024-08-11T08:30:33.522+0000] {processor.py:183} INFO - Processing /home/ubuntu/zilloapi/lib/python3.12/site-packages/airflow/example_dags/plugins/listener_plugin.py took 0.022 seconds
[2024-08-11T08:31:16.345+0000] {processor.py:161} INFO - Started process (PID=3231) to work on /home/ubuntu/zilloapi/lib/python3.12/site-packages/airflow/example_dags/plugins/listener_plugin.py
[2024-08-11T08:31:16.347+0000] {processor.py:830} INFO - Processing file /home/ubuntu/zilloapi/lib/python3.12/site-packages/airflow/example_dags/plugins/listener_plugin.py for tasks to queue
[2024-08-11T08:31:16.348+0000] {logging_mixin.py:188} INFO - [2024-08-11T08:31:16.348+0000] {dagbag.py:545} INFO - Filling up the DagBag from /home/ubuntu/zilloapi/lib/python3.12/site-packages/airflow/example_dags/plugins/listener_plugin.py
[2024-08-11T08:31:16.351+0000] {processor.py:842} WARNING - No viable dags retrieved from /home/ubuntu/zilloapi/lib/python3.12/site-packages/airflow/example_dags/plugins/listener_plugin.py
[2024-08-11T08:31:16.361+0000] {processor.py:183} INFO - Processing /home/ubuntu/zilloapi/lib/python3.12/site-packages/airflow/example_dags/plugins/listener_plugin.py took 0.022 seconds
[2024-08-11T08:31:57.952+0000] {processor.py:161} INFO - Started process (PID=3283) to work on /home/ubuntu/zilloapi/lib/python3.12/site-packages/airflow/example_dags/plugins/listener_plugin.py
[2024-08-11T08:31:57.954+0000] {processor.py:830} INFO - Processing file /home/ubuntu/zilloapi/lib/python3.12/site-packages/airflow/example_dags/plugins/listener_plugin.py for tasks to queue
[2024-08-11T08:31:57.955+0000] {logging_mixin.py:188} INFO - [2024-08-11T08:31:57.955+0000] {dagbag.py:545} INFO - Filling up the DagBag from /home/ubuntu/zilloapi/lib/python3.12/site-packages/airflow/example_dags/plugins/listener_plugin.py
[2024-08-11T08:31:57.957+0000] {processor.py:842} WARNING - No viable dags retrieved from /home/ubuntu/zilloapi/lib/python3.12/site-packages/airflow/example_dags/plugins/listener_plugin.py
[2024-08-11T08:31:57.969+0000] {processor.py:183} INFO - Processing /home/ubuntu/zilloapi/lib/python3.12/site-packages/airflow/example_dags/plugins/listener_plugin.py took 0.023 seconds
[2024-08-11T08:32:37.383+0000] {processor.py:161} INFO - Started process (PID=3323) to work on /home/ubuntu/zilloapi/lib/python3.12/site-packages/airflow/example_dags/plugins/listener_plugin.py
[2024-08-11T08:32:37.385+0000] {processor.py:830} INFO - Processing file /home/ubuntu/zilloapi/lib/python3.12/site-packages/airflow/example_dags/plugins/listener_plugin.py for tasks to queue
[2024-08-11T08:32:37.386+0000] {logging_mixin.py:188} INFO - [2024-08-11T08:32:37.386+0000] {dagbag.py:545} INFO - Filling up the DagBag from /home/ubuntu/zilloapi/lib/python3.12/site-packages/airflow/example_dags/plugins/listener_plugin.py
[2024-08-11T08:32:37.389+0000] {processor.py:842} WARNING - No viable dags retrieved from /home/ubuntu/zilloapi/lib/python3.12/site-packages/airflow/example_dags/plugins/listener_plugin.py
[2024-08-11T08:32:37.400+0000] {processor.py:183} INFO - Processing /home/ubuntu/zilloapi/lib/python3.12/site-packages/airflow/example_dags/plugins/listener_plugin.py took 0.023 seconds
[2024-08-11T08:33:17.955+0000] {processor.py:161} INFO - Started process (PID=3367) to work on /home/ubuntu/zilloapi/lib/python3.12/site-packages/airflow/example_dags/plugins/listener_plugin.py
[2024-08-11T08:33:17.957+0000] {processor.py:830} INFO - Processing file /home/ubuntu/zilloapi/lib/python3.12/site-packages/airflow/example_dags/plugins/listener_plugin.py for tasks to queue
[2024-08-11T08:33:17.959+0000] {logging_mixin.py:188} INFO - [2024-08-11T08:33:17.958+0000] {dagbag.py:545} INFO - Filling up the DagBag from /home/ubuntu/zilloapi/lib/python3.12/site-packages/airflow/example_dags/plugins/listener_plugin.py
[2024-08-11T08:33:17.961+0000] {processor.py:842} WARNING - No viable dags retrieved from /home/ubuntu/zilloapi/lib/python3.12/site-packages/airflow/example_dags/plugins/listener_plugin.py
[2024-08-11T08:33:17.972+0000] {processor.py:183} INFO - Processing /home/ubuntu/zilloapi/lib/python3.12/site-packages/airflow/example_dags/plugins/listener_plugin.py took 0.023 seconds
[2024-08-11T08:33:55.106+0000] {processor.py:161} INFO - Started process (PID=3407) to work on /home/ubuntu/zilloapi/lib/python3.12/site-packages/airflow/example_dags/plugins/listener_plugin.py
[2024-08-11T08:33:55.107+0000] {processor.py:830} INFO - Processing file /home/ubuntu/zilloapi/lib/python3.12/site-packages/airflow/example_dags/plugins/listener_plugin.py for tasks to queue
[2024-08-11T08:33:55.109+0000] {logging_mixin.py:188} INFO - [2024-08-11T08:33:55.108+0000] {dagbag.py:545} INFO - Filling up the DagBag from /home/ubuntu/zilloapi/lib/python3.12/site-packages/airflow/example_dags/plugins/listener_plugin.py
[2024-08-11T08:33:55.112+0000] {processor.py:842} WARNING - No viable dags retrieved from /home/ubuntu/zilloapi/lib/python3.12/site-packages/airflow/example_dags/plugins/listener_plugin.py
[2024-08-11T08:33:55.122+0000] {processor.py:183} INFO - Processing /home/ubuntu/zilloapi/lib/python3.12/site-packages/airflow/example_dags/plugins/listener_plugin.py took 0.022 seconds
[2024-08-11T08:34:35.125+0000] {processor.py:161} INFO - Started process (PID=3452) to work on /home/ubuntu/zilloapi/lib/python3.12/site-packages/airflow/example_dags/plugins/listener_plugin.py
[2024-08-11T08:34:35.127+0000] {processor.py:830} INFO - Processing file /home/ubuntu/zilloapi/lib/python3.12/site-packages/airflow/example_dags/plugins/listener_plugin.py for tasks to queue
[2024-08-11T08:34:35.127+0000] {logging_mixin.py:188} INFO - [2024-08-11T08:34:35.127+0000] {dagbag.py:545} INFO - Filling up the DagBag from /home/ubuntu/zilloapi/lib/python3.12/site-packages/airflow/example_dags/plugins/listener_plugin.py
[2024-08-11T08:34:35.129+0000] {processor.py:842} WARNING - No viable dags retrieved from /home/ubuntu/zilloapi/lib/python3.12/site-packages/airflow/example_dags/plugins/listener_plugin.py
[2024-08-11T08:34:35.140+0000] {processor.py:183} INFO - Processing /home/ubuntu/zilloapi/lib/python3.12/site-packages/airflow/example_dags/plugins/listener_plugin.py took 0.021 seconds
