[2024-08-13T08:53:04.617+0000] {local_task_job_runner.py:120} INFO - ::group::Pre task execution logs
[2024-08-13T08:53:04.629+0000] {taskinstance.py:2076} INFO - Dependencies all met for dep_context=non-requeueable deps ti=<TaskInstance: Zillow_Analytics_DAG.transfer_s3_to_redshift scheduled__2024-08-12T00:00:00+00:00 [queued]>
[2024-08-13T08:53:04.635+0000] {taskinstance.py:2076} INFO - Dependencies all met for dep_context=requeueable deps ti=<TaskInstance: Zillow_Analytics_DAG.transfer_s3_to_redshift scheduled__2024-08-12T00:00:00+00:00 [queued]>
[2024-08-13T08:53:04.636+0000] {taskinstance.py:2306} INFO - Starting attempt 1 of 3
[2024-08-13T08:53:04.653+0000] {taskinstance.py:2330} INFO - Executing <Task(S3ToRedshiftOperator): transfer_s3_to_redshift> on 2024-08-12 00:00:00+00:00
[2024-08-13T08:53:04.657+0000] {standard_task_runner.py:64} INFO - Started process 17815 to run task
[2024-08-13T08:53:04.659+0000] {standard_task_runner.py:90} INFO - Running: ['airflow', 'tasks', 'run', 'Zillow_Analytics_DAG', 'transfer_s3_to_redshift', 'scheduled__2024-08-12T00:00:00+00:00', '--job-id', '101', '--raw', '--subdir', 'DAGS_FOLDER/zillowrapidapi.py', '--cfg-path', '/tmp/tmp5hwg1wuy']
[2024-08-13T08:53:04.660+0000] {standard_task_runner.py:91} INFO - Job 101: Subtask transfer_s3_to_redshift
[2024-08-13T08:53:04.699+0000] {task_command.py:426} INFO - Running <TaskInstance: Zillow_Analytics_DAG.transfer_s3_to_redshift scheduled__2024-08-12T00:00:00+00:00 [running]> on host ip-172-31-11-55.ap-south-1.compute.internal
[2024-08-13T08:53:04.775+0000] {taskinstance.py:2648} INFO - Exporting env vars: AIRFLOW_CTX_DAG_EMAIL='vkkr800@gmail.com' AIRFLOW_CTX_DAG_OWNER='airflow' AIRFLOW_CTX_DAG_ID='Zillow_Analytics_DAG' AIRFLOW_CTX_TASK_ID='transfer_s3_to_redshift' AIRFLOW_CTX_EXECUTION_DATE='2024-08-12T00:00:00+00:00' AIRFLOW_CTX_TRY_NUMBER='1' AIRFLOW_CTX_DAG_RUN_ID='scheduled__2024-08-12T00:00:00+00:00'
[2024-08-13T08:53:04.776+0000] {taskinstance.py:430} INFO - ::endgroup::
[2024-08-13T08:53:04.792+0000] {base.py:84} INFO - Using connection ID 'aws_s3_conn' for task execution.
[2024-08-13T08:53:04.794+0000] {base.py:84} INFO - Using connection ID 'aws_s3_conn' for task execution.
[2024-08-13T08:53:04.795+0000] {connection_wrapper.py:388} INFO - AWS Connection (conn_id='aws_s3_conn', conn_type='aws') credentials retrieved from login and password.
[2024-08-13T08:53:04.803+0000] {s3_to_redshift.py:194} INFO - Executing COPY command...
[2024-08-13T08:53:04.806+0000] {base.py:84} INFO - Using connection ID 'conn_id_redshift' for task execution.
[2024-08-13T08:53:06.214+0000] {sql.py:509} INFO - Running statement: 
                    COPY PUBLIC.zillowdata 
                    FROM 's3://zillow-api-third-bucket/response_data_13082024085242.csv'
                    credentials
                    'aws_access_key_id=AKIA4MTWL3GXDHUYEJWA;aws_secret_access_key=***'
                    
                    csv IGNOREHEADER 1;
        , parameters: None
[2024-08-13T08:53:25.118+0000] {s3_to_redshift.py:199} INFO - COPY command complete...
[2024-08-13T08:53:25.119+0000] {taskinstance.py:441} INFO - ::group::Post task execution logs
[2024-08-13T08:53:25.124+0000] {taskinstance.py:1206} INFO - Marking task as SUCCESS. dag_id=Zillow_Analytics_DAG, task_id=transfer_s3_to_redshift, run_id=scheduled__2024-08-12T00:00:00+00:00, execution_date=20240812T000000, start_date=20240813T085304, end_date=20240813T085325
[2024-08-13T08:53:25.146+0000] {local_task_job_runner.py:243} INFO - Task exited with return code 0
[2024-08-13T08:53:25.154+0000] {taskinstance.py:3503} INFO - 0 downstream tasks scheduled from follow-on schedule check
[2024-08-13T08:53:25.154+0000] {local_task_job_runner.py:222} INFO - ::endgroup::
